"E:/Unreal Projects/BaseBlank/BaseBlank.uproject" 1
"../../../Engine/Plugins/2D/Paper2D/Paper2D.uplugin" 2
"../../../Engine/Plugins/Developer/BlankPlugin/BlankPlugin.uplugin" 3
"../../../Engine/Plugins/Developer/PerforceSourceControl/PerforceSourceControl.uplugin" 4
"../../../Engine/Plugins/Developer/SubversionSourceControl/SubversionSourceControl.uplugin" 5
"../../../Engine/Plugins/Developer/UObjectPlugin/UObjectPlugin.uplugin" 6
"../../../Engine/Plugins/Developer/VisualStudioSourceCodeAccess/VisualStudioSourceCodeAccess.uplugin" 7
"../../../Engine/Plugins/Developer/XCodeSourceCodeAccess/XCodeSourceCodeAccess.uplugin" 8
"../../../Engine/Plugins/Editor/EpicSurvey/EpicSurvey.uplugin" 9
"../../../Engine/Plugins/Editor/MacGraphicsSwitching/MacGraphicsSwitching.uplugin" 10
"../../../Engine/Plugins/Editor/PluginsEditor/PluginsEditor.uplugin" 11
"../../../Engine/Plugins/Editor/SpeedTreeImporter/SpeedTreeImporter.uplugin" 12
"../../../Engine/Plugins/Experimental/BlueprintStats/BlueprintStats.uplugin" 13
"../../../Engine/Plugins/Experimental/CharacterAI/CharacterAI.uplugin" 14
"../../../Engine/Plugins/Experimental/CodeView/CodeView.uplugin" 15
"../../../Engine/Plugins/Experimental/LiveEditor/LiveEditor.uplugin" 16
"../../../Engine/Plugins/Experimental/Phya/Phya.uplugin" 17
"../../../Engine/Plugins/Experimental/SteamVR/SteamVR.uplugin" 18
"../../../Engine/Plugins/Media/AvfMedia/AvfMedia.uplugin" 19
"../../../Engine/Plugins/Media/MediaPlayerEditor/MediaPlayerEditor.uplugin" 20
"../../../Engine/Plugins/Media/WmfMedia/WmfMedia.uplugin" 21
"../../../Engine/Plugins/Messaging/MessagingDebugger/MessagingDebugger.uplugin" 22
"../../../Engine/Plugins/Messaging/ShmMessaging/ShmMessaging.uplugin" 23
"../../../Engine/Plugins/Messaging/UdpMessaging/UdpMessaging.uplugin" 24
"../../../Engine/Plugins/Runtime/Advertising/IOSTapJoy/IOSTapJoy.uplugin" 25
"../../../Engine/Plugins/Runtime/Analytics/AnalyticsBlueprintLibrary/AnalyticsBlueprintLibrary.uplugin" 26
"../../../Engine/Plugins/Runtime/Analytics/Apsalar/IOSApsalar/IOSApsalar.uplugin" 27
"../../../Engine/Plugins/Runtime/Analytics/FileLogging/FileLogging.uplugin" 28
"../../../Engine/Plugins/Runtime/AndroidDeviceProfileSelector/AndroidDeviceProfileSelector.uplugin" 29
"../../../Engine/Plugins/Runtime/AppleMoviePlayer/AppleMoviePlayer.uplugin" 30
"../../../Engine/Plugins/Runtime/CableComponent/CableComponent.uplugin" 31
"../../../Engine/Plugins/Runtime/CustomMeshComponent/CustomMeshComponent.uplugin" 32
"../../../Engine/Plugins/Runtime/ExampleDeviceProfileSelector/ExampleDeviceProfileSelector.uplugin" 33
"../../../Engine/Plugins/Runtime/IOSDeviceProfileSelector/IOSDeviceProfileSelector.uplugin" 34
"../../../Engine/Plugins/Runtime/LiveEditorListenServer/LiveEditorListenServer.uplugin" 35
"../../../Engine/Plugins/Runtime/OculusRift/OculusRift.uplugin" 36
"../../../Engine/Plugins/Runtime/SoundMod/SoundMod.uplugin" 37
"../../../Engine/Plugins/Runtime/SoundVisualizations/SoundVisualizations.uplugin" 38
"../../../Engine/Plugins/Runtime/TwitchLiveStreaming/TwitchLiveStreaming.uplugin" 39
"../../../Engine/Plugins/Runtime/WindowsDeviceProfileSelector/WindowsDeviceProfileSelector.uplugin" 40
"../../../Engine/Plugins/Runtime/WindowsMoviePlayer/WindowsMoviePlayer.uplugin" 41
"../../../Engine/Plugins/ScriptGeneratorPlugin/ScriptGeneratorPlugin.uplugin" 42
"../../../Engine/Plugins/ScriptPlugin/ScriptPlugin.uplugin" 43
"../../../Engine/Plugins/Slate/SlateRemote/SlateRemote.uplugin" 44
"..\..\..\Engine\Content\Internationalization\icudt53l\cnvalias.icu" 45
"..\..\..\Engine\Content\Internationalization\icudt53l\en_US_POSIX.res" 46
"..\..\..\Engine\Content\Internationalization\icudt53l\pool.res" 47
"..\..\..\Engine\Content\Internationalization\icudt53l\en_US.res" 48
"..\..\..\Engine\Content\Internationalization\icudt53l\en.res" 49
"..\..\..\Engine\Content\Internationalization\icudt53l\root.res" 50
"..\..\..\Engine\Content\Internationalization\icudt53l\coll\ucadata.icu" 51
"..\..\..\Engine\Content\Internationalization\icudt53l\nfc.nrm" 52
"..\..\..\Engine\Content\Internationalization\icudt53l\coll\en_US_POSIX.res" 53
"..\..\..\Engine\Content\Internationalization\icudt53l\coll\en_US.res" 54
"..\..\..\Engine\Content\Internationalization\icudt53l\coll\en.res" 55
"..\..\..\Engine\Content\Internationalization\icudt53l\coll\root.res" 56
"..\..\..\Engine\Content\Internationalization\icudt53l\numberingSystems.res" 57
"..\..\..\Engine\Content\Internationalization\icudt53l\curr\supplementalData.res" 58
"..\..\..\Engine\Content\Internationalization\icudt53l\curr\pool.res" 59
"..\..\..\Engine\Content\Internationalization\icudt53l\curr\en.res" 60
"..\..\..\Engine\Content\Internationalization\icudt53l\curr\root.res" 61
"..\..\..\Engine\Content\Internationalization\icudt53l\plurals.res" 62
"..\..\..\Engine\Content\Internationalization\icudt53l\windowsZones.res" 63
"..\..\..\Engine\Content\Internationalization\icudt53l\zoneinfo64.res" 64
"..\..\..\Engine\Content\Internationalization\icudt53l\keyTypeData.res" 65
"..\..\..\Engine\Content\Internationalization\icudt53l\timezoneTypes.res" 66
"..\..\..\Engine\Content\Internationalization\icudt53l\supplementalData.res" 67
"..\..\..\Engine\Content\Internationalization\icudt53l\likelySubtags.res" 68
"../../../Engine/Config/Base.ini" 69
"../../../Engine/Config/BaseEngine.ini" 70
"../../../../BaseBlank/Config/DefaultEngine.ini" 71
"../../../Engine/Config/Windows/WindowsEngine.ini" 72
"E:/Unreal Projects/BaseBlank/Saved/Config/Windows/Engine.ini" 73
"../../../../BaseBlank/Saved/Config/CleanSourceConfigs/Engine.ini" 74
"../../../Engine/Config/BaseGame.ini" 75
"../../../../BaseBlank/Config/DefaultGame.ini" 76
"E:/Unreal Projects/BaseBlank/Saved/Config/Windows/Game.ini" 77
"../../../../BaseBlank/Saved/Config/CleanSourceConfigs/Game.ini" 78
"../../../Engine/Config/BaseInput.ini" 79
"../../../../BaseBlank/Config/DefaultInput.ini" 80
"E:/Unreal Projects/BaseBlank/Saved/Config/Windows/Input.ini" 81
"../../../../BaseBlank/Saved/Config/CleanSourceConfigs/Input.ini" 82
"../../../Engine/Config/BaseEditor.ini" 83
"../../../../BaseBlank/Config/DefaultEditor.ini" 84
"E:/Unreal Projects/BaseBlank/Saved/Config/Windows/Editor.ini" 85
"../../../../BaseBlank/Saved/Config/CleanSourceConfigs/Editor.ini" 86
"../../../Engine/Config/BaseEditorLayout.ini" 87
"E:/Unreal Projects/BaseBlank/Saved/Config/Windows/EditorLayout.ini" 88
"../../../../BaseBlank/Saved/Config/CleanSourceConfigs/EditorLayout.ini" 89
"../../../Engine/Config/BaseEditorUserSettings.ini" 90
"E:/Unreal Projects/BaseBlank/Saved/Config/Windows/EditorUserSettings.ini" 91
"../../../../BaseBlank/Saved/Config/CleanSourceConfigs/EditorUserSettings.ini" 92
"../../../Engine/Config/BaseEditorKeyBindings.ini" 93
"E:/Unreal Projects/BaseBlank/Saved/Config/Windows/EditorKeyBindings.ini" 94
"../../../../BaseBlank/Saved/Config/CleanSourceConfigs/EditorKeyBindings.ini" 95
"../../../Engine/Config/BaseCompat.ini" 96
"E:/Unreal Projects/BaseBlank/Saved/Config/Windows/Compat.ini" 97
"../../../../BaseBlank/Saved/Config/CleanSourceConfigs/Compat.ini" 98
"../../../Engine/Config/BaseLightmass.ini" 99
"E:/Unreal Projects/BaseBlank/Saved/Config/Windows/Lightmass.ini" 100
"../../../../BaseBlank/Saved/Config/CleanSourceConfigs/Lightmass.ini" 101
"../../../Engine/Config/BaseScalability.ini" 102
"E:/Unreal Projects/BaseBlank/Saved/Config/Windows/Scalability.ini" 103
"../../../../BaseBlank/Saved/Config/CleanSourceConfigs/Scalability.ini" 104
"E:/Unreal Projects/BaseBlank/Saved/Config/Windows/GameUserSettings.ini" 105
"../../../../BaseBlank/Saved/Config/CleanSourceConfigs/GameUserSettings.ini" 106
"../../../Engine/Config/BaseDeviceProfiles.ini" 107
"E:/Unreal Projects/BaseBlank/Saved/Config/Windows/DeviceProfiles.ini" 108
"../../../../BaseBlank/Saved/Config/CleanSourceConfigs/DeviceProfiles.ini" 109
"../../../Engine/Config/ConsoleVariables.ini" 110
"..\..\..\Engine\Content\Internationalization\icudt53l\es.res" 111
"..\..\..\Engine\Content\Internationalization\icudt53l\coll\es.res" 112
"..\..\..\Engine\Content\Internationalization\icudt53l\curr\es.res" 113
"..\..\..\Engine\Content\Internationalization\icudt53l\es_ES.res" 114
"..\..\..\Engine\Content\Internationalization\icudt53l\ja.res" 115
"..\..\..\Engine\Content\Internationalization\icudt53l\coll\ja.res" 116
"..\..\..\Engine\Content\Internationalization\icudt53l\curr\ja.res" 117
"..\..\..\Engine\Content\Internationalization\icudt53l\ja_JP.res" 118
"..\..\..\Engine\Content\Internationalization\icudt53l\ko.res" 119
"..\..\..\Engine\Content\Internationalization\icudt53l\coll\ko.res" 120
"..\..\..\Engine\Content\Internationalization\icudt53l\curr\ko.res" 121
"..\..\..\Engine\Content\Internationalization\icudt53l\ko_KR.res" 122
"..\..\..\Engine\Content\Internationalization\icudt53l\pt_BR.res" 123
"..\..\..\Engine\Content\Internationalization\icudt53l\pt.res" 124
"..\..\..\Engine\Content\Internationalization\icudt53l\coll\pt.res" 125
"..\..\..\Engine\Content\Internationalization\icudt53l\curr\pt.res" 126
"..\..\..\Engine\Content\Internationalization\icudt53l\zh_CN.res" 127
"..\..\..\Engine\Content\Internationalization\icudt53l\zh_Hans_CN.res" 128
"..\..\..\Engine\Content\Internationalization\icudt53l\zh_Hans.res" 129
"..\..\..\Engine\Content\Internationalization\icudt53l\zh.res" 130
"..\..\..\Engine\Content\Internationalization\icudt53l\coll\zh_CN.res" 131
"..\..\..\Engine\Content\Internationalization\icudt53l\coll\zh_Hans_CN.res" 132
"..\..\..\Engine\Content\Internationalization\icudt53l\coll\zh_Hans.res" 133
"..\..\..\Engine\Content\Internationalization\icudt53l\coll\zh.res" 134
"..\..\..\Engine\Content\Internationalization\icudt53l\curr\zh_CN.res" 135
"..\..\..\Engine\Content\Internationalization\icudt53l\curr\zh_Hans_CN.res" 136
"..\..\..\Engine\Content\Internationalization\icudt53l\curr\zh_Hans.res" 137
"..\..\..\Engine\Content\Internationalization\icudt53l\curr\zh.res" 138
"E:/Unreal Projects/UnrealEngine/Engine/Content/Localization/Editor/en/Editor.locres" 139
"E:/Unreal Projects/UnrealEngine/Engine/Content/Localization/EditorTutorials/en/EditorTutorials.locres" 140
"E:/Unreal Projects/UnrealEngine/Engine/Content/Localization/Engine/en/Engine.locres" 141
"../../../Engine/Content/Slate/Fonts/Roboto-Regular.ttf" 142
"../../../Engine/Content/Slate/Fonts/Roboto-Bold.ttf" 143
"../../../Engine/Content/Slate/Fonts/Roboto-Light.ttf" 144
"../../../Engine/Content/Slate/Fonts/DroidSansMono.ttf" 145
"E:/Unreal Projects/UnrealEngine/Engine/Binaries/Win64/../../../Engine/Shaders/ParticleSpriteVertexFactory.usf" 146
"E:/Unreal Projects/UnrealEngine/Engine/Binaries/Win64/../../../Engine/Shaders/VertexFactoryCommon.usf" 147
"E:/Unreal Projects/UnrealEngine/Engine/Binaries/Win64/../../../Engine/Shaders/Common.usf" 148
"E:/Unreal Projects/UnrealEngine/Engine/Binaries/Win64/../../../Engine/Shaders/ShaderVersion.usf" 149
"E:/Unreal Projects/UnrealEngine/Engine/Binaries/Win64/../../../Engine/Shaders/Definitions.usf" 150
"E:/Unreal Projects/UnrealEngine/Engine/Binaries/Win64/../../../Engine/Shaders/Random.usf" 151
"E:/Unreal Projects/UnrealEngine/Engine/Binaries/Win64/../../../Engine/Shaders/ParticleVertexFactoryCommon.usf" 152
"E:/Unreal Projects/UnrealEngine/Engine/Binaries/Win64/../../../Engine/Shaders/ParticleGPUSpriteVertexFactory.usf" 153
"E:/Unreal Projects/UnrealEngine/Engine/Binaries/Win64/../../../Engine/Shaders/ParticleBeamTrailVertexFactory.usf" 154
"E:/Unreal Projects/UnrealEngine/Engine/Binaries/Win64/../../../Engine/Shaders/VectorFieldVisualizationVertexFactory.usf" 155
"E:/Unreal Projects/UnrealEngine/Engine/Binaries/Win64/../../../Engine/Shaders/LocalVertexFactory.usf" 156
"E:/Unreal Projects/UnrealEngine/Engine/Binaries/Win64/../../../Engine/Shaders/LocalVertexFactoryCommon.usf" 157
"E:/Unreal Projects/UnrealEngine/Engine/Binaries/Win64/../../../Engine/Shaders/MeshParticleVertexFactory.usf" 158
"E:/Unreal Projects/UnrealEngine/Engine/Binaries/Win64/../../../Engine/Shaders/GpuSkinVertexFactory.usf" 159
"E:/Unreal Projects/UnrealEngine/Engine/Binaries/Win64/../../../Engine/Shaders/GpuSkinCacheCommon.usf" 160
"E:/Unreal Projects/UnrealEngine/Engine/Binaries/Win64/../../../Engine/Shaders/LandscapeVertexFactory.usf" 161
"E:/Unreal Projects/UnrealEngine/Engine/Binaries/Win64/../../../Engine/Shaders/SlateElementPixelShader.usf" 162
"E:/Unreal Projects/UnrealEngine/Engine/Binaries/Win64/../../../Engine/Shaders/MaterialTemplate.usf" 163
"E:/Unreal Projects/UnrealEngine/Engine/Binaries/Win64/../../../Engine/Shaders/DepthOfFieldCommon.usf" 164
"E:/Unreal Projects/UnrealEngine/Engine/Binaries/Win64/../../../Engine/Shaders/SpeedTreeCommon.usf" 165
"E:/Unreal Projects/UnrealEngine/Engine/Binaries/Win64/../../../Engine/Shaders/AtmosphereCommon.usf" 166
"E:/Unreal Projects/UnrealEngine/Engine/Binaries/Win64/../../../Engine/Shaders/PostProcessCommon.usf" 167
"E:/Unreal Projects/UnrealEngine/Engine/Binaries/Win64/../../../Engine/Shaders/DeferredShadingCommon.usf" 168
"E:/Unreal Projects/UnrealEngine/Engine/Binaries/Win64/../../../Engine/Shaders/LightAccumulator.usf" 169
"E:/Unreal Projects/UnrealEngine/Engine/Binaries/Win64/../../../Engine/Shaders/SlateVertexShader.usf" 170
"E:/Unreal Projects/UnrealEngine/Engine/Binaries/Win64/../../../Engine/Shaders/OneColorShader.usf" 171
"E:/Unreal Projects/UnrealEngine/Engine/Binaries/Win64/../../../Engine/Shaders/ResolveVertexShader.usf" 172
"E:/Unreal Projects/UnrealEngine/Engine/Binaries/Win64/../../../Engine/Shaders/ResolvePixelShader.usf" 173
"E:/Unreal Projects/UnrealEngine/Engine/Binaries/Win64/../../../Engine/Shaders/VisualizeTexture.usf" 174
"E:/Unreal Projects/UnrealEngine/Engine/Binaries/Win64/../../../Engine/Shaders/ScreenSpaceReflections.usf" 175
"E:/Unreal Projects/UnrealEngine/Engine/Binaries/Win64/../../../Engine/Shaders/BRDF.usf" 176
"E:/Unreal Projects/UnrealEngine/Engine/Binaries/Win64/../../../Engine/Shaders/MonteCarlo.usf" 177
"E:/Unreal Projects/UnrealEngine/Engine/Binaries/Win64/../../../Engine/Shaders/FilterVertexShader.usf" 178
"E:/Unreal Projects/UnrealEngine/Engine/Binaries/Win64/../../../Engine/Shaders/FilterPixelShader.usf" 179
"E:/Unreal Projects/UnrealEngine/Engine/Binaries/Win64/../../../Engine/Shaders/PostProcessVisualizeHDR.usf" 180
"E:/Unreal Projects/UnrealEngine/Engine/Binaries/Win64/../../../Engine/Shaders/PostProcessHistogramCommon.usf" 181
"E:/Unreal Projects/UnrealEngine/Engine/Binaries/Win64/../../../Engine/Shaders/TonemapCommon.usf" 182
"E:/Unreal Projects/UnrealEngine/Engine/Binaries/Win64/../../../Engine/Shaders/MiniFontCommon.usf" 183
"E:/Unreal Projects/UnrealEngine/Engine/Binaries/Win64/../../../Engine/Shaders/PostProcessVisualizeBuffer.usf" 184
"E:/Unreal Projects/UnrealEngine/Engine/Binaries/Win64/../../../Engine/Shaders/PostProcessUpscale.usf" 185
"E:/Unreal Projects/UnrealEngine/Engine/Binaries/Win64/../../../Engine/Shaders/PostProcessTonemap.usf" 186
"E:/Unreal Projects/UnrealEngine/Engine/Binaries/Win64/../../../Engine/Shaders/PostProcessTestImage.usf" 187
"E:/Unreal Projects/UnrealEngine/Engine/Binaries/Win64/../../../Engine/Shaders/PostProcessTemporalAA.usf" 188
"E:/Unreal Projects/UnrealEngine/Engine/Binaries/Win64/../../../Engine/Shaders/PostProcessTemporalCommon.usf" 189
"E:/Unreal Projects/UnrealEngine/Engine/Binaries/Win64/../../../Engine/Shaders/PostProcessSubsurface.usf" 190
"E:/Unreal Projects/UnrealEngine/Engine/Binaries/Win64/../../../Engine/Shaders/SeparableSSS.usf" 191
"E:/Unreal Projects/UnrealEngine/Engine/Binaries/Win64/../../../Engine/Shaders/PostProcessSelectionOutline.usf" 192
"E:/Unreal Projects/UnrealEngine/Engine/Binaries/Win64/../../../Engine/Shaders/PostProcessSceneColorFringe.usf" 193
"E:/Unreal Projects/UnrealEngine/Engine/Binaries/Win64/../../../Engine/Shaders/PostProcessNoiseBlur.usf" 194
"E:/Unreal Projects/UnrealEngine/Engine/Binaries/Win64/../../../Engine/Shaders/PostProcessMotionBlur.usf" 195
"E:/Unreal Projects/UnrealEngine/Engine/Binaries/Win64/../../../Engine/Shaders/PostProcessMobile.usf" 196
"E:/Unreal Projects/UnrealEngine/Engine/Binaries/Win64/../../../Engine/Shaders/PostProcessMaterialShaders.usf" 197
"E:/Unreal Projects/UnrealEngine/Engine/Binaries/Win64/../../../Engine/Shaders/PostProcessLensFlares.usf" 198
"E:/Unreal Projects/UnrealEngine/Engine/Binaries/Win64/../../../Engine/Shaders/PostProcessLensBlur.usf" 199
"E:/Unreal Projects/UnrealEngine/Engine/Binaries/Win64/../../../Engine/Shaders/PostProcessBloom.usf" 200
"E:/Unreal Projects/UnrealEngine/Engine/Binaries/Win64/../../../Engine/Shaders/PostProcessHMD.usf" 201
"E:/Unreal Projects/UnrealEngine/Engine/Binaries/Win64/../../../Engine/Shaders/PostProcessHistogramReduce.usf" 202
"E:/Unreal Projects/UnrealEngine/Engine/Binaries/Win64/../../../Engine/Shaders/PostProcessHistogram.usf" 203
"E:/Unreal Projects/UnrealEngine/Engine/Binaries/Win64/../../../Engine/Shaders/PostProcessGBufferHints.usf" 204
"E:/Unreal Projects/UnrealEngine/Engine/Binaries/Win64/../../../Engine/Shaders/PostProcessEyeAdaptation.usf" 205
"E:/Unreal Projects/UnrealEngine/Engine/Binaries/Win64/../../../Engine/Shaders/PostProcessDownsample.usf" 206
"E:/Unreal Projects/UnrealEngine/Engine/Binaries/Win64/../../../Engine/Shaders/PostProcessDOF.usf" 207
"E:/Unreal Projects/UnrealEngine/Engine/Binaries/Win64/../../../Engine/Shaders/PostProcessCompositeEditorPrimitives.usf" 208
"E:/Unreal Projects/UnrealEngine/Engine/Binaries/Win64/../../../Engine/Shaders/PostProcessCombineLUTs.usf" 209
"E:/Unreal Projects/UnrealEngine/Engine/Binaries/Win64/../../../Engine/Shaders/PostProcessBusyWait.usf" 210
"E:/Unreal Projects/UnrealEngine/Engine/Binaries/Win64/../../../Engine/Shaders/PostProcessBokehDOF.usf" 211
"E:/Unreal Projects/UnrealEngine/Engine/Binaries/Win64/../../../Engine/Shaders/FXAAShader.usf" 212
"E:/Unreal Projects/UnrealEngine/Engine/Binaries/Win64/../../../Engine/Shaders/Fxaa3_11.usf" 213
"E:/Unreal Projects/UnrealEngine/Engine/Binaries/Win64/../../../Engine/Shaders/PostProcessPassThrough.usf" 214
"E:/Unreal Projects/UnrealEngine/Engine/Binaries/Win64/../../../Engine/Shaders/PostProcessLpvIndirect.usf" 215
"E:/Unreal Projects/UnrealEngine/Engine/Binaries/Win64/../../../Engine/Shaders/DeferredLightingCommon.usf" 216
"E:/Unreal Projects/UnrealEngine/Engine/Binaries/Win64/../../../Engine/Shaders/DynamicLightingCommon.usf" 217
"E:/Unreal Projects/UnrealEngine/Engine/Binaries/Win64/../../../Engine/Shaders/IESLightProfilesCommon.usf" 218
"E:/Unreal Projects/UnrealEngine/Engine/Binaries/Win64/../../../Engine/Shaders/LPVFinalPass.usf" 219
"E:/Unreal Projects/UnrealEngine/Engine/Binaries/Win64/../../../Engine/Shaders/LPVCommon.usf" 220
"E:/Unreal Projects/UnrealEngine/Engine/Binaries/Win64/../../../Engine/Shaders/DeferredDecal.usf" 221
"E:/Unreal Projects/UnrealEngine/Engine/Binaries/Win64/../../../Engine/Shaders/PostProcessAmbientOcclusion.usf" 222
"E:/Unreal Projects/UnrealEngine/Engine/Binaries/Win64/../../../Engine/Shaders/PostProcessAmbient.usf" 223
"E:/Unreal Projects/UnrealEngine/Engine/Binaries/Win64/../../../Engine/Shaders/CubemapCommon.usf" 224
"E:/Unreal Projects/UnrealEngine/Engine/Binaries/Win64/../../../Engine/Shaders/VelocityShader.usf" 225
"E:/Unreal Projects/UnrealEngine/Engine/Binaries/Win64/../../../Engine/Shaders/Tessellation.usf" 226
"E:/Unreal Projects/UnrealEngine/Engine/Binaries/Win64/../../../Engine/Shaders/FlatTessellation.usf" 227
"E:/Unreal Projects/UnrealEngine/Engine/Binaries/Win64/../../../Engine/Shaders/PNTriangles.usf" 228
"E:/Unreal Projects/UnrealEngine/Engine/Binaries/Win64/../../../Engine/Shaders/TranslucentLightingShaders.usf" 229
"E:/Unreal Projects/UnrealEngine/Engine/Binaries/Win64/../../../Engine/Shaders/SHCommon.usf" 230
"E:/Unreal Projects/UnrealEngine/Engine/Binaries/Win64/../../../Engine/Shaders/ShadowProjectionCommon.usf" 231
"E:/Unreal Projects/UnrealEngine/Engine/Binaries/Win64/../../../Engine/Shaders/TranslucentLightInjectionShaders.usf" 232
"E:/Unreal Projects/UnrealEngine/Engine/Binaries/Win64/../../../Engine/Shaders/LightFunctionCommon.usf" 233
"E:/Unreal Projects/UnrealEngine/Engine/Binaries/Win64/../../../Engine/Shaders/TranslucentShadowDepthShaders.usf" 234
"E:/Unreal Projects/UnrealEngine/Engine/Binaries/Win64/../../../Engine/Shaders/ShadowDepthCommon.usf" 235
"E:/Unreal Projects/UnrealEngine/Engine/Binaries/Win64/../../../Engine/Shaders/TiledDeferredLightShaders.usf" 236
"E:/Unreal Projects/UnrealEngine/Engine/Binaries/Win64/../../../Engine/Shaders/ShadowProjectionPixelShader.usf" 237
"E:/Unreal Projects/UnrealEngine/Engine/Binaries/Win64/../../../Engine/Shaders/ShadowFilteringCommon.usf" 238
"E:/Unreal Projects/UnrealEngine/Engine/Binaries/Win64/../../../Engine/Shaders/ShadowProjectionVertexShader.usf" 239
"E:/Unreal Projects/UnrealEngine/Engine/Binaries/Win64/../../../Engine/Shaders/ShadowDepthPixelShader.usf" 240
"E:/Unreal Projects/UnrealEngine/Engine/Binaries/Win64/../../../Engine/Shaders/LPVWriteVplCommon.usf" 241
"E:/Unreal Projects/UnrealEngine/Engine/Binaries/Win64/../../../Engine/Shaders/LPVWriteCommon.usf" 242
"E:/Unreal Projects/UnrealEngine/Engine/Binaries/Win64/../../../Engine/Shaders/ShadowDepthVertexShader.usf" 243
"E:/Unreal Projects/UnrealEngine/Engine/Binaries/Win64/../../../Engine/Shaders/ShaderComplexityApplyPixelShader.usf" 244
"E:/Unreal Projects/UnrealEngine/Engine/Binaries/Win64/../../../Engine/Shaders/ShaderComplexityApplyVertexShader.usf" 245
"E:/Unreal Projects/UnrealEngine/Engine/Binaries/Win64/../../../Engine/Shaders/ShaderComplexityAccumulatePixelShader.usf" 246
"E:/Unreal Projects/UnrealEngine/Engine/Binaries/Win64/../../../Engine/Shaders/HZBOcclusion.usf" 247
"E:/Unreal Projects/UnrealEngine/Engine/Binaries/Win64/../../../Engine/Shaders/OcclusionQueryVertexShader.usf" 248
"E:/Unreal Projects/UnrealEngine/Engine/Binaries/Win64/../../../Engine/Shaders/HitProxyPixelShader.usf" 249
"E:/Unreal Projects/UnrealEngine/Engine/Binaries/Win64/../../../Engine/Shaders/HitProxyVertexShader.usf" 250
"E:/Unreal Projects/UnrealEngine/Engine/Binaries/Win64/../../../Engine/Shaders/ReflectionEnvironmentShaders.usf" 251
"E:/Unreal Projects/UnrealEngine/Engine/Binaries/Win64/../../../Engine/Shaders/ReflectionEnvironmentShared.usf" 252
"E:/Unreal Projects/UnrealEngine/Engine/Binaries/Win64/../../../Engine/Shaders/SkyLightingShared.usf" 253
"E:/Unreal Projects/UnrealEngine/Engine/Binaries/Win64/../../../Engine/Shaders/ReflectionEnvironmentComputeShaders.usf" 254
"E:/Unreal Projects/UnrealEngine/Engine/Binaries/Win64/../../../Engine/Shaders/LightShaftShader.usf" 255
"E:/Unreal Projects/UnrealEngine/Engine/Binaries/Win64/../../../Engine/Shaders/StationaryLightOverlapShaders.usf" 256
"E:/Unreal Projects/UnrealEngine/Engine/Binaries/Win64/../../../Engine/Shaders/DeferredLightPixelShaders.usf" 257
"E:/Unreal Projects/UnrealEngine/Engine/Binaries/Win64/../../../Engine/Shaders/DeferredLightVertexShaders.usf" 258
"E:/Unreal Projects/UnrealEngine/Engine/Binaries/Win64/../../../Engine/Shaders/LPVVisualise.usf" 259
"E:/Unreal Projects/UnrealEngine/Engine/Binaries/Win64/../../../Engine/Shaders/LPVGeometryVolumeCommon.usf" 260
"E:/Unreal Projects/UnrealEngine/Engine/Binaries/Win64/../../../Engine/Shaders/LPVDirectLightInject.usf" 261
"E:/Unreal Projects/UnrealEngine/Engine/Binaries/Win64/../../../Engine/Shaders/LPVPropagate.usf" 262
"E:/Unreal Projects/UnrealEngine/Engine/Binaries/Win64/../../../Engine/Shaders/LPVBuildGeometryVolume.usf" 263
"E:/Unreal Projects/UnrealEngine/Engine/Binaries/Win64/../../../Engine/Shaders/LPVInject_AccumulateVplLists.usf" 264
"E:/Unreal Projects/UnrealEngine/Engine/Binaries/Win64/../../../Engine/Shaders/LPVInject_GenerateVplLists.usf" 265
"E:/Unreal Projects/UnrealEngine/Engine/Binaries/Win64/../../../Engine/Shaders/LPVClearLists.usf" 266
"E:/Unreal Projects/UnrealEngine/Engine/Binaries/Win64/../../../Engine/Shaders/LPVClear.usf" 267
"E:/Unreal Projects/UnrealEngine/Engine/Binaries/Win64/../../../Engine/Shaders/LightMapDensityShader.usf" 268
"E:/Unreal Projects/UnrealEngine/Engine/Binaries/Win64/../../../Engine/Shaders/LightFunctionPixelShader.usf" 269
"E:/Unreal Projects/UnrealEngine/Engine/Binaries/Win64/../../../Engine/Shaders/LightFunctionVertexShader.usf" 270
"E:/Unreal Projects/UnrealEngine/Engine/Binaries/Win64/../../../Engine/Shaders/HdrCustomResolveShaders.usf" 271
"E:/Unreal Projects/UnrealEngine/Engine/Binaries/Win64/../../../Engine/Shaders/GPUBenchmark.usf" 272
"E:/Unreal Projects/UnrealEngine/Engine/Binaries/Win64/../../../Engine/Shaders/GammaCorrection.usf" 273
"E:/Unreal Projects/UnrealEngine/Engine/Binaries/Win64/../../../Engine/Shaders/BasePassForForwardShadingPixelShader.usf" 274
"E:/Unreal Projects/UnrealEngine/Engine/Binaries/Win64/../../../Engine/Shaders/BasePassForForwardShadingCommon.usf" 275
"E:/Unreal Projects/UnrealEngine/Engine/Binaries/Win64/../../../Engine/Shaders/LightmapCommon.usf" 276
"E:/Unreal Projects/UnrealEngine/Engine/Binaries/Win64/../../../Engine/Shaders/BasePassForForwardShadingVertexShader.usf" 277
"E:/Unreal Projects/UnrealEngine/Engine/Binaries/Win64/../../../Engine/Shaders/HeightFogCommon.usf" 278
"E:/Unreal Projects/UnrealEngine/Engine/Binaries/Win64/../../../Engine/Shaders/HeightFogPixelShader.usf" 279
"E:/Unreal Projects/UnrealEngine/Engine/Binaries/Win64/../../../Engine/Shaders/HeightFogVertexShader.usf" 280
"E:/Unreal Projects/UnrealEngine/Engine/Binaries/Win64/../../../Engine/Shaders/DistortAccumulatePS.usf" 281
"E:/Unreal Projects/UnrealEngine/Engine/Binaries/Win64/../../../Engine/Shaders/DistortAccumulateVS.usf" 282
"E:/Unreal Projects/UnrealEngine/Engine/Binaries/Win64/../../../Engine/Shaders/DistortApplyScreenPS.usf" 283
"E:/Unreal Projects/UnrealEngine/Engine/Binaries/Win64/../../../Engine/Shaders/SkyLighting.usf" 284
"E:/Unreal Projects/UnrealEngine/Engine/Binaries/Win64/../../../Engine/Shaders/DistanceFieldSurfaceCacheLighting.usf" 285
"E:/Unreal Projects/UnrealEngine/Engine/Binaries/Win64/../../../Engine/Shaders/DistanceFieldLightingShared.usf" 286
"E:/Unreal Projects/UnrealEngine/Engine/Binaries/Win64/../../../Engine/Shaders/DistanceFieldAOShared.usf" 287
"E:/Unreal Projects/UnrealEngine/Engine/Binaries/Win64/../../../Engine/Shaders/DistanceFieldSurfaceCacheLightingCompute.usf" 288
"E:/Unreal Projects/UnrealEngine/Engine/Binaries/Win64/../../../Engine/Shaders/DistanceFieldShadowing.usf" 289
"E:/Unreal Projects/UnrealEngine/Engine/Binaries/Win64/../../../Engine/Shaders/DepthOnlyPixelShader.usf" 290
"E:/Unreal Projects/UnrealEngine/Engine/Binaries/Win64/../../../Engine/Shaders/DepthOnlyVertexShader.usf" 291
"E:/Unreal Projects/UnrealEngine/Engine/Binaries/Win64/../../../Engine/Shaders/PositionOnlyDepthVertexShader.usf" 292
"E:/Unreal Projects/UnrealEngine/Engine/Binaries/Win64/../../../Engine/Shaders/DownsampleDepthPixelShader.usf" 293
"E:/Unreal Projects/UnrealEngine/Engine/Binaries/Win64/../../../Engine/Shaders/BasePassPixelShader.usf" 294
"E:/Unreal Projects/UnrealEngine/Engine/Binaries/Win64/../../../Engine/Shaders/BasePassCommon.usf" 295
"E:/Unreal Projects/UnrealEngine/Engine/Binaries/Win64/../../../Engine/Shaders/BasePassVertexShader.usf" 296
"E:/Unreal Projects/UnrealEngine/Engine/Binaries/Win64/../../../Engine/Shaders/BasePassVertexCommon.usf" 297
"E:/Unreal Projects/UnrealEngine/Engine/Binaries/Win64/../../../Engine/Shaders/BasePassTessellationShaders.usf" 298
"E:/Unreal Projects/UnrealEngine/Engine/Binaries/Win64/../../../Engine/Shaders/AtmospherePrecompute.usf" 299
"E:/Unreal Projects/UnrealEngine/Engine/Binaries/Win64/../../../Engine/Shaders/AtmospherePrecomputeCommon.usf" 300
"E:/Unreal Projects/UnrealEngine/Engine/Binaries/Win64/../../../Engine/Shaders/AtmospherePrecomputeInscatter.usf" 301
"E:/Unreal Projects/UnrealEngine/Engine/Binaries/Win64/../../../Engine/Shaders/AtmosphericFogShader.usf" 302
"E:/Unreal Projects/UnrealEngine/Engine/Binaries/Win64/../../../Engine/Shaders/ParticleSortKeyGen.usf" 303
"E:/Unreal Projects/UnrealEngine/Engine/Binaries/Win64/../../../Engine/Shaders/ParticleBoundsShader.usf" 304
"E:/Unreal Projects/UnrealEngine/Engine/Binaries/Win64/../../../Engine/Shaders/ParticleSimVisualizeShader.usf" 305
"E:/Unreal Projects/UnrealEngine/Engine/Binaries/Win64/../../../Engine/Shaders/ParticleInjectionShader.usf" 306
"E:/Unreal Projects/UnrealEngine/Engine/Binaries/Win64/../../../Engine/Shaders/ParticleSimulationShader.usf" 307
"E:/Unreal Projects/UnrealEngine/Engine/Binaries/Win64/../../../Engine/Shaders/ParticleCurveInjectionShader.usf" 308
"E:/Unreal Projects/UnrealEngine/Engine/Binaries/Win64/../../../Engine/Shaders/VectorFieldCompositeShaders.usf" 309
"E:/Unreal Projects/UnrealEngine/Engine/Binaries/Win64/../../../Engine/Shaders/UpdateTextureShaders.usf" 310
"E:/Unreal Projects/UnrealEngine/Engine/Binaries/Win64/../../../Engine/Shaders/SimpleElementColorChannelMaskPixelShader.usf" 311
"E:/Unreal Projects/UnrealEngine/Engine/Binaries/Win64/../../../Engine/Shaders/SimpleElementHitProxyPixelShader.usf" 312
"E:/Unreal Projects/UnrealEngine/Engine/Binaries/Win64/../../../Engine/Shaders/SimpleElementPixelShader.usf" 313
"E:/Unreal Projects/UnrealEngine/Engine/Binaries/Win64/../../../Engine/Shaders/ColorUtils.usf" 314
"E:/Unreal Projects/UnrealEngine/Engine/Binaries/Win64/../../../Engine/Shaders/SimpleElementVertexShader.usf" 315
"E:/Unreal Projects/UnrealEngine/Engine/Binaries/Win64/../../../Engine/Shaders/ScreenVertexShader.usf" 316
"E:/Unreal Projects/UnrealEngine/Engine/Binaries/Win64/../../../Engine/Shaders/ScreenPixelShader.usf" 317
"E:/Unreal Projects/UnrealEngine/Engine/Binaries/Win64/../../../Engine/Shaders/RadixSortShaders.usf" 318
"E:/Unreal Projects/UnrealEngine/Engine/Binaries/Win64/../../../Engine/Shaders/GpuSkinCacheComputeShader.usf" 319
"E:/Unreal Projects/UnrealEngine/Engine/Binaries/Win64/../../../Engine/Shaders/NullPixelShader.usf" 320
"E:/Unreal Projects/UnrealEngine/Engine/Binaries/Win64/../../../Engine/Shaders/ClearReplacementShaders.usf" 321
"E:/Unreal Projects/UnrealEngine/Engine/Binaries/Win64/../../../Engine/Shaders/SimpleElementTexture2DPreviewPixelShader.usf" 322
"E:/Unreal Projects/UnrealEngine/Engine/Binaries/Win64/../../../Engine/Shaders/SimpleElementNormalMapPixelShader.usf" 323
"E:/Unreal Projects/UnrealEngine/Engine/Binaries/Win64/../../../Engine/Shaders/meshpaintdilatepixelshader.usf" 324
"E:/Unreal Projects/UnrealEngine/Engine/Binaries/Win64/../../../Engine/Shaders/meshpaintdilatevertexshader.usf" 325
"E:/Unreal Projects/UnrealEngine/Engine/Binaries/Win64/../../../Engine/Shaders/MeshPaintPixelShader.usf" 326
"E:/Unreal Projects/UnrealEngine/Engine/Binaries/Win64/../../../Engine/Shaders/MeshPaintVertexShader.usf" 327
"E:/Unreal Projects/BaseBlank/Saved/Config/WindowsNoEditor/Engine.ini" 328
"../../../Engine/Config/Android/AndroidEngine.ini" 329
"../../../Engine/Config/HTML5/HTML5Engine.ini" 330
"../../../Engine/Config/IOS/IOSEngine.ini" 331
"../../../../BaseBlank/DerivedDataCache/Boot.ddc" 332
"../../../Engine/Content/EditorResources/S_Actor.uasset" 333
"../../../Engine/Content/EditorLandscapeResources/DataLayer.uasset" 334
"../../../Engine/Content/Maps/Templates/Thumbnails/Default.uasset" 335
"../../../Engine/Content/EditorMaterials/ParticleSystems/PSysThumbnail_NoImage.uasset" 336
"../../../Engine/Content/EditorMaterials/ParticleSystems/PSysThumbnail_OOD.uasset" 337
"../../../Engine/Content/EngineDamageTypes/DmgTypeBP_Environmental.uasset" 338
"../../../Engine/Content/EngineMeshes/Sphere.uasset" 339
"../../../Engine/Content/EngineFonts/RobotoDistanceField.uasset" 340
"../../../Engine/Content/EngineMaterials/DefaultTextMaterialOpaque.uasset" 341
"../../../Engine/Content/Functions/Engine_MaterialFunctions01/Shading/PowerToRoughness.uasset" 342
"../../../Engine/Content/Functions/Engine_MaterialFunctions01/Shading/ConvertFromDiffSpec.uasset" 343
"../../../Engine/Content/EngineMaterials/WorldGridMaterial.uasset" 344
"../../../Engine/Content/Functions/Engine_MaterialFunctions01/Opacity/CameraDepthFade.uasset" 345
"../../../Engine/Content/EngineMaterials/T_Default_Material_Grid_M.uasset" 346
"../../../Engine/Content/EngineMaterials/T_Default_Material_Grid_N.uasset" 347
"../../../Engine/Content/EngineMaterials/DefaultDeferredDecalMaterial.uasset" 348
"../../../Engine/Content/EngineMaterials/DefaultDiffuse.uasset" 349
"../../../Engine/Content/EngineMaterials/DefaultLightFunctionMaterial.uasset" 350
"../../../Engine/Content/EngineMaterials/DefaultPostProcessMaterial.uasset" 351
"../../../Engine/Content/Functions/Engine_MaterialFunctions02/Utility/BreakOutFloat2Components.uasset" 352
"../../../Engine/Content/EditorResources/S_Trigger.uasset" 353
"../../../Engine/Content/EngineResources/WhiteSquareTexture.uasset" 354
"../../../Engine/Content/EngineResources/GradientTexture0.uasset" 355
"../../../Engine/Content/EngineResources/Black.uasset" 356
"../../../Engine/Content/EditorMaterials/MatineeGroups/MAT_Groups_Float.uasset" 357
"../../../Engine/Content/EditorMaterials/MatineeGroups/MAT_Groups_Director.uasset" 358
"../../../Engine/Content/EditorMaterials/MatineeGroups/MAT_Groups_Event.uasset" 359
"../../../Engine/Content/EditorMaterials/MatineeGroups/MAT_Groups_Anim.uasset" 360
"../../../Engine/Content/EditorMaterials/MatineeGroups/MAT_Groups_Fade.uasset" 361
"../../../Engine/Content/EditorMaterials/MatineeGroups/MAT_Groups_Move.uasset" 362
"../../../Engine/Content/EditorMaterials/MatineeGroups/MAT_Groups_Slomo.uasset" 363
"../../../Engine/Content/EditorMaterials/MatineeGroups/MAT_ColorTrack.uasset" 364
"../../../Engine/Content/EditorMaterials/MAT_Groups_Toggle.uasset" 365
"../../../Engine/Content/EditorMaterials/MatineeGroups/MAT_Groups_AudioMaster.uasset" 366
"../../../Engine/Content/EditorMaterials/MatineeGroups/MAT_Groups_Sound.uasset" 367
"../../../Engine/Content/EditorMaterials/MatineeGroups/MAT_Groups_Vector.uasset" 368
"../../../Engine/Content/EditorMaterials/MAT_Groups_Visibility.uasset" 369
"../../../Engine/Content/EngineResources/DefaultTexture.uasset" 370
"../../../Engine/Content/EngineResources/DefaultTextureCube.uasset" 371
"../../../Engine/Content/EngineSounds/Master.uasset" 372
"../../../Engine/Content/EngineSounds/Music.uasset" 373
"../../../Engine/Content/EngineSounds/SFX.uasset" 374
"../../../Engine/Content/EngineSounds/Normal_Attack.uasset" 375
"../../../Engine/Content/EngineSounds/Special_Attack_PSM.uasset" 376
"../../../Engine/Content/EngineSounds/Duck_Normal_Attack_MixMod.uasset" 377
"../../../Engine/Content/EngineSounds/Voice.uasset" 378
"../../../Engine/Content/EngineMeshes/Cylinder.uasset" 379
"../../../Engine/Content/EngineMaterials/DefaultMaterial.uasset" 380
"../../../Engine/Content/EngineTireTypes/DefaultTireType.uasset" 381
"../../../Engine/Content/Editor/Slate/Fonts/DroidSansMono.ttf" 382
"../../../Engine/Content/Editor/Slate/Fonts/Roboto-BoldCondensed.ttf" 383
"../../../Engine/Content/Editor/Slate/Fonts/Roboto-Black.ttf" 384
"../../../Engine/Content/Editor/Slate/Fonts/Roboto-BoldCondensedItalic.ttf" 385
"../../../Engine/Content/Editor/Slate/Fonts/Roboto-Italic.ttf" 386
"../../../Engine/Content/EngineFonts/Roboto.uasset" 387
"../../../Engine/Content/EngineMaterials/Widget3DPassThrough_Translucent.uasset" 388
"../../../Engine/Content/EngineMaterials/Widget3DPassThrough.uasset" 389
"../../../Engine/Content/EngineMaterials/Widget3DPassThrough_Translucent_OneSided.uasset" 390
"../../../Engine/Content/EngineMaterials/Widget3DPassThrough_Opaque.uasset" 391
"../../../Engine/Content/EngineMaterials/Widget3DPassThrough_Opaque_OneSided.uasset" 392
"../../../Engine/Plugins/2D/Paper2D/Content/MaskedUnlitSpriteMaterial.uasset" 393
"../../../Engine/Plugins/2D/Paper2D/Content/DefaultSpriteMaterial.uasset" 394
"../../../Engine/Plugins/2D/Paper2D/Content/DummySpriteTexture.uasset" 395
"../../../Engine/Plugins/2D/Paper2D/Content/OpaqueUnlitSpriteMaterial.uasset" 396
"../../../Engine/Plugins/2D/Paper2D/Content/DefaultPaperTerrainMaterial.uasset" 397
"../../../Engine/Plugins/2D/Paper2D/Content/DummySprite.uasset" 398
"../../../Engine/Saved/Config/Windows/SourceControlSettings.ini" 399
"../../../../BaseBlank/Saved/Config/CleanSourceConfigs/SourceControlSettings.ini" 400
"E:/Unreal Projects/BaseBlank/Saved/Config/Windows/SourceControlSettings.ini" 401
"../../../Engine/Content/EngineMaterials/RemoveSurfaceMaterial.uasset" 402
"../../../Engine/Content/EngineDebugMaterials/DebugMeshMaterial.uasset" 403
"../../../Engine/Content/EngineMaterials/M_InvalidLightmapSettings.uasset" 404
"../../../Engine/Content/EngineMaterials/InvalidLightmapSettings.uasset" 405
"../../../Engine/Content/EditorMaterials/GizmoMaterial.uasset" 406
"../../../Engine/Content/EngineMaterials/Good64x64TilingNoiseHighFreq.uasset" 407
"../../../Engine/Content/EngineMaterials/DefaultBokeh.uasset" 408
"../../../Engine/Content/EngineMaterials/PreintegratedSkinBRDF.uasset" 409
"../../../Engine/Content/EngineMaterials/MiniFont.uasset" 410
"../../../Engine/Content/EngineMaterials/WeightMapPlaceholderTexture.uasset" 411
"../../../Engine/Content/EngineMaterials/DefaultWhiteGrid.uasset" 412
"../../../Engine/Content/EngineMaterials/DefaultPhysicalMaterial.uasset" 413
"../../../Engine/Content/EngineFonts/RobotoTiny.uasset" 414
"../../../../BaseBlank/Intermediate/CachedAssetRegistry.bin" 415
"../../../Engine/DerivedDataCache/2/5/6/GSM_AF1606FCEC114373844D2B6CF9DF71C8_PCD3D_SM4_2__BC5N_DEV_SL_NODBUF_VISUALIZE__134F4124E5D6AC6119FB66C088EC6380AE7E0509.udd" 416
"../../../Engine/Content/MobileResources/HUD/VirtualJoystick_Thumb.uasset" 417
"../../../Engine/DerivedDataCache/0/7/3/TEXTURE_75F87CE100B546AAB8A1C4132AF9DB17_BGRA8_2303080240B4FBC995EC43ABAA9A8C6__96BDAD0D9717FCDB9BF231F1FEB6D3BE6CB76534.udd" 418
"../../../Engine/Content/MobileResources/HUD/VirtualJoystick_Background.uasset" 419
"../../../Engine/DerivedDataCache/3/0/8/TEXTURE_75F87CE100B546AAB8A1C4132AF9DB17_BGRA8_BD2910D742B4B4778E3374B97767851__1D0FE82F762562A0405FC09820B5A3400A58EC34.udd" 420
"../../../Engine/Content/MobileResources/HUD/T_Castle_ThumbstickOutter.uasset" 421
"../../../Engine/DerivedDataCache/7/1/6/TEXTURE_75F87CE100B546AAB8A1C4132AF9DB17_BGRA8_9F5B2DF1453DB1272733529F5E95869__C49B4973D849CC7C1679E8BCE53AD4E771A6DAD0.udd" 422
"../../../Engine/Content/MobileResources/HUD/T_Castle_ThumbstickInner.uasset" 423
"../../../Engine/DerivedDataCache/8/4/7/TEXTURE_75F87CE100B546AAB8A1C4132AF9DB17_BGRA8_A4535AA24BB699361857049E2A844B2__BF8BDC01D36B0A353530F070363E0733A521A9DE.udd" 424
"../../../Engine/Content/MobileResources/HUD/MobileHUDDirectionStick.uasset" 425
"../../../Engine/DerivedDataCache/2/1/4/TEXTURE_75F87CE100B546AAB8A1C4132AF9DB17_AUTODXT_8EDAF7A54E378800FEB2178634331__1C2AFBE8B46D8D3B3F4C0192411CABB7E93642F5.udd" 426
"../../../Engine/Content/MobileResources/HUD/MobileHUDDirectionPad3.uasset" 427
"../../../Engine/Content/MobileResources/HUD/MobileHUDDirectionPad2.uasset" 428
"../../../Engine/Content/MobileResources/HUD/MobileHUDDirectionPad.uasset" 429
"../../../Engine/DerivedDataCache/9/0/4/TEXTURE_75F87CE100B546AAB8A1C4132AF9DB17_AUTODXT_F562DDF94D8D885AE92078A9DD770__CB13576B1C71444A2AC70F322150B2012CD746DB.udd" 430
"../../../Engine/DerivedDataCache/4/3/2/TEXTURE_75F87CE100B546AAB8A1C4132AF9DB17_AUTODXT_C9D41DBE4C754F8B430E7DBADCD48__8CDB2C7D4274788CF0BDE12DE9677E857C7E33AA.udd" 431
"../../../Engine/DerivedDataCache/4/4/3/TEXTURE_75F87CE100B546AAB8A1C4132AF9DB17_AUTODXT_F562DDF94D8D885AE92078A9DD770__14306DE7AB5E49ACD9FF6B2CBE48AD33B25D6359.udd" 432
"../../../Engine/DerivedDataCache/3/5/9/TEXTURE_75F87CE100B546AAB8A1C4132AF9DB17_AUTODXT_C9D41DBE4C754F8B430E7DBADCD48__35E770B90918D04588876222B427BB33D7030245.udd" 433
"../../../Engine/DerivedDataCache/9/7/3/TEXTURE_75F87CE100B546AAB8A1C4132AF9DB17_AUTODXT_F562DDF94D8D885AE92078A9DD770__61BDE354CD95B37BDEEA43DE91FB97D707B64EDB.udd" 434
"../../../Engine/Content/MobileResources/HUD/MobileHUDButtonFire.uasset" 435
"../../../Engine/DerivedDataCache/3/9/6/TEXTURE_75F87CE100B546AAB8A1C4132AF9DB17_AUTODXT_C9D41DBE4C754F8B430E7DBADCD48__F5342F07C6E4303E2DD5A81DE3ACCD6E33DD5571.udd" 436
"../../../Engine/DerivedDataCache/0/9/5/TEXTURE_75F87CE100B546AAB8A1C4132AF9DB17_AUTODXT_3F3B1DD44FE006226A690596DBDDE__9F3AD830AEC6440C8B3193B054E67314EFD28820.udd" 437
"../../../Engine/DerivedDataCache/9/0/3/TEXTURE_75F87CE100B546AAB8A1C4132AF9DB17_AUTODXT_3F3B1DD44FE006226A690596DBDDE__B50706C6398BC694AEECFC22C288EB6154DA1CF2.udd" 438
"../../../Engine/Content/MobileResources/HUD/MobileHUDButton3.uasset" 439
"../../../Engine/DerivedDataCache/2/6/9/TEXTURE_75F87CE100B546AAB8A1C4132AF9DB17_AUTODXT_C200B7694C3FE53EBCE97592F5F41__00E14382D4A040AE743B5156A76325596C9C90DC.udd" 440
"../../../Engine/DerivedDataCache/1/9/0/TEXTURE_75F87CE100B546AAB8A1C4132AF9DB17_AUTODXT_C49FDA8C4EFE04B87EBA5CB5A57D2__2F4FBB3C027F532CCC9B2D3C0B48F88564A6961C.udd" 441
"../../../Engine/Content/MobileResources/HUD/MobileHUDButton2_on.uasset" 442
"../../../Engine/DerivedDataCache/9/9/3/TEXTURE_75F87CE100B546AAB8A1C4132AF9DB17_AUTODXT_80A9E59646847B4846ED6DAF42DFE__402F92C8B8DED366C0B6D4E193D64599ED15DF14.udd" 443
"../../../Engine/DerivedDataCache/9/6/3/TEXTURE_75F87CE100B546AAB8A1C4132AF9DB17_AUTODXT_80A9E59646847B4846ED6DAF42DFE__6D81EB4AAC7DA2128CC82C73F523583584AF4D29.udd" 444
"../../../Engine/Content/MobileResources/HUD/MobileHUDButton2_off.uasset" 445
"../../../Engine/DerivedDataCache/6/6/4/TEXTURE_75F87CE100B546AAB8A1C4132AF9DB17_AUTODXT_D5542AFE4886708885DF42B1BE8F6__A3286FEC76B58EA694B36B251EBC1B55BC891EDE.udd" 446
"../../../Engine/Content/MobileResources/HUD/MobileHUDButton1_on.uasset" 447
"../../../Engine/Content/MobileResources/HUD/MobileHUDButton1_off.uasset" 448
"../../../Engine/DerivedDataCache/2/7/3/TEXTURE_75F87CE100B546AAB8A1C4132AF9DB17_AUTODXT_D5542AFE4886708885DF42B1BE8F6__7D354ED738CB77C435550DFF76DAD631B333B89F.udd" 449
"../../../Engine/DerivedDataCache/2/6/7/TEXTURE_75F87CE100B546AAB8A1C4132AF9DB17_AUTODXT_7BBBF743419EE004ACC16E9959BCC__BAC988F4B45C21A788C3642FBB3E67C34B0D52C1.udd" 450
"../../../Engine/DerivedDataCache/0/3/0/TEXTURE_75F87CE100B546AAB8A1C4132AF9DB17_AUTODXT_5FF2868842E6DED8A4C0CB8217190__9E4925FA8A70B6C7276537C1178678FA0FFA689F.udd" 451
"../../../Engine/Content/MobileResources/HUD/LeftVirtualJoystickOnly.uasset" 452
"../../../Engine/Content/MobileResources/HUD/DefaultVirtualJoysticks.uasset" 453
"../../../Engine/Content/MobileResources/HUD/AnalogHat.uasset" 454
"../../../Engine/Content/MobileResources/T_MobileMenu2.uasset" 455
"../../../Engine/Content/MobileResources/T_MobileControls_texture.uasset" 456
"../../../Engine/DerivedDataCache/3/8/9/TEXTURE_75F87CE100B546AAB8A1C4132AF9DB17_AUTODXT_2E1EE3B14D43A62B84881B8F5AAD2__7C24F214DE11E44A2A296DB34BE001E0B332A2E4.udd" 457
"../../../Engine/DerivedDataCache/1/8/2/TEXTURE_75F87CE100B546AAB8A1C4132AF9DB17_AUTODXT_9F8FBEF84A1997E30FD384955E3D8__34172882E1B5049D9427774AD14190A3EA6C7A2D.udd" 458
"../../../Engine/DerivedDataCache/2/4/6/TEXTURE_75F87CE100B546AAB8A1C4132AF9DB17_AUTODXT_9F8FBEF84A1997E30FD384955E3D8__3E63A8FE0800E9E764B2D7F69D2EB6F0D621AE2E.udd" 459
"../../../Engine/DerivedDataCache/8/8/5/TEXTURE_75F87CE100B546AAB8A1C4132AF9DB17_AUTODXT_9F8FBEF84A1997E30FD384955E3D8__245208D0A0B00BDC67CE7AB5A065205B2D3B6D77.udd" 460
"../../../../BaseBlank/Content/UI/Powers/UI_Power_Base.uasset" 461
"../../../Engine/DerivedDataCache/6/4/6/TEXTURE_75F87CE100B546AAB8A1C4132AF9DB17_AUTODXT_9F8FBEF84A1997E30FD384955E3D8__9911A93DE8F56AE56741BFA50567D011DDD559AF.udd" 462
"../../../Engine/DerivedDataCache/0/6/5/TEXTURE_75F87CE100B546AAB8A1C4132AF9DB17_AUTODXT_119D9D384F916FB5612DEB85B0124__CB3C93D6A995508198A0694ACBF683ED0EEB966A.udd" 463
"../../../Engine/DerivedDataCache/9/1/0/TEXTURE_75F87CE100B546AAB8A1C4132AF9DB17_AUTODXT_119D9D384F916FB5612DEB85B0124__05BDFEAE41DC970CF7A45116AF670C381A940378.udd" 464
"../../../Engine/DerivedDataCache/8/1/3/TEXTURE_75F87CE100B546AAB8A1C4132AF9DB17_AUTODXT_119D9D384F916FB5612DEB85B0124__239A89CD24F9F30EDB47CCEA3F883D6FDC695D6B.udd" 465
"../../../../BaseBlank/Content/Graph/Textures/UI/Label.uasset" 466
"../../../Engine/DerivedDataCache/7/1/2/TEXTURE_75F87CE100B546AAB8A1C4132AF9DB17_AUTODXT_119D9D384F916FB5612DEB85B0124__4BAF888EDDA82599B220AC1B903E9005D4944EFD.udd" 467
"../../../../BaseBlank/Content/Graph/Textures/UI/Powers/Normal/calma.uasset" 468
"../../../../BaseBlank/Content/Graph/Textures/UI/Powers/Over/calma_Over.uasset" 469
"../../../../BaseBlank/Content/UI/UI_Free_GameMode.uasset" 470
"../../../Engine/Content/EditorBlueprintResources/StandardMacros.uasset" 471
"../../../../BaseBlank/Content/Blueprints/BP_GameMode_Free.uasset" 472
"../../../../BaseBlank/Content/Blueprints/BP_Player_Camera.uasset" 473
"../../../../BaseBlank/Content/Blueprints/Powers/BP_Calm.uasset" 474
"../../../../BaseBlank/Content/UI/Powers/UI_PowerCAlm.uasset" 475
"../../../../BaseBlank/Content/Configurations/CFG_GameMode_Free.uasset" 476
"../../../../BaseBlank/Content/Blueprints/Powers/BP_Lightning.uasset" 477
"../../../../BaseBlank/Content/UI/Powers/UI_PowerLightning.uasset" 478
"../../../../BaseBlank/Content/Graph/Textures/UI/Powers/Normal/fulmine.uasset" 479
"../../../../BaseBlank/Content/Graph/Textures/UI/Powers/Over/fulmine_Over.uasset" 480
"../../../../BaseBlank/Content/Blueprints/Powers/BP_Fire.uasset" 481
"../../../../BaseBlank/Content/UI/Powers/UI_PowerFire.uasset" 482
"../../../../BaseBlank/Content/Graph/Textures/UI/Powers/Normal/fuoco.uasset" 483
"../../../../BaseBlank/Content/Graph/Textures/UI/Powers/Over/fuoco_Over.uasset" 484
"../../../../BaseBlank/Content/Blueprints/Powers/BP_Zombie.uasset" 485
"../../../../BaseBlank/Content/UI/Powers/UI_PowerZombie.uasset" 486
"../../../../BaseBlank/Content/Graph/Textures/UI/Powers/Normal/zombie.uasset" 487
"../../../../BaseBlank/Content/Graph/Textures/UI/Powers/Over/zombie_Over.uasset" 488
"../../../../BaseBlank/Content/Blueprints/BP_PlayerController.uasset" 489
"../../../../BaseBlank/Content/Graph/Textures/UI/Population.uasset" 490
"../../../../BaseBlank/Content/UI/FNT_Smilage.uasset" 491
"../../../../BaseBlank/Content/Graph/Textures/UI/Deaths.uasset" 492
"../../../../BaseBlank/Content/Graph/Textures/UI/Souls.uasset" 493
"../../../../BaseBlank/Content/Graph/Textures/UI/Close.uasset" 494
"../../../../BaseBlank/Content/Graph/Textures/UI/Close_Over.uasset" 495
"../../../../BaseBlank/Content/Graph/Textures/UI/Replay.uasset" 496
"../../../../BaseBlank/Content/Graph/Textures/UI/Replay_Over.uasset" 497
"../../../Engine/DerivedDataCache/8/7/4/TEXTURE_75F87CE100B546AAB8A1C4132AF9DB17_BGRA8_E136A6D9493AA4B22CF8D9961D9A397__A569F2FC499D0FDC92BB539E181A4F2F7CC1384C.udd" 498
"../../../Engine/DerivedDataCache/8/8/9/TEXTURE_75F87CE100B546AAB8A1C4132AF9DB17_BGRA8_AEC8E7324F6A11816695B0A0A67C61E__12D551FDFEAA2612738C8B1385292B04416ACA3A.udd" 499
"../../../Engine/DerivedDataCache/9/2/4/TEXTURE_75F87CE100B546AAB8A1C4132AF9DB17_BGRA8_F9E3AC03414D207DC41AA5B294A495D__695DE23862F4A1496143949D9CFC1335B9E775B1.udd" 500
"../../../Engine/DerivedDataCache/6/3/9/TEXTURE_75F87CE100B546AAB8A1C4132AF9DB17_BGRA8_7EE799224624E185508A3AB5BCBA9E0__90EF7D3727051FEF68C02ABE5B9A7687D4331B72.udd" 501
"../../../Engine/DerivedDataCache/2/3/6/TEXTURE_75F87CE100B546AAB8A1C4132AF9DB17_BGRA8_01C7C552F8447A3A1B60988DCDA83B1__A48677404A7A2E3604751D8F462DAE45290A5EEA.udd" 502
"../../../Engine/DerivedDataCache/0/2/9/TEXTURE_75F87CE100B546AAB8A1C4132AF9DB17_BGRA8_90BE807E4A5340E9CAE2FD9810FCA80__6630631EAF0C0DD1B30F7B26863619639221CDEC.udd" 503
"../../../Engine/DerivedDataCache/2/7/1/TEXTURE_75F87CE100B546AAB8A1C4132AF9DB17_BGRA8_1335C7C841D98F6111A085B863C9597__0AB131CFFE5860735F3EF5C923E87D8E5F7BA2BB.udd" 504
"../../../Engine/DerivedDataCache/3/4/4/TEXTURE_75F87CE100B546AAB8A1C4132AF9DB17_BGRA8_57EF60DF4DC38D0283F0DFB44EB393C__C326AEAD88BC9AB97181EFAC5CC5E391E42BFEFF.udd" 505
"../../../Engine/DerivedDataCache/6/2/9/TEXTURE_75F87CE100B546AAB8A1C4132AF9DB17_BGRA8_F997CB1F43662AC77A91A7B4D799FEA__7ABA3CBB21AC4723818E7AE5640B62FD0CF57344.udd" 506
"../../../Engine/DerivedDataCache/7/9/6/TEXTURE_75F87CE100B546AAB8A1C4132AF9DB17_BGRA8_063228B35F4AF47A49EAA9A9C791EFB__9C5BAAC1BA87C1F4E8708CC4924135384920184B.udd" 507
"../../../Engine/DerivedDataCache/5/7/2/TEXTURE_75F87CE100B546AAB8A1C4132AF9DB17_BGRA8_51E624347E43FCD8E5C73090E51AE26__DCC31DD4A8D7690F10D5F5D50ABD8E39BB2B7B71.udd" 508
"../../../../BaseBlank/Content/UI/Powers/UI_PowerCam.uasset" 509
"../../../../BaseBlank/Content/UI/UI_PowerButton.uasset" 510
"../../../../BaseBlank/Content/Scenes/FreeCam.umap" 511
"../../../Engine/Content/EngineSky/BP_Sky_Sphere.uasset" 512
"../../../Engine/DerivedDataCache/8/8/5/TEXTURE_75F87CE100B546AAB8A1C4132AF9DB17_BGRA8_4500E685D44C19C595DA139B53BBDB7__F1442BF2B007DF0F7935349CE354009F29CE62A4.udd" 513
"../../../Engine/Content/EngineSky/C_Sky_Cloud_Color.uasset" 514
"../../../Engine/Content/EngineSky/C_Sky_Horizon_Color.uasset" 515
"../../../Engine/Content/EngineSky/C_Sky_Zenith_Color.uasset" 516
"../../../Engine/DerivedDataCache/6/4/2/TEXTURE_75F87CE100B546AAB8A1C4132AF9DB17_BGRA8_96814072B94604444A2CE5AC797EB55__639AF9C8FB92CE477329599F7600E14E4DC74F74.udd" 517
"../../../Engine/Content/EngineSky/M_Sky_Panning_Clouds2.uasset" 518
"../../../Engine/DerivedDataCache/9/5/5/TEXTURE_75F87CE100B546AAB8A1C4132AF9DB17_BGRA8_B5D365A904424D0586FD3FAB3AD4127__CCF9B56165C0E4778073253AEEBAFDF04E0147E9.udd" 519
"../../../Engine/DerivedDataCache/0/7/3/TEXTURE_75F87CE100B546AAB8A1C4132AF9DB17_BGRA8_AA292E17F740575D329E219B1EE1B56__FD49E7428DC8AC4E1CAEA9A6BB9FF173EB5EE169.udd" 520
"../../../Engine/Content/EngineSky/T_Sky_Blue.uasset" 521
"../../../Engine/Content/EngineSky/T_Sky_Clouds_M.uasset" 522
"../../../Engine/Content/EngineSky/T_Sky_Stars.uasset" 523
"../../../Engine/DerivedDataCache/6/0/0/TEXTURE_75F87CE100B546AAB8A1C4132AF9DB17_BGRA8_2E9D9777D948F5A2552021A3F4B6F7C__31EA2D430FE0487A43D806E35ECC343CA568673D.udd" 524
"../../../Engine/Content/EngineSky/SM_SkySphere.uasset" 525
"../../../../BaseBlank/Content/Blueprints/BP_NPC.uasset" 526
"../../../../BaseBlank/Content/AnimStarterPack/Character/ASP_HeroTPP_AnimBlueprint.uasset" 527
"../../../../BaseBlank/Content/AnimStarterPack/Crouch_Idle_Rifle_Hip.uasset" 528
"../../../../BaseBlank/Content/AnimStarterPack/Character/HeroTPP_Skeleton.uasset" 529
"../../../../BaseBlank/Content/AnimStarterPack/Idle_Rifle_Hip.uasset" 530
"../../../../BaseBlank/Content/AnimStarterPack/Jump_From_Jog.uasset" 531
"../../../../BaseBlank/Content/AnimStarterPack/Jump_From_Stand.uasset" 532
"../../../../BaseBlank/Content/AnimStarterPack/Character/R_CrouchWalk.uasset" 533
"../../../../BaseBlank/Content/AnimStarterPack/Crouch_Walk_Bwd_Rifle_Hip.uasset" 534
"../../../../BaseBlank/Content/AnimStarterPack/Crouch_Walk_Fwd_Rifle_Hip.uasset" 535
"../../../../BaseBlank/Content/AnimStarterPack/Crouch_Walk_Lt_Rifle_Hip.uasset" 536
"../../../../BaseBlank/Content/AnimStarterPack/Crouch_Walk_Rt_Rifle_Hip.uasset" 537
"../../../../BaseBlank/Content/AnimStarterPack/Character/R_Jog.uasset" 538
"../../../../BaseBlank/Content/AnimStarterPack/Jog_Bwd_Rifle.uasset" 539
"../../../../BaseBlank/Content/AnimStarterPack/Jog_Fwd_Rifle.uasset" 540
"../../../../BaseBlank/Content/AnimStarterPack/Jog_Lt_Rifle.uasset" 541
"../../../../BaseBlank/Content/AnimStarterPack/Jog_Rt_Rifle.uasset" 542
"../../../../BaseBlank/Content/AnimStarterPack/Character/ASP_Character.uasset" 543
"../../../../BaseBlank/Content/AnimStarterPack/Character/HeroTPP.uasset" 544
"../../../Engine/Content/TemplateResources/MI_Template_BaseBlue.uasset" 545
"../../../Engine/Content/TemplateResources/M_Template_Master.uasset" 546
"../../../../BaseBlank/Content/AnimStarterPack/Character/HeroTPP_Physics.uasset" 547
"../../../../BaseBlank/Content/Blueprints/BP_AIController_NPC.uasset" 548
"../../../../BaseBlank/Content/Behaviors/NPC/Controller/BHT_NPCController.uasset" 549
"../../../../BaseBlank/Content/Behaviors/NPC/Controller/BLK_NPCController.uasset" 550
"../../../../BaseBlank/Content/Blueprints/BP_SpawnPoint.uasset" 551
"../../../../BaseBlank/Content/Blueprints/BP_NPC_Base.uasset" 552
"../../../../BaseBlank/Content/Behaviors/NPC/Character/BHT_BaseChr.uasset" 553
"../../../../BaseBlank/Content/Behaviors/NPC/Character/BLK_BaseChr.uasset" 554
"../../../../BaseBlank/Content/Configurations/CFG_Base_Npc.uasset" 555
"../../../../BaseBlank/Content/Graph/Materials/MAT_ED_Spawn.uasset" 556
"../../../../BaseBlank/Content/Graph/Shapes/Shape_Cube.uasset" 557
"../../../../BaseBlank/Content/Blueprints/BP_TargetPoint.uasset" 558
"../../../Engine/Content/MapTemplates/Materials/BasicAsset01.uasset" 559
"../../../Engine/Content/EditorMeshes/EditorCylinder.uasset" 560
"../../../Engine/Content/MapTemplates/SM_Template_Map_Floor.uasset" 561
"../../../Engine/DerivedDataCache/6/4/2/TEXTURE_75F87CE100B546AAB8A1C4132AF9DB17_AUTODXT_448D83D64D92F14E184FE88142360__9B3C66AEF066FEC3BFBD0855153EC0E9181C611D.udd" 562
"../../../Engine/DerivedDataCache/5/0/8/TEXTURE_75F87CE100B546AAB8A1C4132AF9DB17_BGRA8_017E72834BC6A481B9D2E7B57B15158__FC2DBA903979C62841738D0B8005A90ED6E561F9.udd" 563
"../../../Engine/DerivedDataCache/9/1/2/TEXTURE_75F87CE100B546AAB8A1C4132AF9DB17_AUTODXT_52640BB9425F976C53CF3FA787E7A__3FFD9531D6D79D669914553CA7F93F5F2C2E54AE.udd" 564
"../../../Engine/DerivedDataCache/7/7/7/MATSM_E2C1E89EE9AE4F3CA7B8E0F2C49B34EB_PCD3D_SM5_2__BC5N_DEV_SL_NODBUF6B7C81CB__2C830279874813972A6225F3E0108CF9A0F48A9D.udd" 565
"../../../Engine/DerivedDataCache/0/9/5/TEXTURE_75F87CE100B546AAB8A1C4132AF9DB17_AUTODXT_448D83D64D92F14E184FE88142360__5D109DB7533A79467E347F27C2325F39A2F05CF1.udd" 566
"../../../Engine/DerivedDataCache/8/4/2/TEXTURE_75F87CE100B546AAB8A1C4132AF9DB17_AUTODXT_52640BB9425F976C53CF3FA787E7A__6301A7A4C024DA82A23EA0FACDA73C084C56E910.udd" 567
"../../../Engine/DerivedDataCache/3/5/9/TEXTURE_75F87CE100B546AAB8A1C4132AF9DB17_AUTODXT_52640BB9425F976C53CF3FA787E7A__D460DE19DB58CB899F51F09BB9722FA445D68A9D.udd" 568
"../../../Engine/DerivedDataCache/6/2/5/TEXTURE_75F87CE100B546AAB8A1C4132AF9DB17_AUTODXT_52640BB9425F976C53CF3FA787E7A__ACF065559395A407CE0138CF2AD0B61B2A733795.udd" 569
"../../../Engine/DerivedDataCache/0/9/4/TEXTURE_75F87CE100B546AAB8A1C4132AF9DB17_AUTODXT_1A22E0EA9D41AD188072C7975739E__3311FF7A02362DDF512ACA08A8221A270D257AF3.udd" 570
"../../../Engine/DerivedDataCache/6/6/8/MATSM_E2C1E89EE9AE4F3CA7B8E0F2C49B34EB_PCD3D_SM4_2__BC5N_DEV_SL_NODBUF6B7C81CB__D84911D9CE6171DD7051D8D59A29BE1981669202.udd" 571
"../../../Engine/DerivedDataCache/2/5/2/TEXTURE_75F87CE100B546AAB8A1C4132AF9DB17_BGRA8_017E72834BC6A481B9D2E7B57B15158__092D9EBA6F15880F615801F001D42D0827C580F7.udd" 572
"../../../Engine/DerivedDataCache/7/1/3/TEXTURE_75F87CE100B546AAB8A1C4132AF9DB17_AUTODXT_448D83D64D92F14E184FE88142360__9246B19F5B3874E6DB8B9197167A5E4862AB3284.udd" 573
"../../../Engine/DerivedDataCache/4/1/8/TEXTURE_75F87CE100B546AAB8A1C4132AF9DB17_AUTODXT_448D83D64D92F14E184FE88142360__5A83CD766796B7EE3D42E6BA9EAFC4B453C6B409.udd" 574
"../../../Engine/DerivedDataCache/3/4/2/TEXTURE_75F87CE100B546AAB8A1C4132AF9DB17_AUTODXT_448D83D64D92F14E184FE88142360__954AB89749AE5E80CC231C4AE032F13B5B04CDC3.udd" 575
"../../../Engine/DerivedDataCache/3/2/1/TEXTURE_75F87CE100B546AAB8A1C4132AF9DB17_AUTODXT_448D83D64D92F14E184FE88142360__1D7E96AF205BFA6E39227FEAE57A06E27FDDEC36.udd" 576
"../../../Engine/DerivedDataCache/3/7/9/TEXTURE_75F87CE100B546AAB8A1C4132AF9DB17_AUTODXT_6689B9207846C885B8C51194A8D27__CBCE6F81FF64DFBB23E71A160D72E97447A1DA20.udd" 577
"../../../Engine/DerivedDataCache/4/0/9/STATICMESH_46A8778361B442A9523C54440EA1E9D_0DB5412B27AB480F844CC7F0BE5ABAFF_33__9306E39228303A0A7401816BBC78C10D567E596A.udd" 578
"../../../Engine/DerivedDataCache/4/2/9/TEXTURE_75F87CE100B546AAB8A1C4132AF9DB17_DXT1_C6D2E38EC44C6FBB1105588FD13AA73A__0C31B39BF6F0F998E39D3D4A62B458F205FFA066.udd" 579
"../../../Engine/DerivedDataCache/7/4/6/TEXTURE_75F87CE100B546AAB8A1C4132AF9DB17_AUTODXT_1A22E0EA9D41AD188072C7975739E__154288DB7F095BCFF2A70596B92EA396BB924573.udd" 580
"../../../Engine/DerivedDataCache/4/5/9/TEXTURE_75F87CE100B546AAB8A1C4132AF9DB17_DXT1_C6D2E38EC44C6FBB1105588FD13AA73A__A830272921882066E73B1515E0D0F9CCA58B9709.udd" 581
"../../../Engine/DerivedDataCache/1/5/5/TEXTURE_75F87CE100B546AAB8A1C4132AF9DB17_AUTODXT_1A22E0EA9D41AD188072C7975739E__276F2581C8B7CB2BD06F942D315C6FFF4DDB2D2E.udd" 582
"../../../Engine/DerivedDataCache/8/7/3/MATSM_E2C1E89EE9AE4F3CA7B8E0F2C49B34EB_PCD3D_SM5_2__BC5N_DEV_SL_NODBUF58D8A88C__77BFA9F6BEAAE11CC87A88D44EBA2BC6B886FEF3.udd" 583
"../../../Engine/DerivedDataCache/2/6/6/TEXTURE_75F87CE100B546AAB8A1C4132AF9DB17_DXT1_5C423D23C245DF3030D3D580FADEF211__38AE73E502BD85AB7FCD577EFA931FFAE738EA2F.udd" 584
"../../../Engine/DerivedDataCache/1/0/4/TEXTURE_75F87CE100B546AAB8A1C4132AF9DB17_BGRA8_B4730C54B64538B8D9969DA3D99257D__EAE8A8286DDE97C2CB4BF59FF24D14D11DFDD4F9.udd" 585
"../../../Engine/DerivedDataCache/4/0/3/TEXTURE_75F87CE100B546AAB8A1C4132AF9DB17_DXT1_C6D2E38EC44C6FBB1105588FD13AA73A__5E1E9EBCA94F72DF6151C205C1977E7F7DFED083.udd" 586
"../../../Engine/DerivedDataCache/4/2/8/TEXTURE_75F87CE100B546AAB8A1C4132AF9DB17_BGRA8_B4730C54B64538B8D9969DA3D99257D__99C5AC678EFFAD01BA72A944D3DB14894F84DA3D.udd" 587
"../../../Engine/DerivedDataCache/8/9/8/MATSM_E2C1E89EE9AE4F3CA7B8E0F2C49B34EB_PCD3D_SM4_2__BC5N_DEV_SL_NODBUF58D8A88C__8AAACCE22C325F4CB4673235C92BFB46CBAF8F54.udd" 588
"../../../Engine/DerivedDataCache/4/9/4/TEXTURE_75F87CE100B546AAB8A1C4132AF9DB17_BGRA8_51290DB8194E6F5C93638B91B2A39B8__B05D040AC3C4BAA00129C1BE8A10720A6496A501.udd" 589
"../../../Engine/DerivedDataCache/1/9/6/TEXTURE_75F87CE100B546AAB8A1C4132AF9DB17_BGRA8_017E72834BC6A481B9D2E7B57B15158__6A31F835B1F8BC90A9700D095E69D1E2F3B790EB.udd" 590
"../../../Engine/DerivedDataCache/3/6/3/MATSM_E2C1E89EE9AE4F3CA7B8E0F2C49B34EB_PCD3D_SM5_2__BC5N_DEV_SL_NODBUFC5F3FD9A__AB0E386F3F9EC3D6B7EDF71E3D2D5BC0C95DEC64.udd" 591
"../../../Engine/DerivedDataCache/7/6/8/TEXTURE_75F87CE100B546AAB8A1C4132AF9DB17_BGRA8_B4730C54B64538B8D9969DA3D99257D__750B4957E5240404BC8B7FD0DC4447445EADA354.udd" 592
"../../../Engine/DerivedDataCache/1/1/8/TEXTURE_75F87CE100B546AAB8A1C4132AF9DB17_BGRA8_017E72834BC6A481B9D2E7B57B15158__2A11E0324BE45059C06414F1C6E725D4CCB4A5BA.udd" 593
"../../../Engine/DerivedDataCache/3/6/4/TEXTURE_75F87CE100B546AAB8A1C4132AF9DB17_BGRA8_017E72834BC6A481B9D2E7B57B15158__1BCACE7195CBFEB3955D4A1192CAF18CB4C9C2D2.udd" 594
"../../../Engine/DerivedDataCache/2/8/5/TEXTURE_75F87CE100B546AAB8A1C4132AF9DB17_BGRA8_017E72834BC6A481B9D2E7B57B15158__473093D86C299CF17206316DDFB82BF50410CFD4.udd" 595
"../../../Engine/DerivedDataCache/1/5/5/MATSM_E2C1E89EE9AE4F3CA7B8E0F2C49B34EB_PCD3D_SM4_2__BC5N_DEV_SL_NODBUFC5F3FD9A__7076FF72AC279DD45B93F5B0F3F4F2DAEC6C9223.udd" 596
"../../../Engine/DerivedDataCache/1/0/6/STATICMESH_46A8778361B442A9523C54440EA1E9D_0DB5412B27AB480F844CC7F0BE5ABAFF_E3__F7ED03AA45D40C3452E77C9B758E7C00F16FB0E6.udd" 597
"../../../Engine/DerivedDataCache/6/3/2/PHYSX_$7B1F0627AE$2DABEB$2D4206$2D8D78$2DE16BEB5DDC7E$7D_PHYSXPC_3F90F2324F91E__3118112774042858A614390023C3388409581267.udd" 598
"../../../Engine/DerivedDataCache/4/0/2/MATSM_E2C1E89EE9AE4F3CA7B8E0F2C49B34EB_PCD3D_SM5_2__BC5N_DEV_SL_NODBUFDAAC538E__E08AE66FFC032966DE972FFD4444251573FEA36C.udd" 599
"../../../Engine/DerivedDataCache/3/3/5/MATSM_E2C1E89EE9AE4F3CA7B8E0F2C49B34EB_PCD3D_SM4_2__BC5N_DEV_SL_NODBUFDAAC538E__D3DAC79D28D328D54ADFD7CCB0C779D7A51784AC.udd" 600
"../../../Engine/DerivedDataCache/6/8/6/STATICMESH_46A8778361B442A9523C54440EA1E9D_0DB5412B27AB480F844CC7F0BE5ABAFF_4A__B310BF63E511295071814A3756F82DD0B3BC45E6.udd" 601
"../../../Engine/DerivedDataCache/8/6/9/PHYSX_$7B1F0627AE$2DABEB$2D4206$2D8D78$2DE16BEB5DDC7E$7D_PHYSXPC_B40300C148ACE__14B10FB5E4DA57B7F00471B4A734A8E7AC0440AC.udd" 602
"../../../Engine/DerivedDataCache/1/0/6/PHYSX_$7B1F0627AE$2DABEB$2D4206$2D8D78$2DE16BEB5DDC7E$7D_PHYSXPC_5B317765484284081FE8D8AC89C1D956__1_0_13073_0.udd" 603
"../../../Engine/DerivedDataCache/6/5/5/PHYSX_$7B1F0627AE$2DABEB$2D4206$2D8D78$2DE16BEB5DDC7E$7D_PHYSXPC_8749673890420276C8E7E389C77BCBF7__1_0_13073_0.udd" 604
"../../../Engine/DerivedDataCache/2/0/0/PHYSX_$7B1F0627AE$2DABEB$2D4206$2D8D78$2DE16BEB5DDC7E$7D_PHYSXPC_603403836341A73C8F7EFEAB3521E8C1__1_0_13073_0.udd" 605
"../../../Engine/DerivedDataCache/8/0/9/STATICMESH_46A8778361B442A9523C54440EA1E9D_0DB5412B27AB480F844CC7F0BE5ABAFF_68__6845FC3D669B5901249F5EB1AF94E109A787316C.udd" 606
"../../../Engine/DerivedDataCache/1/8/1/PHYSX_$7B1F0627AE$2DABEB$2D4206$2D8D78$2DE16BEB5DDC7E$7D_PHYSXPC_E640A4FE4A758__0BCF4B98001319AA6195455DFFE593ACC648F7DC.udd" 607
"../../../Engine/DerivedDataCache/8/7/6/PHYSX_$7B1F0627AE$2DABEB$2D4206$2D8D78$2DE16BEB5DDC7E$7D_PHYSXPC_3629543FD947466D1E3EB1950E078D82__1_0_13073_0.udd" 608
"../../../Engine/DerivedDataCache/8/3/8/PHYSX_$7B1F0627AE$2DABEB$2D4206$2D8D78$2DE16BEB5DDC7E$7D_PHYSXPC_823F8A65CA474DBA69D6039D02D15A59__1_0_13073_0.udd" 609
"../../../../BaseBlank/Content/AnimStarterPack/Showcase.umap" 610
"../../../../BaseBlank/Content/AnimStarterPack/Crouch_Idle_Rifle_Ironsights.uasset" 611
"../../../../BaseBlank/Content/AnimStarterPack/Crouch_Walk_Fwd_Rifle_Ironsights.uasset" 612
"../../../../BaseBlank/Content/AnimStarterPack/Equip_Pistol_Standing.uasset" 613
"../../../../BaseBlank/Content/AnimStarterPack/Fire_Rifle_Ironsights.uasset" 614
"../../../../BaseBlank/Content/AnimStarterPack/Hit_React_1.uasset" 615
"../../../../BaseBlank/Content/AnimStarterPack/Hit_React_2.uasset" 616
"../../../../BaseBlank/Content/AnimStarterPack/Hit_React_3.uasset" 617
"../../../../BaseBlank/Content/AnimStarterPack/Idle_Rifle_Hip_Break1.uasset" 618
"../../../../BaseBlank/Content/AnimStarterPack/Idle_Rifle_Hip_Break2.uasset" 619
"../../../../BaseBlank/Content/AnimStarterPack/Reload_Rifle_Hip.uasset" 620
"../../../../BaseBlank/Content/AnimStarterPack/Walk_Fwd_Rifle_Ironsights.uasset" 621
"../../../Engine/Content/TemplateResources/MI_Template_BaseGray_03_Metal.uasset" 622
"../../../Engine/DerivedDataCache/6/1/4/TEXTURE_75F87CE100B546AAB8A1C4132AF9DB17_DXT1_C6DAF81942042B72CB75EAAB41D4E1D4__80E821B93C12BADC56F6FA9497521810C6E38A41.udd" 623
"../../../Engine/DerivedDataCache/8/1/3/TEXTURE_75F87CE100B546AAB8A1C4132AF9DB17_AUTODXT_26B3FAE8426EEC7B3A8286A80BF87__CCA690C452CD60DED58150BD40C71733ADA13D39.udd" 624
"../../../Engine/DerivedDataCache/2/1/2/TEXTURE_75F87CE100B546AAB8A1C4132AF9DB17_AUTODXT_43364B4947630FF00CB586B67AF95__98895A3DE347471DAA9BF214768815FC44971E3B.udd" 625
"../../../Engine/DerivedDataCache/5/1/1/TEXTURE_75F87CE100B546AAB8A1C4132AF9DB17_BGRA8_1158EACE4F0FFABA7803878BA687E13__0EA9E12B561278B4120BE5DD696EAF990BA247CC.udd" 626
"../../../Engine/DerivedDataCache/8/3/6/PHYSX_$7B1F0627AE$2DABEB$2D4206$2D8D78$2DE16BEB5DDC7E$7D_PHYSXPC_F2BE97B649C37711C2DF818CEB2D6D11__1_0_13073_0.udd" 627
"../../../Engine/DerivedDataCache/0/5/1/PHYSX_$7B1F0627AE$2DABEB$2D4206$2D8D78$2DE16BEB5DDC7E$7D_PHYSXPC_245527C24C30A637E2284CB9CB8DDE1E__1_0_13073_0.udd" 628
"../../../Engine/DerivedDataCache/4/2/1/PHYSX_$7B1F0627AE$2DABEB$2D4206$2D8D78$2DE16BEB5DDC7E$7D_PHYSXPC_408C75FF46BDF3532F954394A8532464__1_0_13073_0.udd" 629
"../../../Engine/DerivedDataCache/7/3/9/PHYSX_$7B1F0627AE$2DABEB$2D4206$2D8D78$2DE16BEB5DDC7E$7D_PHYSXPC_6F2C11834BCCBB0E291537B11129B3B7__1_0_13073_0.udd" 630
"../../../Engine/DerivedDataCache/2/0/0/PHYSX_$7B1F0627AE$2DABEB$2D4206$2D8D78$2DE16BEB5DDC7E$7D_PHYSXPC_64AF04824ADA5ECF03942C95F9B48326__1_0_13073_0.udd" 631
"../../../Engine/DerivedDataCache/7/7/2/PHYSX_$7B1F0627AE$2DABEB$2D4206$2D8D78$2DE16BEB5DDC7E$7D_PHYSXPC_5836604344EA8FBC0258A884A32E1FD8__1_0_13073_0.udd" 632
"../../../Engine/DerivedDataCache/3/6/8/PHYSX_$7B1F0627AE$2DABEB$2D4206$2D8D78$2DE16BEB5DDC7E$7D_PHYSXPC_88A6D9604E4F5802398D758CAA0DF3B7__1_0_13073_0.udd" 633
"../../../Engine/DerivedDataCache/3/2/3/PHYSX_$7B1F0627AE$2DABEB$2D4206$2D8D78$2DE16BEB5DDC7E$7D_PHYSXPC_B731A7744A8BD694D9958B81737C5F53__1_0_13073_0.udd" 634
"../../../../BaseBlank/Content/Graph/Textures/UI/Powers/Over/tornado_Over.uasset" 635
"../../../Engine/DerivedDataCache/2/8/6/TEXTURE_75F87CE100B546AAB8A1C4132AF9DB17_BGRA8_279D69CD4D14310EB1686BBFC1636CE__B572E8185A2984EF64D629C6FCD354BC9A087E0C.udd" 636
"../../../../BaseBlank/Content/Graph/Textures/UI/Powers/Over/terremoto_Over.uasset" 637
"../../../../BaseBlank/Content/Graph/Textures/UI/Powers/Over/sunshine_Over.uasset" 638
"../../../Engine/DerivedDataCache/0/9/0/TEXTURE_75F87CE100B546AAB8A1C4132AF9DB17_BGRA8_AB6DC3254E0C33B5276D8CA56B9CF2D__0885EA6C6C34F009FA0E7399E7EF339B413C90E1.udd" 639
"../../../Engine/DerivedDataCache/3/4/4/TEXTURE_75F87CE100B546AAB8A1C4132AF9DB17_BGRA8_0F3B77154853967042DB3F86F2B973D__EE4AF0FDE09A71F7BAF860706FEACB71E9EB9C2C.udd" 640
"../../../../BaseBlank/Content/Graph/Textures/UI/Powers/Over/rabbia_Over.uasset" 641
"../../../Engine/DerivedDataCache/0/0/9/TEXTURE_75F87CE100B546AAB8A1C4132AF9DB17_BGRA8_58689551442C1131F9896C9D9E16F45__F5E55EDB6AC08DD7C4E36EC9B11D5F360E7414B8.udd" 642
"../../../../BaseBlank/Content/Graph/Textures/UI/Powers/Over/prete_Over.uasset" 643
"../../../Engine/DerivedDataCache/3/4/9/TEXTURE_75F87CE100B546AAB8A1C4132AF9DB17_BGRA8_4904356749248E99A62789AA65141AF__FA2F2261791D734AFA944D0393EDEF65D41763A3.udd" 644
"../../../../BaseBlank/Content/Graph/Textures/UI/Powers/Over/possiedi_Over.uasset" 645
"../../../Engine/DerivedDataCache/0/7/9/TEXTURE_75F87CE100B546AAB8A1C4132AF9DB17_BGRA8_644D7F5E438D72BA54BD598F0791C5C__A073777DCA1F6105A4FCF30F2BBDB924F4815C58.udd" 646
"../../../../BaseBlank/Content/Graph/Textures/UI/Powers/Over/piuma_Over.uasset" 647
"../../../../BaseBlank/Content/Graph/Textures/UI/Powers/Over/piaga_Over.uasset" 648
"../../../Engine/DerivedDataCache/2/4/4/TEXTURE_75F87CE100B546AAB8A1C4132AF9DB17_BGRA8_A12C57094CACC92CD2244F929B36CDD__E9E08987B2F9CD19BEE2C381A76B8EBD667AC4A5.udd" 649
"../../../Engine/DerivedDataCache/2/9/0/TEXTURE_75F87CE100B546AAB8A1C4132AF9DB17_BGRA8_9DE1D3164D6E6C6AB7AB328AB440C23__B5F69740A3D3A5E5E675816CB80B2756C5C982A3.udd" 650
"../../../../BaseBlank/Content/Graph/Textures/UI/Powers/Over/peste_Over.uasset" 651
"../../../../BaseBlank/Content/Graph/Textures/UI/Powers/Over/pazzia_Over.uasset" 652
"../../../Engine/DerivedDataCache/4/9/9/TEXTURE_75F87CE100B546AAB8A1C4132AF9DB17_BGRA8_6679D0D843D9C5F168BD40B468B481E__29DEEA52F11DA97A469E380D467757D2B8737256.udd" 653
"../../../../BaseBlank/Content/Graph/Textures/UI/Powers/Over/obesita_Over.uasset" 654
"../../../Engine/DerivedDataCache/7/3/5/TEXTURE_75F87CE100B546AAB8A1C4132AF9DB17_BGRA8_0D35BE7540118ABA842C76A962E94A2__2C3A4D58862DE25412D627DDF817B6A1D7D73356.udd" 655
"../../../Engine/DerivedDataCache/2/0/2/TEXTURE_75F87CE100B546AAB8A1C4132AF9DB17_BGRA8_8878B7A540C2D57E7FDAA9AEAA93538__3865E1208869276B4B67D9C11DA91F4927E8E47F.udd" 656
"../../../../BaseBlank/Content/Graph/Textures/UI/Powers/Over/nuclear-bomb_Over.uasset" 657
"../../../Engine/DerivedDataCache/3/5/8/TEXTURE_75F87CE100B546AAB8A1C4132AF9DB17_BGRA8_70C72B544DA02C693212A4976227895__4C1B81DA6E43CC4C2EFA12E4955DBA822214E0CE.udd" 658
"../../../../BaseBlank/Content/Graph/Textures/UI/Powers/Over/mina_Over.uasset" 659
"../../../Engine/DerivedDataCache/0/8/2/TEXTURE_75F87CE100B546AAB8A1C4132AF9DB17_BGRA8_951D19464AF09349A8B4B2B5171AF32__6C90C7B126BD45AD8178E94208D683096C83C18E.udd" 660
"../../../../BaseBlank/Content/Graph/Textures/UI/Powers/Over/meteora_Over.uasset" 661
"../../../../BaseBlank/Content/Graph/Textures/UI/Powers/Over/innondazione_Over.uasset" 662
"../../../Engine/DerivedDataCache/5/5/6/TEXTURE_75F87CE100B546AAB8A1C4132AF9DB17_BGRA8_FD92FE634BF12081DB1BD4BFC3C04DA__1DFA09D1C0DA8B8AA5CED9B0A7B2F5876F64DD67.udd" 663
"../../../../BaseBlank/Content/Graph/Textures/UI/Powers/Over/droga_Over.uasset" 664
"../../../Engine/DerivedDataCache/3/0/1/TEXTURE_75F87CE100B546AAB8A1C4132AF9DB17_BGRA8_9DCB28914AFFA4FD809936BAF905310__B018D34EC05770A1F47581AC6BC3FAD0C0615B10.udd" 665
"../../../Engine/DerivedDataCache/4/6/1/TEXTURE_75F87CE100B546AAB8A1C4132AF9DB17_BGRA8_5F6F384143E26AF20D853389523F07B__1743CC9388B16B1D18C3DEA4E7FA757E0B7615B9.udd" 666
"../../../../BaseBlank/Content/Graph/Textures/UI/Powers/Over/crollo_Over.uasset" 667
"../../../Engine/DerivedDataCache/0/9/8/TEXTURE_75F87CE100B546AAB8A1C4132AF9DB17_BGRA8_EF7E1FE045ABEBAB24A076A984949D9__471D5666D3E032060BD9AE17551D8806415EF0C7.udd" 668
"../../../../BaseBlank/Content/Graph/Textures/UI/Powers/Over/cecita_Over.uasset" 669
"../../../Engine/DerivedDataCache/8/4/1/TEXTURE_75F87CE100B546AAB8A1C4132AF9DB17_BGRA8_4869EF8246C3C7FCDB33A8B337C3AA7__CF5B2401CD6D8EDB56FD87397523264DC34E80C8.udd" 670
"../../../../BaseBlank/Content/Graph/Textures/UI/Powers/Over/buco-nella-terra_Over.uasset" 671
"../../../../BaseBlank/Content/Graph/Textures/UI/Powers/Over/boom_Over.uasset" 672
"../../../Engine/DerivedDataCache/5/0/1/TEXTURE_75F87CE100B546AAB8A1C4132AF9DB17_BGRA8_B91E50924437BABD6C4446B2C418F3F__C471A363D83165F5171C180EC9F1347AFAACA404.udd" 673
"../../../Engine/DerivedDataCache/1/2/7/TEXTURE_75F87CE100B546AAB8A1C4132AF9DB17_BGRA8_51B7B1074DFD7114649CBEBA69CC750__2E79B14F1A815AC507650F5964E0ED9BE840D05B.udd" 674
"../../../../BaseBlank/Content/Graph/Textures/UI/Powers/Over/bomb-man_Over.uasset" 675
"../../../Engine/DerivedDataCache/6/8/6/TEXTURE_75F87CE100B546AAB8A1C4132AF9DB17_BGRA8_B75C92D44A1F151D5B0C46A0BD55CCB__91E1875C65AC0B562E12E92D6AD32130762A33AA.udd" 676
"../../../../BaseBlank/Content/Graph/Textures/UI/Powers/Over/benzina_Over.uasset" 677
"../../../Engine/DerivedDataCache/1/2/5/TEXTURE_75F87CE100B546AAB8A1C4132AF9DB17_BGRA8_661E15584BC81D72F6FF439745F141E__62EA5E48351377AC5F7AC8DF96BEA0AF6113EBDA.udd" 678
"../../../../BaseBlank/Content/Graph/Textures/UI/Powers/Over/attira_Over.uasset" 679
"../../../Engine/DerivedDataCache/5/8/8/TEXTURE_75F87CE100B546AAB8A1C4132AF9DB17_BGRA8_FC417681499A1A9285CE2BA85FA1657__806732E230A95AED87F3709209899AE6E88A9953.udd" 680
"../../../../BaseBlank/Content/Graph/Textures/UI/Powers/Over/attacco-di-cuore_Over.uasset" 681
"../../../Engine/DerivedDataCache/9/6/8/TEXTURE_75F87CE100B546AAB8A1C4132AF9DB17_BGRA8_5A7B05BB4DA183C21D12A7B7096E7A5__1D328576EC292E72E8568FB33964D647D6297BF4.udd" 682
"../../../../BaseBlank/Content/Graph/Textures/UI/Powers/Over/animal-attack_Over.uasset" 683
"../../../../BaseBlank/Content/Graph/Textures/UI/Powers/Over/acido_Over.uasset" 684
"../../../Engine/DerivedDataCache/6/6/5/TEXTURE_75F87CE100B546AAB8A1C4132AF9DB17_BGRA8_6DFA7F554933D180B3107EA65D0407B__4610BCD849B3B98B71EAA6644F583AB95973F2E5.udd" 685
"../../../../BaseBlank/Content/Graph/Textures/UI/Powers/Normal/tornado.uasset" 686
"../../../Engine/DerivedDataCache/6/7/1/TEXTURE_75F87CE100B546AAB8A1C4132AF9DB17_BGRA8_5F80F9F04D03B9F24BE45BB8FC2745C__AB957A9FFF5A02AC4AE7F8F2EB42EEB3AC7DB09D.udd" 687
"../../../Engine/DerivedDataCache/2/0/5/TEXTURE_75F87CE100B546AAB8A1C4132AF9DB17_BGRA8_248607E54C4F050A2B8B35BFB9700E4__E9DA92F538C01B01639520306ED70466D3DADEC8.udd" 688
"../../../../BaseBlank/Content/Graph/Textures/UI/Powers/Normal/terremoto.uasset" 689
"../../../../BaseBlank/Content/Graph/Textures/UI/Powers/Normal/sunshine.uasset" 690
"../../../Engine/DerivedDataCache/4/8/0/TEXTURE_75F87CE100B546AAB8A1C4132AF9DB17_BGRA8_5DC6D51A42212BA711D840B255E226F__6C9DA044F36019E8B838E387FBEF8FBD11C19294.udd" 691
"../../../Engine/DerivedDataCache/3/5/8/TEXTURE_75F87CE100B546AAB8A1C4132AF9DB17_BGRA8_5370F16E43423EBBF133DC906197F7B__AF1BA8E37CB27D8F556A53C4D930A8A9362AEFBB.udd" 692
"../../../../BaseBlank/Content/Graph/Textures/UI/Powers/Normal/rabbia.uasset" 693
"../../../../BaseBlank/Content/Graph/Textures/UI/Powers/Normal/prete.uasset" 694
"../../../Engine/DerivedDataCache/3/2/6/TEXTURE_75F87CE100B546AAB8A1C4132AF9DB17_BGRA8_404DB20245D4D265483F1D96E8452C0__DAD742054E633D8C2F02B8292483F33059A1BF1D.udd" 695
"../../../Engine/DerivedDataCache/5/1/6/TEXTURE_75F87CE100B546AAB8A1C4132AF9DB17_BGRA8_A1D3404E471E22368970A08CFE22ACD__A1B1BBB26ACA7C9D480DBA0D09BE26DE06F380AA.udd" 696
"../../../../BaseBlank/Content/Graph/Textures/UI/Powers/Normal/possiedi.uasset" 697
"../../../Engine/DerivedDataCache/5/1/7/TEXTURE_75F87CE100B546AAB8A1C4132AF9DB17_BGRA8_61327C05455D414AD75255BBCA37F66__9177529E02C1DCBEC30595454EBDC1C9C5E772CF.udd" 698
"../../../../BaseBlank/Content/Graph/Textures/UI/Powers/Normal/piuma.uasset" 699
"../../../Engine/DerivedDataCache/6/8/4/TEXTURE_75F87CE100B546AAB8A1C4132AF9DB17_BGRA8_1D0E8FAA4345E6BE86D0E5BA235208A__5EB648EA602325756539416576351B244BFFB73F.udd" 700
"../../../../BaseBlank/Content/Graph/Textures/UI/Powers/Normal/piaga.uasset" 701
"../../../Engine/DerivedDataCache/4/3/8/TEXTURE_75F87CE100B546AAB8A1C4132AF9DB17_BGRA8_F73EFD2B44C3C6537EA66B9B7669A11__4C4811817F0BECB732A06833001549393658E511.udd" 702
"../../../../BaseBlank/Content/Graph/Textures/UI/Powers/Normal/peste.uasset" 703
"../../../../BaseBlank/Content/Graph/Textures/UI/Powers/Normal/pazzia.uasset" 704
"../../../Engine/DerivedDataCache/2/3/5/TEXTURE_75F87CE100B546AAB8A1C4132AF9DB17_BGRA8_7E57BE2844BD270BC14E7E85700769B__095ED4EC1659E8D31BF9F7A3903B75BBE9D09C0C.udd" 705
"../../../Engine/DerivedDataCache/4/4/8/TEXTURE_75F87CE100B546AAB8A1C4132AF9DB17_BGRA8_03CE5D0A4255A2DFE774F5A48B25106__58D1EB27E118C927E8249C07D53C8139AF9F847E.udd" 706
"../../../../BaseBlank/Content/Graph/Textures/UI/Powers/Normal/obesita.uasset" 707
"../../../../BaseBlank/Content/Graph/Textures/UI/Powers/Normal/nuclear-bomb.uasset" 708
"../../../Engine/DerivedDataCache/1/9/5/TEXTURE_75F87CE100B546AAB8A1C4132AF9DB17_BGRA8_61AABEE2467DE8DFAF9F4BBF3084CF2__BED630DE894CDE8556230AA73B04833A7E3DDD23.udd" 709
"../../../Engine/DerivedDataCache/5/5/0/TEXTURE_75F87CE100B546AAB8A1C4132AF9DB17_BGRA8_3C295C5749CDE34BA639D68DB93062E__F1F5004D58684F9101F9590E94B994A55C988695.udd" 710
"../../../../BaseBlank/Content/Graph/Textures/UI/Powers/Normal/mina.uasset" 711
"../../../Engine/DerivedDataCache/2/2/5/TEXTURE_75F87CE100B546AAB8A1C4132AF9DB17_BGRA8_38686ED74A19B0017928528600CF6C7__D9D51323F169308998043B6883C188FC04313856.udd" 712
"../../../../BaseBlank/Content/Graph/Textures/UI/Powers/Normal/meteora.uasset" 713
"../../../Engine/DerivedDataCache/3/7/1/TEXTURE_75F87CE100B546AAB8A1C4132AF9DB17_BGRA8_1D3826614D5E1906147570A9558A3D0__5876853AFF00F02722EBFE29CB7A15ECB5F66792.udd" 714
"../../../../BaseBlank/Content/Graph/Textures/UI/Powers/Normal/innondazione.uasset" 715
"../../../Engine/DerivedDataCache/6/1/7/TEXTURE_75F87CE100B546AAB8A1C4132AF9DB17_BGRA8_2F4ABF1548A5C2366E9F029E95BD724__39D64CF0FBDBA945056817E8A2F179EF4487DA6F.udd" 716
"../../../../BaseBlank/Content/Graph/Textures/UI/Powers/Normal/droga.uasset" 717
"../../../Engine/DerivedDataCache/4/8/0/TEXTURE_75F87CE100B546AAB8A1C4132AF9DB17_BGRA8_FCC5230D4D5D1B66FC3EA5AF247B702__EE6CE58E181A6A17A08E33E826B072EBEF56D220.udd" 718
"../../../../BaseBlank/Content/Graph/Textures/UI/Powers/Normal/crollo.uasset" 719
"../../../Engine/DerivedDataCache/2/8/0/TEXTURE_75F87CE100B546AAB8A1C4132AF9DB17_BGRA8_BE641268439B64917ECD06BAD277016__A9539688C07002CED5A37DAAA5F708258FC3764C.udd" 720
"../../../../BaseBlank/Content/Graph/Textures/UI/Powers/Normal/cecita.uasset" 721
"../../../../BaseBlank/Content/Graph/Textures/UI/Powers/Normal/buco-nella-terra.uasset" 722
"../../../Engine/DerivedDataCache/0/7/4/TEXTURE_75F87CE100B546AAB8A1C4132AF9DB17_BGRA8_BB87241A4F4F6A2E2DF06F84351A56C__CAFACA5C08F708A7C14498FBC524F1C9F03BA8DB.udd" 723
"../../../Engine/DerivedDataCache/4/5/0/TEXTURE_75F87CE100B546AAB8A1C4132AF9DB17_BGRA8_7D3867394278C2746561A887B656049__5DA19BD3B4721F24229A864D57C681DF2B4E024C.udd" 724
"../../../../BaseBlank/Content/Graph/Textures/UI/Powers/Normal/boom.uasset" 725
"../../../Engine/DerivedDataCache/0/3/5/TEXTURE_75F87CE100B546AAB8A1C4132AF9DB17_BGRA8_391AB3E04D123B465370EB931C5B91E__FCDBF13AFA5BA7F7FE2B77E1EC0682A03C2A5A54.udd" 726
"../../../../BaseBlank/Content/Graph/Textures/UI/Powers/Normal/bomb-man.uasset" 727
"../../../Engine/DerivedDataCache/0/1/2/TEXTURE_75F87CE100B546AAB8A1C4132AF9DB17_BGRA8_FFE5B01E44A05DE2EB58C9AC4650220__8C7E78FECBC86C5ABF711AA40E139E3AD938B72D.udd" 728
"../../../../BaseBlank/Content/Graph/Textures/UI/Powers/Normal/benzina.uasset" 729
"../../../Engine/DerivedDataCache/3/6/0/TEXTURE_75F87CE100B546AAB8A1C4132AF9DB17_BGRA8_3E6542D94C668AF2417FA7B0FDB7203__01A734D4874F47FDC79B4DE726FEB770592F6E23.udd" 730
"../../../../BaseBlank/Content/Graph/Textures/UI/Powers/Normal/attira.uasset" 731
"../../../Engine/DerivedDataCache/7/9/6/TEXTURE_75F87CE100B546AAB8A1C4132AF9DB17_BGRA8_A223EE4146AD60BE812A2EAC562F513__C024AB0C0300AFDCD9D2298D8AACFFEBAEA4AFC5.udd" 732
"../../../../BaseBlank/Content/Graph/Textures/UI/Powers/Normal/attacco-di-cuore.uasset" 733
"../../../Engine/DerivedDataCache/7/3/6/TEXTURE_75F87CE100B546AAB8A1C4132AF9DB17_BGRA8_E9A221C54CE71DCA8DEA36BD96AB2EB__0E04EA41A1E3934318A90EB81B4840B49C2A571A.udd" 734
"../../../../BaseBlank/Content/Graph/Textures/UI/Powers/Normal/animal-attack.uasset" 735
"../../../Engine/DerivedDataCache/6/3/6/TEXTURE_75F87CE100B546AAB8A1C4132AF9DB17_BGRA8_F833932342C848A90C469E9082EC5AC__66D5B9D519A6AF4A7D4807B1CEFFC5BDFDD25FCF.udd" 736
"../../../../BaseBlank/Content/Graph/Textures/UI/Powers/Normal/acido.uasset" 737
"../../../Engine/DerivedDataCache/3/9/7/TEXTURE_75F87CE100B546AAB8A1C4132AF9DB17_BGRA8_4F258BF643CF2D41456F2C86FF8F996__6B6B8AFBFF43F742B9F34053249B15E18CE1CDA0.udd" 738
"../../../../BaseBlank/Content/Graph/Shapes/Shape_WideCapsule.uasset" 739
"../../../Engine/DerivedDataCache/2/5/3/STATICMESH_46A8778361B442A9523C54440EA1E9D_0DB5412B27AB480F844CC7F0BE5ABAFF_D5__7ADFBF51AF2553A12583C987E520C0783235AA86.udd" 740
"../../../Engine/DerivedDataCache/7/5/8/PHYSX_$7B1F0627AE$2DABEB$2D4206$2D8D78$2DE16BEB5DDC7E$7D_PHYSXPC_5C0AA41F4C806__CAE2E3C68BAF2B43DB0105E3343544CFD2CADC19.udd" 741
"../../../../BaseBlank/Content/Graph/Shapes/Shape_Wedge_B.uasset" 742
"../../../Engine/DerivedDataCache/0/5/9/STATICMESH_46A8778361B442A9523C54440EA1E9D_0DB5412B27AB480F844CC7F0BE5ABAFF_AD__F7D835A17368DE3512F03D9AB6EE0BFFC7153D4B.udd" 743
"../../../Engine/DerivedDataCache/9/8/3/PHYSX_$7B1F0627AE$2DABEB$2D4206$2D8D78$2DE16BEB5DDC7E$7D_PHYSXPC_2F952DDD4C547__A727ED23644327751C6ED82B7F0FEA09D4FE72E0.udd" 744
"../../../../BaseBlank/Content/Graph/Shapes/Shape_Wedge_A.uasset" 745
"../../../Engine/DerivedDataCache/1/7/4/STATICMESH_46A8778361B442A9523C54440EA1E9D_0DB5412B27AB480F844CC7F0BE5ABAFF_87__21657A27FA8C0D6534FC263555C8353AFB8AD0B6.udd" 746
"../../../Engine/DerivedDataCache/0/7/8/PHYSX_$7B1F0627AE$2DABEB$2D4206$2D8D78$2DE16BEB5DDC7E$7D_PHYSXPC_AEE7EAC941823__A50D91250217E7DB43EE54B4C654CB606C1D7703.udd" 747
"../../../../BaseBlank/Content/Graph/Shapes/Shape_Tube.uasset" 748
"../../../Engine/DerivedDataCache/3/6/3/STATICMESH_46A8778361B442A9523C54440EA1E9D_0DB5412B27AB480F844CC7F0BE5ABAFF_00__6F1504FE9063DD514F51BF443ECD41B8F6A46922.udd" 749
"../../../Engine/DerivedDataCache/2/6/1/PHYSX_$7B1F0627AE$2DABEB$2D4206$2D8D78$2DE16BEB5DDC7E$7D_PHYSXPC_79EB1F2942E1C__0E7A8CF535058891AE9DF528B17AA3BFF8664674.udd" 750
"../../../../BaseBlank/Content/Graph/Shapes/Shape_TriPyramid.uasset" 751
"../../../Engine/DerivedDataCache/7/0/9/STATICMESH_46A8778361B442A9523C54440EA1E9D_0DB5412B27AB480F844CC7F0BE5ABAFF_E7__DB70AA31D8F8AB35BE8535FFA55CC342CCF028E6.udd" 752
"../../../Engine/DerivedDataCache/6/7/1/PHYSX_$7B1F0627AE$2DABEB$2D4206$2D8D78$2DE16BEB5DDC7E$7D_PHYSXPC_8BB699794D1F4__DAF88703EA9095257999FF67399A13A62CAB62F0.udd" 753
"../../../../BaseBlank/Content/Graph/Shapes/Shape_Trim_90_Out.uasset" 754
"../../../Engine/DerivedDataCache/3/9/3/STATICMESH_46A8778361B442A9523C54440EA1E9D_0DB5412B27AB480F844CC7F0BE5ABAFF_77__8D2CF6DF5384929F3CD6D21F7A46D68300BF0BCE.udd" 755
"../../../Engine/DerivedDataCache/5/2/5/PHYSX_$7B1F0627AE$2DABEB$2D4206$2D8D78$2DE16BEB5DDC7E$7D_PHYSXPC_2B819EB249985__FA0C4EFCF963C45E7FC7E3ABA3918932149E90D5.udd" 756
"../../../../BaseBlank/Content/Graph/Shapes/Shape_Trim_90_In.uasset" 757
"../../../Engine/DerivedDataCache/0/2/8/STATICMESH_46A8778361B442A9523C54440EA1E9D_0DB5412B27AB480F844CC7F0BE5ABAFF_A4__312AA253776CF035DEBA25E77D0046372026FCE6.udd" 758
"../../../Engine/DerivedDataCache/0/4/1/PHYSX_$7B1F0627AE$2DABEB$2D4206$2D8D78$2DE16BEB5DDC7E$7D_PHYSXPC_B1BC1D5E4CF50__6CA48BFD5E1F8AF5FC5BB34669062B02389EDB01.udd" 759
"../../../../BaseBlank/Content/Graph/Shapes/Shape_Trim.uasset" 760
"../../../Engine/DerivedDataCache/8/1/6/STATICMESH_46A8778361B442A9523C54440EA1E9D_0DB5412B27AB480F844CC7F0BE5ABAFF_56__E36DB349A79CAAD7F1426DEA1880EE42A4521AEE.udd" 761
"../../../Engine/DerivedDataCache/0/4/6/PHYSX_$7B1F0627AE$2DABEB$2D4206$2D8D78$2DE16BEB5DDC7E$7D_PHYSXPC_CBB1943E49795__10129E2F5B50B538A7C9C10672C2C5C66347CB16.udd" 762
"../../../../BaseBlank/Content/Graph/Shapes/Shape_Torus.uasset" 763
"../../../Engine/DerivedDataCache/0/5/6/STATICMESH_46A8778361B442A9523C54440EA1E9D_0DB5412B27AB480F844CC7F0BE5ABAFF_18__39A5CA0BEDF1DE5F95A1B5916CF32B74D9672EE9.udd" 764
"../../../Engine/DerivedDataCache/1/5/2/PHYSX_$7B1F0627AE$2DABEB$2D4206$2D8D78$2DE16BEB5DDC7E$7D_PHYSXPC_0FD6A86F4DC51__F539836E69353350E7082439BD6456BF29E792A5.udd" 765
"../../../../BaseBlank/Content/Graph/Shapes/Shape_Sphere.uasset" 766
"../../../Engine/DerivedDataCache/5/9/7/STATICMESH_46A8778361B442A9523C54440EA1E9D_0DB5412B27AB480F844CC7F0BE5ABAFF_02__C66AE5EBB665397D123F71251D30F343C57157A6.udd" 767
"../../../Engine/DerivedDataCache/3/6/4/PHYSX_$7B1F0627AE$2DABEB$2D4206$2D8D78$2DE16BEB5DDC7E$7D_PHYSXPC_2509884045094__D3B11439D32BF0FF2047E55BAEA1441C75E817A0.udd" 768
"../../../../BaseBlank/Content/Graph/Shapes/Shape_QuadPyramid.uasset" 769
"../../../Engine/DerivedDataCache/3/4/5/STATICMESH_46A8778361B442A9523C54440EA1E9D_0DB5412B27AB480F844CC7F0BE5ABAFF_BD__9744A28717548EFEAB354D7F685C419FB4334EB8.udd" 770
"../../../Engine/DerivedDataCache/3/9/0/PHYSX_$7B1F0627AE$2DABEB$2D4206$2D8D78$2DE16BEB5DDC7E$7D_PHYSXPC_57C9460347BCD__EC0CA6A18997389BDD29E2DDF86F8D8369626442.udd" 771
"../../../../BaseBlank/Content/Graph/Shapes/Shape_Plane.uasset" 772
"../../../Engine/DerivedDataCache/3/8/2/STATICMESH_46A8778361B442A9523C54440EA1E9D_0DB5412B27AB480F844CC7F0BE5ABAFF_4C__BE1758965EECF849A52574F211EDA024387EF7B1.udd" 773
"../../../Engine/DerivedDataCache/0/9/4/PHYSX_$7B1F0627AE$2DABEB$2D4206$2D8D78$2DE16BEB5DDC7E$7D_PHYSXPC_7AD02B5740EE8__B418F30D20B673972D44922D6CC031BD67A69AC7.udd" 774
"../../../../BaseBlank/Content/Graph/Shapes/Shape_Pipe_90.uasset" 775
"../../../Engine/DerivedDataCache/9/3/2/STATICMESH_46A8778361B442A9523C54440EA1E9D_0DB5412B27AB480F844CC7F0BE5ABAFF_5D__00AD2C73393A7DB9DA42BE479222E338D55D3A34.udd" 776
"../../../Engine/DerivedDataCache/9/6/6/PHYSX_$7B1F0627AE$2DABEB$2D4206$2D8D78$2DE16BEB5DDC7E$7D_PHYSXPC_7248C1D141663__8C09242F8F0D8DBEC143F99F2C87255CCF058CFB.udd" 777
"../../../../BaseBlank/Content/Graph/Shapes/Shape_Pipe_180.uasset" 778
"../../../Engine/DerivedDataCache/7/6/6/STATICMESH_46A8778361B442A9523C54440EA1E9D_0DB5412B27AB480F844CC7F0BE5ABAFF_DF__1994E63538432F653AFEBDFF795362164BE64D48.udd" 779
"../../../Engine/DerivedDataCache/7/8/8/PHYSX_$7B1F0627AE$2DABEB$2D4206$2D8D78$2DE16BEB5DDC7E$7D_PHYSXPC_3AE32B304FC99__757C4F3089E6BD5BEF0A82F299B8F8BD7C19B025.udd" 780
"../../../../BaseBlank/Content/Graph/Shapes/Shape_Pipe.uasset" 781
"../../../Engine/DerivedDataCache/5/4/4/STATICMESH_46A8778361B442A9523C54440EA1E9D_0DB5412B27AB480F844CC7F0BE5ABAFF_17__A5DA26C952837A2F7D9C9E6215B2A9267E9AB63B.udd" 782
"../../../Engine/DerivedDataCache/1/9/2/PHYSX_$7B1F0627AE$2DABEB$2D4206$2D8D78$2DE16BEB5DDC7E$7D_PHYSXPC_6190684B4210B__08A9576AB7475AE5FE10601E8CF4E4273B3DBDA6.udd" 783
"../../../../BaseBlank/Content/Graph/Shapes/Shape_NarrowCapsule.uasset" 784
"../../../Engine/DerivedDataCache/5/7/4/STATICMESH_46A8778361B442A9523C54440EA1E9D_0DB5412B27AB480F844CC7F0BE5ABAFF_F9__2EC306178C2DF0AA836BF9BC8F2D54EC9390589A.udd" 785
"../../../Engine/DerivedDataCache/5/1/6/PHYSX_$7B1F0627AE$2DABEB$2D4206$2D8D78$2DE16BEB5DDC7E$7D_PHYSXPC_44C6989149F43__510FF711235D91EDC0E0D3C8405CF921868087E1.udd" 786
"../../../../BaseBlank/Content/Graph/Shapes/Shape_Cylinder.uasset" 787
"../../../Engine/DerivedDataCache/0/2/2/STATICMESH_46A8778361B442A9523C54440EA1E9D_0DB5412B27AB480F844CC7F0BE5ABAFF_F5__EB4BB70AA0EF8B64338E870889E7B6C5C6F3F97F.udd" 788
"../../../Engine/DerivedDataCache/1/4/8/PHYSX_$7B1F0627AE$2DABEB$2D4206$2D8D78$2DE16BEB5DDC7E$7D_PHYSXPC_55B90D644C9F9__A47C0050F004EC81C16518891F5669AD6AFA1AB0.udd" 789
"../../../../BaseBlank/Content/Graph/Shapes/Shape_Cone.uasset" 790
"../../../Engine/DerivedDataCache/3/6/0/STATICMESH_46A8778361B442A9523C54440EA1E9D_0DB5412B27AB480F844CC7F0BE5ABAFF_79__32810364C8C5A1488171DCBB4E71F81171EDE557.udd" 791
"../../../Engine/DerivedDataCache/3/8/8/PHYSX_$7B1F0627AE$2DABEB$2D4206$2D8D78$2DE16BEB5DDC7E$7D_PHYSXPC_DD78B9B346719__C8B86FB5110A29DC7751A922A18F03A3B68FA8A9.udd" 792
"../../../../BaseBlank/Content/Configurations/CFG_FreeModeInfo.uasset" 793
"../../../../BaseBlank/Content/Blueprints/test.uasset" 794
"../../../../BaseBlank/Content/Blueprints/TargetPoint.uasset" 795
"../../../../BaseBlank/Content/Blueprints/SpawnPoint.uasset" 796
"../../../../BaseBlank/Content/Blueprints/PWN_CAMERA.uasset" 797
"../../../../BaseBlank/Content/Blueprints/NPC.uasset" 798
"../../../../BaseBlank/Content/Blueprints/BP_TestPower.uasset" 799
"../../../../BaseBlank/Content/AnimStarterPack/Walk_Rt_Rifle_Ironsights.uasset" 800
"../../../../BaseBlank/Content/AnimStarterPack/Walk_Lt_Rifle_Ironsights.uasset" 801
"../../../../BaseBlank/Content/AnimStarterPack/Walk_Bwd_Rifle_Ironsights.uasset" 802
"../../../../BaseBlank/Content/AnimStarterPack/Stand_To_Prone.uasset" 803
"../../../../BaseBlank/Content/AnimStarterPack/Stand_to_Crouch_Rifle_Ironsights.uasset" 804
"../../../../BaseBlank/Content/AnimStarterPack/Stand_to_Crouch_Rifle_Hip.uasset" 805
"../../../../BaseBlank/Content/AnimStarterPack/Sprint_Fwd_Rifle.uasset" 806
"../../../../BaseBlank/Content/AnimStarterPack/Reload_Shotgun_Ironsights.uasset" 807
"../../../../BaseBlank/Content/AnimStarterPack/Reload_Shotgun_Hip.uasset" 808
"../../../../BaseBlank/Content/AnimStarterPack/Reload_Rifle_Ironsights.uasset" 809
"../../../../BaseBlank/Content/AnimStarterPack/Reload_Pistol.uasset" 810
"../../../../BaseBlank/Content/AnimStarterPack/Prone_To_Stand.uasset" 811
"../../../../BaseBlank/Content/AnimStarterPack/Prone_Reload_Shotgun.uasset" 812
"../../../../BaseBlank/Content/AnimStarterPack/Prone_Reload_Rifle.uasset" 813
"../../../../BaseBlank/Content/AnimStarterPack/Prone_Idle.uasset" 814
"../../../../BaseBlank/Content/AnimStarterPack/Prone_Fire_2.uasset" 815
"../../../../BaseBlank/Content/AnimStarterPack/Prone_Fire_1.uasset" 816
"../../../../BaseBlank/Content/AnimStarterPack/Prone_Death_2.uasset" 817
"../../../../BaseBlank/Content/AnimStarterPack/Prone_Death_1.uasset" 818
"../../../../BaseBlank/Content/AnimStarterPack/Jump_From_Stand_Ironsights.uasset" 819
"../../../../BaseBlank/Content/AnimStarterPack/Idle_Rifle_Ironsights.uasset" 820
"../../../../BaseBlank/Content/AnimStarterPack/Idle_Pistol.uasset" 821
"../../../../BaseBlank/Content/AnimStarterPack/Hit_React_4.uasset" 822
"../../../../BaseBlank/Content/AnimStarterPack/Fire_Shotgun_Ironsights.uasset" 823
"../../../../BaseBlank/Content/AnimStarterPack/Fire_Shotgun_Hip.uasset" 824
"../../../../BaseBlank/Content/AnimStarterPack/Fire_Rifle_Hip.uasset" 825
"../../../../BaseBlank/Content/AnimStarterPack/Equip_Rifle_Standing.uasset" 826
"../../../../BaseBlank/Content/AnimStarterPack/Death_Ironsights_2.uasset" 827
"../../../../BaseBlank/Content/AnimStarterPack/Death_Ironsights_1.uasset" 828
"../../../../BaseBlank/Content/AnimStarterPack/Death_3.uasset" 829
"../../../../BaseBlank/Content/AnimStarterPack/Death_2.uasset" 830
"../../../../BaseBlank/Content/AnimStarterPack/Death_1.uasset" 831
"../../../../BaseBlank/Content/AnimStarterPack/Crouch_Walk_Rt_Rifle_Ironsights.uasset" 832
"../../../../BaseBlank/Content/AnimStarterPack/Crouch_Walk_Lt_Rifle_Ironsights.uasset" 833
"../../../../BaseBlank/Content/AnimStarterPack/Crouch_Walk_Bwd_Rifle_Ironsights.uasset" 834
"../../../../BaseBlank/Content/AnimStarterPack/Crouch_to_Stand_Rifle_Ironsights.uasset" 835
"../../../../BaseBlank/Content/AnimStarterPack/Crouch_to_Stand_Rifle_Hip.uasset" 836
"../../../../BaseBlank/Content/AnimStarterPack/Aim_Space_Ironsights.uasset" 837
"../../../../BaseBlank/Content/AnimStarterPack/Aim_Space_Hip.uasset" 838
