"/Users/Alexo/Documents/Unreal Projects/BaseBlank/BaseBlank.uproject" 1
"../../../Engine/Plugins/2D/Paper2D/Paper2D.uplugin" 2
"../../../Engine/Plugins/Developer/BlankPlugin/BlankPlugin.uplugin" 3
"../../../Engine/Plugins/Developer/PerforceSourceControl/PerforceSourceControl.uplugin" 4
"../../../Engine/Plugins/Developer/SubversionSourceControl/SubversionSourceControl.uplugin" 5
"../../../Engine/Plugins/Developer/UObjectPlugin/UObjectPlugin.uplugin" 6
"../../../Engine/Plugins/Developer/VisualStudioSourceCodeAccess/VisualStudioSourceCodeAccess.uplugin" 7
"../../../Engine/Plugins/Developer/XCodeSourceCodeAccess/XCodeSourceCodeAccess.uplugin" 8
"../../../Engine/Plugins/Editor/EpicSurvey/EpicSurvey.uplugin" 9
"../../../Engine/Plugins/Editor/MacGraphicsSwitching/MacGraphicsSwitching.uplugin" 10
"../../../Engine/Plugins/Editor/PluginsEditor/PluginsEditor.uplugin" 11
"../../../Engine/Plugins/Editor/SpeedTreeImporter/SpeedTreeImporter.uplugin" 12
"../../../Engine/Plugins/Experimental/BlueprintStats/BlueprintStats.uplugin" 13
"../../../Engine/Plugins/Experimental/CharacterAI/CharacterAI.uplugin" 14
"../../../Engine/Plugins/Experimental/CodeView/CodeView.uplugin" 15
"../../../Engine/Plugins/Experimental/LiveEditor/LiveEditor.uplugin" 16
"../../../Engine/Plugins/Experimental/Phya/Phya.uplugin" 17
"../../../Engine/Plugins/Experimental/SteamVR/SteamVR.uplugin" 18
"../../../Engine/Plugins/Media/AvfMedia/AvfMedia.uplugin" 19
"../../../Engine/Plugins/Media/MediaPlayerEditor/MediaPlayerEditor.uplugin" 20
"../../../Engine/Plugins/Media/WmfMedia/WmfMedia.uplugin" 21
"../../../Engine/Plugins/Messaging/MessagingDebugger/MessagingDebugger.uplugin" 22
"../../../Engine/Plugins/Messaging/ShmMessaging/ShmMessaging.uplugin" 23
"../../../Engine/Plugins/Messaging/UdpMessaging/UdpMessaging.uplugin" 24
"../../../Engine/Plugins/Runtime/Advertising/IOSTapJoy/IOSTapJoy.uplugin" 25
"../../../Engine/Plugins/Runtime/Analytics/AnalyticsBlueprintLibrary/AnalyticsBlueprintLibrary.uplugin" 26
"../../../Engine/Plugins/Runtime/Analytics/Apsalar/IOSApsalar/IOSApsalar.uplugin" 27
"../../../Engine/Plugins/Runtime/Analytics/FileLogging/FileLogging.uplugin" 28
"../../../Engine/Plugins/Runtime/AndroidDeviceProfileSelector/AndroidDeviceProfileSelector.uplugin" 29
"../../../Engine/Plugins/Runtime/AppleMoviePlayer/AppleMoviePlayer.uplugin" 30
"../../../Engine/Plugins/Runtime/CableComponent/CableComponent.uplugin" 31
"../../../Engine/Plugins/Runtime/CustomMeshComponent/CustomMeshComponent.uplugin" 32
"../../../Engine/Plugins/Runtime/ExampleDeviceProfileSelector/ExampleDeviceProfileSelector.uplugin" 33
"../../../Engine/Plugins/Runtime/IOSDeviceProfileSelector/IOSDeviceProfileSelector.uplugin" 34
"../../../Engine/Plugins/Runtime/LiveEditorListenServer/LiveEditorListenServer.uplugin" 35
"../../../Engine/Plugins/Runtime/OculusRift/OculusRift.uplugin" 36
"../../../Engine/Plugins/Runtime/SoundMod/SoundMod.uplugin" 37
"../../../Engine/Plugins/Runtime/SoundVisualizations/SoundVisualizations.uplugin" 38
"../../../Engine/Plugins/Runtime/TwitchLiveStreaming/TwitchLiveStreaming.uplugin" 39
"../../../Engine/Plugins/Runtime/WindowsDeviceProfileSelector/WindowsDeviceProfileSelector.uplugin" 40
"../../../Engine/Plugins/Runtime/WindowsMoviePlayer/WindowsMoviePlayer.uplugin" 41
"../../../Engine/Plugins/ScriptGeneratorPlugin/ScriptGeneratorPlugin.uplugin" 42
"../../../Engine/Plugins/ScriptPlugin/ScriptPlugin.uplugin" 43
"../../../Engine/Plugins/Slate/SlateRemote/SlateRemote.uplugin" 44
"../../../Engine/Content/Internationalization/icudt53l/cnvalias.icu" 45
"../../../Engine/Content/Internationalization/icudt53l/en_US_POSIX.res" 46
"../../../Engine/Content/Internationalization/icudt53l/pool.res" 47
"../../../Engine/Content/Internationalization/icudt53l/en_US.res" 48
"../../../Engine/Content/Internationalization/icudt53l/en.res" 49
"../../../Engine/Content/Internationalization/icudt53l/root.res" 50
"../../../Engine/Content/Internationalization/icudt53l/coll/ucadata.icu" 51
"../../../Engine/Content/Internationalization/icudt53l/nfc.nrm" 52
"../../../Engine/Content/Internationalization/icudt53l/coll/en_US_POSIX.res" 53
"../../../Engine/Content/Internationalization/icudt53l/coll/en_US.res" 54
"../../../Engine/Content/Internationalization/icudt53l/coll/en.res" 55
"../../../Engine/Content/Internationalization/icudt53l/coll/root.res" 56
"../../../Engine/Content/Internationalization/icudt53l/numberingSystems.res" 57
"../../../Engine/Content/Internationalization/icudt53l/curr/supplementalData.res" 58
"../../../Engine/Content/Internationalization/icudt53l/curr/pool.res" 59
"../../../Engine/Content/Internationalization/icudt53l/curr/en.res" 60
"../../../Engine/Content/Internationalization/icudt53l/curr/root.res" 61
"../../../Engine/Content/Internationalization/icudt53l/plurals.res" 62
"../../../Engine/Content/Internationalization/icudt53l/zoneinfo64.res" 63
"../../../Engine/Content/Internationalization/icudt53l/keyTypeData.res" 64
"../../../Engine/Content/Internationalization/icudt53l/timezoneTypes.res" 65
"../../../Engine/Content/Internationalization/icudt53l/supplementalData.res" 66
"../../../Engine/Content/Internationalization/icudt53l/likelySubtags.res" 67
"/Users/Alexo/Library/Application Support/Epic/Epic Games/KeyValueStore.ini" 68
"../../../Engine/Config/Base.ini" 69
"../../../Engine/Config/BaseEngine.ini" 70
"../../../../Unreal Projects/BaseBlank/Config/DefaultEngine.ini" 71
"../../../Engine/Config/Mac/MacEngine.ini" 72
"/Users/Alexo/Library/Preferences/Unreal Engine/BaseBlankEditor/Mac/Engine.ini" 73
"/Users/Alexo/Library/Preferences/Unreal Engine/BaseBlankEditor/CleanSourceConfigs/Engine.ini" 74
"../../../Engine/Config/BaseGame.ini" 75
"../../../../Unreal Projects/BaseBlank/Config/DefaultGame.ini" 76
"/Users/Alexo/Library/Preferences/Unreal Engine/BaseBlankEditor/Mac/Game.ini" 77
"/Users/Alexo/Library/Preferences/Unreal Engine/BaseBlankEditor/CleanSourceConfigs/Game.ini" 78
"../../../Engine/Config/BaseInput.ini" 79
"../../../../Unreal Projects/BaseBlank/Config/DefaultInput.ini" 80
"/Users/Alexo/Library/Preferences/Unreal Engine/BaseBlankEditor/Mac/Input.ini" 81
"/Users/Alexo/Library/Preferences/Unreal Engine/BaseBlankEditor/CleanSourceConfigs/Input.ini" 82
"../../../Engine/Config/BaseEditor.ini" 83
"../../../../Unreal Projects/BaseBlank/Config/DefaultEditor.ini" 84
"/Users/Alexo/Library/Preferences/Unreal Engine/BaseBlankEditor/Mac/Editor.ini" 85
"/Users/Alexo/Library/Preferences/Unreal Engine/BaseBlankEditor/CleanSourceConfigs/Editor.ini" 86
"../../../Engine/Config/BaseEditorLayout.ini" 87
"/Users/Alexo/Library/Preferences/Unreal Engine/BaseBlankEditor/Mac/EditorLayout.ini" 88
"/Users/Alexo/Library/Preferences/Unreal Engine/BaseBlankEditor/CleanSourceConfigs/EditorLayout.ini" 89
"../../../Engine/Config/BaseEditorUserSettings.ini" 90
"../../../Engine/Config/Mac/MacEditorUserSettings.ini" 91
"/Users/Alexo/Library/Preferences/Unreal Engine/BaseBlankEditor/Mac/EditorUserSettings.ini" 92
"/Users/Alexo/Library/Preferences/Unreal Engine/BaseBlankEditor/CleanSourceConfigs/EditorUserSettings.ini" 93
"../../../Engine/Config/BaseEditorKeyBindings.ini" 94
"/Users/Alexo/Library/Preferences/Unreal Engine/BaseBlankEditor/Mac/EditorKeyBindings.ini" 95
"/Users/Alexo/Library/Preferences/Unreal Engine/BaseBlankEditor/CleanSourceConfigs/EditorKeyBindings.ini" 96
"../../../Engine/Config/BaseCompat.ini" 97
"/Users/Alexo/Library/Preferences/Unreal Engine/BaseBlankEditor/Mac/Compat.ini" 98
"/Users/Alexo/Library/Preferences/Unreal Engine/BaseBlankEditor/CleanSourceConfigs/Compat.ini" 99
"../../../Engine/Config/BaseLightmass.ini" 100
"/Users/Alexo/Library/Preferences/Unreal Engine/BaseBlankEditor/Mac/Lightmass.ini" 101
"/Users/Alexo/Library/Preferences/Unreal Engine/BaseBlankEditor/CleanSourceConfigs/Lightmass.ini" 102
"../../../Engine/Config/BaseScalability.ini" 103
"/Users/Alexo/Library/Preferences/Unreal Engine/BaseBlankEditor/Mac/Scalability.ini" 104
"/Users/Alexo/Library/Preferences/Unreal Engine/BaseBlankEditor/CleanSourceConfigs/Scalability.ini" 105
"/Users/Alexo/Library/Preferences/Unreal Engine/BaseBlankEditor/Mac/GameUserSettings.ini" 106
"/Users/Alexo/Library/Preferences/Unreal Engine/BaseBlankEditor/CleanSourceConfigs/GameUserSettings.ini" 107
"../../../Engine/Config/BaseDeviceProfiles.ini" 108
"/Users/Alexo/Library/Preferences/Unreal Engine/BaseBlankEditor/Mac/DeviceProfiles.ini" 109
"/Users/Alexo/Library/Preferences/Unreal Engine/BaseBlankEditor/CleanSourceConfigs/DeviceProfiles.ini" 110
"../../../Engine/Config/ConsoleVariables.ini" 111
"../../../Engine/Content/Internationalization/icudt53l/es.res" 112
"../../../Engine/Content/Internationalization/icudt53l/coll/es.res" 113
"../../../Engine/Content/Internationalization/icudt53l/curr/es.res" 114
"../../../Engine/Content/Internationalization/icudt53l/es_ES.res" 115
"../../../Engine/Content/Internationalization/icudt53l/ja.res" 116
"../../../Engine/Content/Internationalization/icudt53l/coll/ja.res" 117
"../../../Engine/Content/Internationalization/icudt53l/curr/ja.res" 118
"../../../Engine/Content/Internationalization/icudt53l/ja_JP.res" 119
"../../../Engine/Content/Internationalization/icudt53l/ko.res" 120
"../../../Engine/Content/Internationalization/icudt53l/coll/ko.res" 121
"../../../Engine/Content/Internationalization/icudt53l/curr/ko.res" 122
"../../../Engine/Content/Internationalization/icudt53l/ko_KR.res" 123
"../../../Engine/Content/Internationalization/icudt53l/pt_BR.res" 124
"../../../Engine/Content/Internationalization/icudt53l/pt.res" 125
"../../../Engine/Content/Internationalization/icudt53l/coll/pt.res" 126
"../../../Engine/Content/Internationalization/icudt53l/curr/pt.res" 127
"../../../Engine/Content/Internationalization/icudt53l/zh_CN.res" 128
"../../../Engine/Content/Internationalization/icudt53l/zh_Hans_CN.res" 129
"../../../Engine/Content/Internationalization/icudt53l/zh_Hans.res" 130
"../../../Engine/Content/Internationalization/icudt53l/zh.res" 131
"../../../Engine/Content/Internationalization/icudt53l/coll/zh_CN.res" 132
"../../../Engine/Content/Internationalization/icudt53l/coll/zh_Hans_CN.res" 133
"../../../Engine/Content/Internationalization/icudt53l/coll/zh_Hans.res" 134
"../../../Engine/Content/Internationalization/icudt53l/coll/zh.res" 135
"../../../Engine/Content/Internationalization/icudt53l/curr/zh_CN.res" 136
"../../../Engine/Content/Internationalization/icudt53l/curr/zh_Hans_CN.res" 137
"../../../Engine/Content/Internationalization/icudt53l/curr/zh_Hans.res" 138
"../../../Engine/Content/Internationalization/icudt53l/curr/zh.res" 139
"/Users/Alexo/Documents/UnrealEngine/Engine/Content/Localization/Editor/en/Editor.locres" 140
"/Users/Alexo/Documents/UnrealEngine/Engine/Content/Localization/EditorTutorials/en/EditorTutorials.locres" 141
"/Users/Alexo/Documents/UnrealEngine/Engine/Content/Localization/Engine/en/Engine.locres" 142
"../../../Engine/Content/Slate/Fonts/Roboto-Regular.ttf" 143
"../../../Engine/Content/Slate/Fonts/Roboto-Bold.ttf" 144
"../../../Engine/Content/Slate/Fonts/Roboto-Light.ttf" 145
"../../../Engine/Content/Slate/Fonts/DroidSansMono.ttf" 146
"/Users/Alexo/Documents/UnrealEngine/Engine/Binaries/Mac/../../../Engine/Shaders/ParticleSpriteVertexFactory.usf" 147
"/Users/Alexo/Documents/UnrealEngine/Engine/Binaries/Mac/../../../Engine/Shaders/VertexFactoryCommon.usf" 148
"/Users/Alexo/Documents/UnrealEngine/Engine/Binaries/Mac/../../../Engine/Shaders/Common.usf" 149
"/Users/Alexo/Documents/UnrealEngine/Engine/Binaries/Mac/../../../Engine/Shaders/ShaderVersion.usf" 150
"/Users/Alexo/Documents/UnrealEngine/Engine/Binaries/Mac/../../../Engine/Shaders/Definitions.usf" 151
"/Users/Alexo/Documents/UnrealEngine/Engine/Binaries/Mac/../../../Engine/Shaders/Random.usf" 152
"/Users/Alexo/Documents/UnrealEngine/Engine/Binaries/Mac/../../../Engine/Shaders/ParticleVertexFactoryCommon.usf" 153
"/Users/Alexo/Documents/UnrealEngine/Engine/Binaries/Mac/../../../Engine/Shaders/ParticleGPUSpriteVertexFactory.usf" 154
"/Users/Alexo/Documents/UnrealEngine/Engine/Binaries/Mac/../../../Engine/Shaders/ParticleBeamTrailVertexFactory.usf" 155
"/Users/Alexo/Documents/UnrealEngine/Engine/Binaries/Mac/../../../Engine/Shaders/VectorFieldVisualizationVertexFactory.usf" 156
"/Users/Alexo/Documents/UnrealEngine/Engine/Binaries/Mac/../../../Engine/Shaders/LocalVertexFactory.usf" 157
"/Users/Alexo/Documents/UnrealEngine/Engine/Binaries/Mac/../../../Engine/Shaders/LocalVertexFactoryCommon.usf" 158
"/Users/Alexo/Documents/UnrealEngine/Engine/Binaries/Mac/../../../Engine/Shaders/MeshParticleVertexFactory.usf" 159
"/Users/Alexo/Documents/UnrealEngine/Engine/Binaries/Mac/../../../Engine/Shaders/GpuSkinVertexFactory.usf" 160
"/Users/Alexo/Documents/UnrealEngine/Engine/Binaries/Mac/../../../Engine/Shaders/GpuSkinCacheCommon.usf" 161
"/Users/Alexo/Documents/UnrealEngine/Engine/Binaries/Mac/../../../Engine/Shaders/LandscapeVertexFactory.usf" 162
"/Users/Alexo/Documents/UnrealEngine/Engine/Binaries/Mac/../../../Engine/Shaders/SlateElementPixelShader.usf" 163
"/Users/Alexo/Documents/UnrealEngine/Engine/Binaries/Mac/../../../Engine/Shaders/MaterialTemplate.usf" 164
"/Users/Alexo/Documents/UnrealEngine/Engine/Binaries/Mac/../../../Engine/Shaders/DepthOfFieldCommon.usf" 165
"/Users/Alexo/Documents/UnrealEngine/Engine/Binaries/Mac/../../../Engine/Shaders/SpeedTreeCommon.usf" 166
"/Users/Alexo/Documents/UnrealEngine/Engine/Binaries/Mac/../../../Engine/Shaders/AtmosphereCommon.usf" 167
"/Users/Alexo/Documents/UnrealEngine/Engine/Binaries/Mac/../../../Engine/Shaders/PostProcessCommon.usf" 168
"/Users/Alexo/Documents/UnrealEngine/Engine/Binaries/Mac/../../../Engine/Shaders/DeferredShadingCommon.usf" 169
"/Users/Alexo/Documents/UnrealEngine/Engine/Binaries/Mac/../../../Engine/Shaders/LightAccumulator.usf" 170
"/Users/Alexo/Documents/UnrealEngine/Engine/Binaries/Mac/../../../Engine/Shaders/SlateVertexShader.usf" 171
"/Users/Alexo/Documents/UnrealEngine/Engine/Binaries/Mac/../../../Engine/Shaders/OneColorShader.usf" 172
"/Users/Alexo/Documents/UnrealEngine/Engine/Binaries/Mac/../../../Engine/Shaders/VisualizeTexture.usf" 173
"/Users/Alexo/Documents/UnrealEngine/Engine/Binaries/Mac/../../../Engine/Shaders/ScreenSpaceReflections.usf" 174
"/Users/Alexo/Documents/UnrealEngine/Engine/Binaries/Mac/../../../Engine/Shaders/BRDF.usf" 175
"/Users/Alexo/Documents/UnrealEngine/Engine/Binaries/Mac/../../../Engine/Shaders/MonteCarlo.usf" 176
"/Users/Alexo/Documents/UnrealEngine/Engine/Binaries/Mac/../../../Engine/Shaders/PostProcessBloom.usf" 177
"/Users/Alexo/Documents/UnrealEngine/Engine/Binaries/Mac/../../../Engine/Shaders/FilterVertexShader.usf" 178
"/Users/Alexo/Documents/UnrealEngine/Engine/Binaries/Mac/../../../Engine/Shaders/FilterPixelShader.usf" 179
"/Users/Alexo/Documents/UnrealEngine/Engine/Binaries/Mac/../../../Engine/Shaders/PostProcessVisualizeHDR.usf" 180
"/Users/Alexo/Documents/UnrealEngine/Engine/Binaries/Mac/../../../Engine/Shaders/PostProcessHistogramCommon.usf" 181
"/Users/Alexo/Documents/UnrealEngine/Engine/Binaries/Mac/../../../Engine/Shaders/TonemapCommon.usf" 182
"/Users/Alexo/Documents/UnrealEngine/Engine/Binaries/Mac/../../../Engine/Shaders/MiniFontCommon.usf" 183
"/Users/Alexo/Documents/UnrealEngine/Engine/Binaries/Mac/../../../Engine/Shaders/PostProcessVisualizeBuffer.usf" 184
"/Users/Alexo/Documents/UnrealEngine/Engine/Binaries/Mac/../../../Engine/Shaders/PostProcessUpscale.usf" 185
"/Users/Alexo/Documents/UnrealEngine/Engine/Binaries/Mac/../../../Engine/Shaders/PostProcessTonemap.usf" 186
"/Users/Alexo/Documents/UnrealEngine/Engine/Binaries/Mac/../../../Engine/Shaders/PostProcessTestImage.usf" 187
"/Users/Alexo/Documents/UnrealEngine/Engine/Binaries/Mac/../../../Engine/Shaders/PostProcessTemporalAA.usf" 188
"/Users/Alexo/Documents/UnrealEngine/Engine/Binaries/Mac/../../../Engine/Shaders/PostProcessTemporalCommon.usf" 189
"/Users/Alexo/Documents/UnrealEngine/Engine/Binaries/Mac/../../../Engine/Shaders/PostProcessSubsurface.usf" 190
"/Users/Alexo/Documents/UnrealEngine/Engine/Binaries/Mac/../../../Engine/Shaders/SeparableSSS.usf" 191
"/Users/Alexo/Documents/UnrealEngine/Engine/Binaries/Mac/../../../Engine/Shaders/PostProcessSelectionOutline.usf" 192
"/Users/Alexo/Documents/UnrealEngine/Engine/Binaries/Mac/../../../Engine/Shaders/PostProcessSceneColorFringe.usf" 193
"/Users/Alexo/Documents/UnrealEngine/Engine/Binaries/Mac/../../../Engine/Shaders/PostProcessNoiseBlur.usf" 194
"/Users/Alexo/Documents/UnrealEngine/Engine/Binaries/Mac/../../../Engine/Shaders/PostProcessMotionBlur.usf" 195
"/Users/Alexo/Documents/UnrealEngine/Engine/Binaries/Mac/../../../Engine/Shaders/PostProcessMobile.usf" 196
"/Users/Alexo/Documents/UnrealEngine/Engine/Binaries/Mac/../../../Engine/Shaders/PostProcessMaterialShaders.usf" 197
"/Users/Alexo/Documents/UnrealEngine/Engine/Binaries/Mac/../../../Engine/Shaders/PostProcessLensFlares.usf" 198
"/Users/Alexo/Documents/UnrealEngine/Engine/Binaries/Mac/../../../Engine/Shaders/PostProcessLensBlur.usf" 199
"/Users/Alexo/Documents/UnrealEngine/Engine/Binaries/Mac/../../../Engine/Shaders/PostProcessHistogramReduce.usf" 200
"/Users/Alexo/Documents/UnrealEngine/Engine/Binaries/Mac/../../../Engine/Shaders/PostProcessHistogram.usf" 201
"/Users/Alexo/Documents/UnrealEngine/Engine/Binaries/Mac/../../../Engine/Shaders/PostProcessHMD.usf" 202
"/Users/Alexo/Documents/UnrealEngine/Engine/Binaries/Mac/../../../Engine/Shaders/PostProcessGBufferHints.usf" 203
"/Users/Alexo/Documents/UnrealEngine/Engine/Binaries/Mac/../../../Engine/Shaders/PostProcessEyeAdaptation.usf" 204
"/Users/Alexo/Documents/UnrealEngine/Engine/Binaries/Mac/../../../Engine/Shaders/PostProcessDownsample.usf" 205
"/Users/Alexo/Documents/UnrealEngine/Engine/Binaries/Mac/../../../Engine/Shaders/PostProcessDOF.usf" 206
"/Users/Alexo/Documents/UnrealEngine/Engine/Binaries/Mac/../../../Engine/Shaders/PostProcessCompositeEditorPrimitives.usf" 207
"/Users/Alexo/Documents/UnrealEngine/Engine/Binaries/Mac/../../../Engine/Shaders/PostProcessCombineLUTs.usf" 208
"/Users/Alexo/Documents/UnrealEngine/Engine/Binaries/Mac/../../../Engine/Shaders/PostProcessBusyWait.usf" 209
"/Users/Alexo/Documents/UnrealEngine/Engine/Binaries/Mac/../../../Engine/Shaders/PostProcessBokehDOF.usf" 210
"/Users/Alexo/Documents/UnrealEngine/Engine/Binaries/Mac/../../../Engine/Shaders/FXAAShader.usf" 211
"/Users/Alexo/Documents/UnrealEngine/Engine/Binaries/Mac/../../../Engine/Shaders/Fxaa3_11.usf" 212
"/Users/Alexo/Documents/UnrealEngine/Engine/Binaries/Mac/../../../Engine/Shaders/PostProcessPassThrough.usf" 213
"/Users/Alexo/Documents/UnrealEngine/Engine/Binaries/Mac/../../../Engine/Shaders/PostProcessLpvIndirect.usf" 214
"/Users/Alexo/Documents/UnrealEngine/Engine/Binaries/Mac/../../../Engine/Shaders/DeferredLightingCommon.usf" 215
"/Users/Alexo/Documents/UnrealEngine/Engine/Binaries/Mac/../../../Engine/Shaders/DynamicLightingCommon.usf" 216
"/Users/Alexo/Documents/UnrealEngine/Engine/Binaries/Mac/../../../Engine/Shaders/IESLightProfilesCommon.usf" 217
"/Users/Alexo/Documents/UnrealEngine/Engine/Binaries/Mac/../../../Engine/Shaders/LPVFinalPass.usf" 218
"/Users/Alexo/Documents/UnrealEngine/Engine/Binaries/Mac/../../../Engine/Shaders/LPVCommon.usf" 219
"/Users/Alexo/Documents/UnrealEngine/Engine/Binaries/Mac/../../../Engine/Shaders/DeferredDecal.usf" 220
"/Users/Alexo/Documents/UnrealEngine/Engine/Binaries/Mac/../../../Engine/Shaders/PostProcessAmbientOcclusion.usf" 221
"/Users/Alexo/Documents/UnrealEngine/Engine/Binaries/Mac/../../../Engine/Shaders/PostProcessAmbient.usf" 222
"/Users/Alexo/Documents/UnrealEngine/Engine/Binaries/Mac/../../../Engine/Shaders/CubemapCommon.usf" 223
"/Users/Alexo/Documents/UnrealEngine/Engine/Binaries/Mac/../../../Engine/Shaders/VelocityShader.usf" 224
"/Users/Alexo/Documents/UnrealEngine/Engine/Binaries/Mac/../../../Engine/Shaders/Tessellation.usf" 225
"/Users/Alexo/Documents/UnrealEngine/Engine/Binaries/Mac/../../../Engine/Shaders/FlatTessellation.usf" 226
"/Users/Alexo/Documents/UnrealEngine/Engine/Binaries/Mac/../../../Engine/Shaders/PNTriangles.usf" 227
"/Users/Alexo/Documents/UnrealEngine/Engine/Binaries/Mac/../../../Engine/Shaders/TranslucentLightingShaders.usf" 228
"/Users/Alexo/Documents/UnrealEngine/Engine/Binaries/Mac/../../../Engine/Shaders/SHCommon.usf" 229
"/Users/Alexo/Documents/UnrealEngine/Engine/Binaries/Mac/../../../Engine/Shaders/ShadowProjectionCommon.usf" 230
"/Users/Alexo/Documents/UnrealEngine/Engine/Binaries/Mac/../../../Engine/Shaders/TranslucentLightInjectionShaders.usf" 231
"/Users/Alexo/Documents/UnrealEngine/Engine/Binaries/Mac/../../../Engine/Shaders/LightFunctionCommon.usf" 232
"/Users/Alexo/Documents/UnrealEngine/Engine/Binaries/Mac/../../../Engine/Shaders/TranslucentShadowDepthShaders.usf" 233
"/Users/Alexo/Documents/UnrealEngine/Engine/Binaries/Mac/../../../Engine/Shaders/ShadowDepthCommon.usf" 234
"/Users/Alexo/Documents/UnrealEngine/Engine/Binaries/Mac/../../../Engine/Shaders/TiledDeferredLightShaders.usf" 235
"/Users/Alexo/Documents/UnrealEngine/Engine/Binaries/Mac/../../../Engine/Shaders/ShadowProjectionPixelShader.usf" 236
"/Users/Alexo/Documents/UnrealEngine/Engine/Binaries/Mac/../../../Engine/Shaders/ShadowFilteringCommon.usf" 237
"/Users/Alexo/Documents/UnrealEngine/Engine/Binaries/Mac/../../../Engine/Shaders/ShadowProjectionVertexShader.usf" 238
"/Users/Alexo/Documents/UnrealEngine/Engine/Binaries/Mac/../../../Engine/Shaders/ShadowDepthPixelShader.usf" 239
"/Users/Alexo/Documents/UnrealEngine/Engine/Binaries/Mac/../../../Engine/Shaders/LPVWriteVplCommon.usf" 240
"/Users/Alexo/Documents/UnrealEngine/Engine/Binaries/Mac/../../../Engine/Shaders/LPVWriteCommon.usf" 241
"/Users/Alexo/Documents/UnrealEngine/Engine/Binaries/Mac/../../../Engine/Shaders/ShadowDepthVertexShader.usf" 242
"/Users/Alexo/Documents/UnrealEngine/Engine/Binaries/Mac/../../../Engine/Shaders/ShaderComplexityApplyPixelShader.usf" 243
"/Users/Alexo/Documents/UnrealEngine/Engine/Binaries/Mac/../../../Engine/Shaders/ShaderComplexityApplyVertexShader.usf" 244
"/Users/Alexo/Documents/UnrealEngine/Engine/Binaries/Mac/../../../Engine/Shaders/ShaderComplexityAccumulatePixelShader.usf" 245
"/Users/Alexo/Documents/UnrealEngine/Engine/Binaries/Mac/../../../Engine/Shaders/HZBOcclusion.usf" 246
"/Users/Alexo/Documents/UnrealEngine/Engine/Binaries/Mac/../../../Engine/Shaders/OcclusionQueryVertexShader.usf" 247
"/Users/Alexo/Documents/UnrealEngine/Engine/Binaries/Mac/../../../Engine/Shaders/HitProxyPixelShader.usf" 248
"/Users/Alexo/Documents/UnrealEngine/Engine/Binaries/Mac/../../../Engine/Shaders/HitProxyVertexShader.usf" 249
"/Users/Alexo/Documents/UnrealEngine/Engine/Binaries/Mac/../../../Engine/Shaders/ReflectionEnvironmentShaders.usf" 250
"/Users/Alexo/Documents/UnrealEngine/Engine/Binaries/Mac/../../../Engine/Shaders/ReflectionEnvironmentShared.usf" 251
"/Users/Alexo/Documents/UnrealEngine/Engine/Binaries/Mac/../../../Engine/Shaders/SkyLightingShared.usf" 252
"/Users/Alexo/Documents/UnrealEngine/Engine/Binaries/Mac/../../../Engine/Shaders/ReflectionEnvironmentComputeShaders.usf" 253
"/Users/Alexo/Documents/UnrealEngine/Engine/Binaries/Mac/../../../Engine/Shaders/LightShaftShader.usf" 254
"/Users/Alexo/Documents/UnrealEngine/Engine/Binaries/Mac/../../../Engine/Shaders/StationaryLightOverlapShaders.usf" 255
"/Users/Alexo/Documents/UnrealEngine/Engine/Binaries/Mac/../../../Engine/Shaders/DeferredLightPixelShaders.usf" 256
"/Users/Alexo/Documents/UnrealEngine/Engine/Binaries/Mac/../../../Engine/Shaders/DeferredLightVertexShaders.usf" 257
"/Users/Alexo/Documents/UnrealEngine/Engine/Binaries/Mac/../../../Engine/Shaders/LPVVisualise.usf" 258
"/Users/Alexo/Documents/UnrealEngine/Engine/Binaries/Mac/../../../Engine/Shaders/LPVGeometryVolumeCommon.usf" 259
"/Users/Alexo/Documents/UnrealEngine/Engine/Binaries/Mac/../../../Engine/Shaders/LPVDirectLightInject.usf" 260
"/Users/Alexo/Documents/UnrealEngine/Engine/Binaries/Mac/../../../Engine/Shaders/LPVPropagate.usf" 261
"/Users/Alexo/Documents/UnrealEngine/Engine/Binaries/Mac/../../../Engine/Shaders/LPVBuildGeometryVolume.usf" 262
"/Users/Alexo/Documents/UnrealEngine/Engine/Binaries/Mac/../../../Engine/Shaders/LPVInject_AccumulateVplLists.usf" 263
"/Users/Alexo/Documents/UnrealEngine/Engine/Binaries/Mac/../../../Engine/Shaders/LPVInject_GenerateVplLists.usf" 264
"/Users/Alexo/Documents/UnrealEngine/Engine/Binaries/Mac/../../../Engine/Shaders/LPVClearLists.usf" 265
"/Users/Alexo/Documents/UnrealEngine/Engine/Binaries/Mac/../../../Engine/Shaders/LPVClear.usf" 266
"/Users/Alexo/Documents/UnrealEngine/Engine/Binaries/Mac/../../../Engine/Shaders/LightMapDensityShader.usf" 267
"/Users/Alexo/Documents/UnrealEngine/Engine/Binaries/Mac/../../../Engine/Shaders/LightFunctionPixelShader.usf" 268
"/Users/Alexo/Documents/UnrealEngine/Engine/Binaries/Mac/../../../Engine/Shaders/LightFunctionVertexShader.usf" 269
"/Users/Alexo/Documents/UnrealEngine/Engine/Binaries/Mac/../../../Engine/Shaders/HdrCustomResolveShaders.usf" 270
"/Users/Alexo/Documents/UnrealEngine/Engine/Binaries/Mac/../../../Engine/Shaders/GammaCorrection.usf" 271
"/Users/Alexo/Documents/UnrealEngine/Engine/Binaries/Mac/../../../Engine/Shaders/GPUBenchmark.usf" 272
"/Users/Alexo/Documents/UnrealEngine/Engine/Binaries/Mac/../../../Engine/Shaders/BasePassForForwardShadingPixelShader.usf" 273
"/Users/Alexo/Documents/UnrealEngine/Engine/Binaries/Mac/../../../Engine/Shaders/BasePassForForwardShadingCommon.usf" 274
"/Users/Alexo/Documents/UnrealEngine/Engine/Binaries/Mac/../../../Engine/Shaders/LightmapCommon.usf" 275
"/Users/Alexo/Documents/UnrealEngine/Engine/Binaries/Mac/../../../Engine/Shaders/BasePassForForwardShadingVertexShader.usf" 276
"/Users/Alexo/Documents/UnrealEngine/Engine/Binaries/Mac/../../../Engine/Shaders/HeightFogCommon.usf" 277
"/Users/Alexo/Documents/UnrealEngine/Engine/Binaries/Mac/../../../Engine/Shaders/HeightFogPixelShader.usf" 278
"/Users/Alexo/Documents/UnrealEngine/Engine/Binaries/Mac/../../../Engine/Shaders/HeightFogVertexShader.usf" 279
"/Users/Alexo/Documents/UnrealEngine/Engine/Binaries/Mac/../../../Engine/Shaders/DistortAccumulatePS.usf" 280
"/Users/Alexo/Documents/UnrealEngine/Engine/Binaries/Mac/../../../Engine/Shaders/DistortAccumulateVS.usf" 281
"/Users/Alexo/Documents/UnrealEngine/Engine/Binaries/Mac/../../../Engine/Shaders/DistortApplyScreenPS.usf" 282
"/Users/Alexo/Documents/UnrealEngine/Engine/Binaries/Mac/../../../Engine/Shaders/SkyLighting.usf" 283
"/Users/Alexo/Documents/UnrealEngine/Engine/Binaries/Mac/../../../Engine/Shaders/DistanceFieldSurfaceCacheLighting.usf" 284
"/Users/Alexo/Documents/UnrealEngine/Engine/Binaries/Mac/../../../Engine/Shaders/DistanceFieldLightingShared.usf" 285
"/Users/Alexo/Documents/UnrealEngine/Engine/Binaries/Mac/../../../Engine/Shaders/DistanceFieldAOShared.usf" 286
"/Users/Alexo/Documents/UnrealEngine/Engine/Binaries/Mac/../../../Engine/Shaders/DistanceFieldSurfaceCacheLightingCompute.usf" 287
"/Users/Alexo/Documents/UnrealEngine/Engine/Binaries/Mac/../../../Engine/Shaders/DistanceFieldShadowing.usf" 288
"/Users/Alexo/Documents/UnrealEngine/Engine/Binaries/Mac/../../../Engine/Shaders/DepthOnlyPixelShader.usf" 289
"/Users/Alexo/Documents/UnrealEngine/Engine/Binaries/Mac/../../../Engine/Shaders/DepthOnlyVertexShader.usf" 290
"/Users/Alexo/Documents/UnrealEngine/Engine/Binaries/Mac/../../../Engine/Shaders/PositionOnlyDepthVertexShader.usf" 291
"/Users/Alexo/Documents/UnrealEngine/Engine/Binaries/Mac/../../../Engine/Shaders/DownsampleDepthPixelShader.usf" 292
"/Users/Alexo/Documents/UnrealEngine/Engine/Binaries/Mac/../../../Engine/Shaders/BasePassPixelShader.usf" 293
"/Users/Alexo/Documents/UnrealEngine/Engine/Binaries/Mac/../../../Engine/Shaders/BasePassCommon.usf" 294
"/Users/Alexo/Documents/UnrealEngine/Engine/Binaries/Mac/../../../Engine/Shaders/BasePassVertexShader.usf" 295
"/Users/Alexo/Documents/UnrealEngine/Engine/Binaries/Mac/../../../Engine/Shaders/BasePassVertexCommon.usf" 296
"/Users/Alexo/Documents/UnrealEngine/Engine/Binaries/Mac/../../../Engine/Shaders/BasePassTessellationShaders.usf" 297
"/Users/Alexo/Documents/UnrealEngine/Engine/Binaries/Mac/../../../Engine/Shaders/AtmospherePrecompute.usf" 298
"/Users/Alexo/Documents/UnrealEngine/Engine/Binaries/Mac/../../../Engine/Shaders/AtmospherePrecomputeCommon.usf" 299
"/Users/Alexo/Documents/UnrealEngine/Engine/Binaries/Mac/../../../Engine/Shaders/AtmospherePrecomputeInscatter.usf" 300
"/Users/Alexo/Documents/UnrealEngine/Engine/Binaries/Mac/../../../Engine/Shaders/AtmosphericFogShader.usf" 301
"/Users/Alexo/Documents/UnrealEngine/Engine/Binaries/Mac/../../../Engine/Shaders/ParticleSortKeyGen.usf" 302
"/Users/Alexo/Documents/UnrealEngine/Engine/Binaries/Mac/../../../Engine/Shaders/ParticleBoundsShader.usf" 303
"/Users/Alexo/Documents/UnrealEngine/Engine/Binaries/Mac/../../../Engine/Shaders/ParticleSimVisualizeShader.usf" 304
"/Users/Alexo/Documents/UnrealEngine/Engine/Binaries/Mac/../../../Engine/Shaders/ParticleInjectionShader.usf" 305
"/Users/Alexo/Documents/UnrealEngine/Engine/Binaries/Mac/../../../Engine/Shaders/ParticleSimulationShader.usf" 306
"/Users/Alexo/Documents/UnrealEngine/Engine/Binaries/Mac/../../../Engine/Shaders/ParticleCurveInjectionShader.usf" 307
"/Users/Alexo/Documents/UnrealEngine/Engine/Binaries/Mac/../../../Engine/Shaders/VectorFieldCompositeShaders.usf" 308
"/Users/Alexo/Documents/UnrealEngine/Engine/Binaries/Mac/../../../Engine/Shaders/UpdateTextureShaders.usf" 309
"/Users/Alexo/Documents/UnrealEngine/Engine/Binaries/Mac/../../../Engine/Shaders/SimpleElementColorChannelMaskPixelShader.usf" 310
"/Users/Alexo/Documents/UnrealEngine/Engine/Binaries/Mac/../../../Engine/Shaders/SimpleElementHitProxyPixelShader.usf" 311
"/Users/Alexo/Documents/UnrealEngine/Engine/Binaries/Mac/../../../Engine/Shaders/SimpleElementPixelShader.usf" 312
"/Users/Alexo/Documents/UnrealEngine/Engine/Binaries/Mac/../../../Engine/Shaders/ColorUtils.usf" 313
"/Users/Alexo/Documents/UnrealEngine/Engine/Binaries/Mac/../../../Engine/Shaders/SimpleElementVertexShader.usf" 314
"/Users/Alexo/Documents/UnrealEngine/Engine/Binaries/Mac/../../../Engine/Shaders/ScreenVertexShader.usf" 315
"/Users/Alexo/Documents/UnrealEngine/Engine/Binaries/Mac/../../../Engine/Shaders/ScreenPixelShader.usf" 316
"/Users/Alexo/Documents/UnrealEngine/Engine/Binaries/Mac/../../../Engine/Shaders/NullPixelShader.usf" 317
"/Users/Alexo/Documents/UnrealEngine/Engine/Binaries/Mac/../../../Engine/Shaders/RadixSortShaders.usf" 318
"/Users/Alexo/Documents/UnrealEngine/Engine/Binaries/Mac/../../../Engine/Shaders/GpuSkinCacheComputeShader.usf" 319
"/Users/Alexo/Documents/UnrealEngine/Engine/Binaries/Mac/../../../Engine/Shaders/ClearReplacementShaders.usf" 320
"/Users/Alexo/Documents/UnrealEngine/Engine/Binaries/Mac/../../../Engine/Shaders/SimpleElementTexture2DPreviewPixelShader.usf" 321
"/Users/Alexo/Documents/UnrealEngine/Engine/Binaries/Mac/../../../Engine/Shaders/SimpleElementNormalMapPixelShader.usf" 322
"/Users/Alexo/Documents/UnrealEngine/Engine/Binaries/Mac/../../../Engine/Shaders/meshpaintdilatepixelshader.usf" 323
"/Users/Alexo/Documents/UnrealEngine/Engine/Binaries/Mac/../../../Engine/Shaders/meshpaintdilatevertexshader.usf" 324
"/Users/Alexo/Documents/UnrealEngine/Engine/Binaries/Mac/../../../Engine/Shaders/MeshPaintPixelShader.usf" 325
"/Users/Alexo/Documents/UnrealEngine/Engine/Binaries/Mac/../../../Engine/Shaders/MeshPaintVertexShader.usf" 326
"../../../Engine/Config/Android/AndroidEngine.ini" 327
"../../../Engine/Config/HTML5/HTML5Engine.ini" 328
"../../../Engine/Config/IOS/IOSEngine.ini" 329
"../../../../Unreal Projects/BaseBlank/DerivedDataCache/Boot.ddc" 330
"../../../Engine/Content/EditorResources/S_Actor.uasset" 331
"../../../Engine/Content/Maps/Templates/Thumbnails/Default.uasset" 332
"../../../Engine/Content/EditorMaterials/ParticleSystems/PSysThumbnail_NoImage.uasset" 333
"../../../Engine/Content/EditorMaterials/ParticleSystems/PSysThumbnail_OOD.uasset" 334
"../../../Engine/Content/EditorLandscapeResources/DataLayer.uasset" 335
"../../../Engine/Content/EngineDamageTypes/DmgTypeBP_Environmental.uasset" 336
"../../../Engine/Content/EngineMeshes/Sphere.uasset" 337
"../../../Engine/Content/EngineFonts/RobotoDistanceField.uasset" 338
"../../../Engine/Content/EngineMaterials/DefaultTextMaterialOpaque.uasset" 339
"../../../Engine/Content/Functions/Engine_MaterialFunctions01/Shading/PowerToRoughness.uasset" 340
"../../../Engine/Content/Functions/Engine_MaterialFunctions01/Shading/ConvertFromDiffSpec.uasset" 341
"../../../Engine/Content/EngineMaterials/WorldGridMaterial.uasset" 342
"../../../Engine/Content/Functions/Engine_MaterialFunctions01/Opacity/CameraDepthFade.uasset" 343
"../../../Engine/Content/EngineMaterials/T_Default_Material_Grid_M.uasset" 344
"../../../Engine/Content/EngineMaterials/T_Default_Material_Grid_N.uasset" 345
"../../../Engine/Content/EngineMaterials/DefaultDeferredDecalMaterial.uasset" 346
"../../../Engine/Content/EngineMaterials/DefaultDiffuse.uasset" 347
"../../../Engine/Content/EngineMaterials/DefaultLightFunctionMaterial.uasset" 348
"../../../Engine/Content/EngineMaterials/DefaultPostProcessMaterial.uasset" 349
"../../../Engine/Content/Functions/Engine_MaterialFunctions02/Utility/BreakOutFloat2Components.uasset" 350
"../../../Engine/Content/EditorResources/S_Trigger.uasset" 351
"../../../Engine/Content/EngineResources/WhiteSquareTexture.uasset" 352
"../../../Engine/Content/EngineResources/GradientTexture0.uasset" 353
"../../../Engine/Content/EngineResources/Black.uasset" 354
"../../../Engine/Content/EditorMaterials/MatineeGroups/MAT_Groups_Float.uasset" 355
"../../../Engine/Content/EditorMaterials/MatineeGroups/MAT_Groups_Director.uasset" 356
"../../../Engine/Content/EditorMaterials/MatineeGroups/MAT_Groups_Event.uasset" 357
"../../../Engine/Content/EditorMaterials/MatineeGroups/MAT_Groups_Anim.uasset" 358
"../../../Engine/Content/EditorMaterials/MatineeGroups/MAT_Groups_Fade.uasset" 359
"../../../Engine/Content/EditorMaterials/MatineeGroups/MAT_Groups_Move.uasset" 360
"../../../Engine/Content/EditorMaterials/MatineeGroups/MAT_Groups_Slomo.uasset" 361
"../../../Engine/Content/EditorMaterials/MatineeGroups/MAT_ColorTrack.uasset" 362
"../../../Engine/Content/EditorMaterials/MAT_Groups_Toggle.uasset" 363
"../../../Engine/Content/EditorMaterials/MatineeGroups/MAT_Groups_AudioMaster.uasset" 364
"../../../Engine/Content/EditorMaterials/MatineeGroups/MAT_Groups_Sound.uasset" 365
"../../../Engine/Content/EditorMaterials/MatineeGroups/MAT_Groups_Vector.uasset" 366
"../../../Engine/Content/EditorMaterials/MAT_Groups_Visibility.uasset" 367
"../../../Engine/Content/EngineResources/DefaultTexture.uasset" 368
"../../../Engine/Content/EngineResources/DefaultTextureCube.uasset" 369
"../../../Engine/Content/EngineSounds/Master.uasset" 370
"../../../Engine/Content/EngineSounds/Music.uasset" 371
"../../../Engine/Content/EngineSounds/SFX.uasset" 372
"../../../Engine/Content/EngineSounds/Normal_Attack.uasset" 373
"../../../Engine/Content/EngineSounds/Special_Attack_PSM.uasset" 374
"../../../Engine/Content/EngineSounds/Duck_Normal_Attack_MixMod.uasset" 375
"../../../Engine/Content/EngineSounds/Voice.uasset" 376
"../../../Engine/Content/EngineMeshes/Cylinder.uasset" 377
"../../../Engine/Content/EngineMaterials/DefaultMaterial.uasset" 378
"../../../Engine/Content/EngineTireTypes/DefaultTireType.uasset" 379
"/Users/Alexo/Library/Preferences/Unreal Engine/BaseBlankEditor/Mac/InternationalizationExport.ini" 380
"/Users/Alexo/Library/Preferences/Unreal Engine/BaseBlankEditor/CleanSourceConfigs/InternationalizationExport.ini" 381
"../../../Engine/Content/Editor/Slate/Fonts/DroidSansMono.ttf" 382
"../../../Engine/Content/Editor/Slate/Fonts/Roboto-BoldCondensed.ttf" 383
"../../../Engine/Content/Editor/Slate/Fonts/Roboto-Black.ttf" 384
"../../../Engine/Content/Editor/Slate/Fonts/Roboto-BoldCondensedItalic.ttf" 385
"../../../Engine/Content/Editor/Slate/Fonts/Roboto-Italic.ttf" 386
"../../../Engine/Content/EngineFonts/Roboto.uasset" 387
"../../../Engine/Content/EngineMaterials/Widget3DPassThrough_Translucent.uasset" 388
"../../../Engine/Content/EngineMaterials/Widget3DPassThrough.uasset" 389
"../../../Engine/Content/EngineMaterials/Widget3DPassThrough_Translucent_OneSided.uasset" 390
"../../../Engine/Content/EngineMaterials/Widget3DPassThrough_Opaque.uasset" 391
"../../../Engine/Content/EngineMaterials/Widget3DPassThrough_Opaque_OneSided.uasset" 392
"/Users/Alexo/Library/Preferences/Unreal Engine/BaseBlankEditor/Mac/TemplateDefs.ini" 393
"/Users/Alexo/Library/Preferences/Unreal Engine/BaseBlankEditor/CleanSourceConfigs/TemplateDefs.ini" 394
"../../../Engine/Plugins/2D/Paper2D/Content/MaskedUnlitSpriteMaterial.uasset" 395
"../../../Engine/Plugins/2D/Paper2D/Content/DefaultSpriteMaterial.uasset" 396
"../../../Engine/Plugins/2D/Paper2D/Content/DummySpriteTexture.uasset" 397
"../../../Engine/Plugins/2D/Paper2D/Content/OpaqueUnlitSpriteMaterial.uasset" 398
"../../../Engine/Plugins/2D/Paper2D/Content/DefaultPaperTerrainMaterial.uasset" 399
"../../../Engine/Plugins/2D/Paper2D/Content/DummySprite.uasset" 400
"../../../../Unreal Projects/BaseBlank/Content/Blueprints/BP_Player_Camera.uasset" 401
"../../../Engine/Saved/Config/Mac/SourceControlSettings.ini" 402
"/Users/Alexo/Library/Preferences/Unreal Engine/BaseBlankEditor/CleanSourceConfigs/SourceControlSettings.ini" 403
"/Users/Alexo/Library/Preferences/Unreal Engine/BaseBlankEditor/Mac/SourceControlSettings.ini" 404
"../../../Engine/Content/EngineMaterials/RemoveSurfaceMaterial.uasset" 405
"../../../Engine/Content/EngineDebugMaterials/DebugMeshMaterial.uasset" 406
"../../../Engine/Content/EngineMaterials/M_InvalidLightmapSettings.uasset" 407
"../../../Engine/Content/EngineMaterials/InvalidLightmapSettings.uasset" 408
"../../../Engine/Content/EditorMaterials/GizmoMaterial.uasset" 409
"../../../Engine/Content/EngineMaterials/Good64x64TilingNoiseHighFreq.uasset" 410
"../../../Engine/Content/EngineMaterials/DefaultBokeh.uasset" 411
"../../../Engine/Content/EngineMaterials/PreintegratedSkinBRDF.uasset" 412
"../../../Engine/Content/EngineMaterials/MiniFont.uasset" 413
"../../../Engine/Content/EngineMaterials/WeightMapPlaceholderTexture.uasset" 414
"../../../Engine/Content/EngineMaterials/DefaultWhiteGrid.uasset" 415
"../../../Engine/Content/EngineMaterials/DefaultPhysicalMaterial.uasset" 416
"../../../Engine/Content/EngineFonts/RobotoTiny.uasset" 417
"../../../../Unreal Projects/BaseBlank/Intermediate/CachedAssetRegistry.bin" 418
"../../../../Unreal Projects/BaseBlank/Content/Scenes/FreeCam.umap" 419
"../../../Engine/DerivedDataCache/7/1/1/GSM_AF1606FCEC114373844D2B6CF9DF71C8_GLSL_150_MAC_2051__BC5N_DEV_SL_NODBUF_VIS__715AAE21288432CA2A0A44D04C4DAF46442DA923.udd" 420
"../../../Engine/Content/MobileResources/HUD/VirtualJoystick_Thumb.uasset" 421
"../../../Engine/DerivedDataCache/0/7/3/TEXTURE_75F87CE100B546AAB8A1C4132AF9DB17_BGRA8_2303080240B4FBC995EC43ABAA9A8C6__96BDAD0D9717FCDB9BF231F1FEB6D3BE6CB76534.udd" 422
"../../../Engine/Content/MobileResources/HUD/VirtualJoystick_Background.uasset" 423
"../../../Engine/DerivedDataCache/3/0/8/TEXTURE_75F87CE100B546AAB8A1C4132AF9DB17_BGRA8_BD2910D742B4B4778E3374B97767851__1D0FE82F762562A0405FC09820B5A3400A58EC34.udd" 424
"../../../Engine/Content/MobileResources/HUD/T_Castle_ThumbstickOutter.uasset" 425
"../../../Engine/DerivedDataCache/7/1/6/TEXTURE_75F87CE100B546AAB8A1C4132AF9DB17_BGRA8_9F5B2DF1453DB1272733529F5E95869__C49B4973D849CC7C1679E8BCE53AD4E771A6DAD0.udd" 426
"../../../Engine/Content/MobileResources/HUD/T_Castle_ThumbstickInner.uasset" 427
"../../../Engine/DerivedDataCache/8/4/7/TEXTURE_75F87CE100B546AAB8A1C4132AF9DB17_BGRA8_A4535AA24BB699361857049E2A844B2__BF8BDC01D36B0A353530F070363E0733A521A9DE.udd" 428
"../../../Engine/Content/MobileResources/HUD/MobileHUDDirectionStick.uasset" 429
"../../../Engine/DerivedDataCache/2/1/4/TEXTURE_75F87CE100B546AAB8A1C4132AF9DB17_AUTODXT_8EDAF7A54E378800FEB2178634331__1C2AFBE8B46D8D3B3F4C0192411CABB7E93642F5.udd" 430
"../../../Engine/Content/MobileResources/HUD/MobileHUDDirectionPad3.uasset" 431
"../../../Engine/DerivedDataCache/4/3/2/TEXTURE_75F87CE100B546AAB8A1C4132AF9DB17_AUTODXT_C9D41DBE4C754F8B430E7DBADCD48__8CDB2C7D4274788CF0BDE12DE9677E857C7E33AA.udd" 432
"../../../Engine/Content/MobileResources/HUD/MobileHUDDirectionPad2.uasset" 433
"../../../Engine/DerivedDataCache/9/0/4/TEXTURE_75F87CE100B546AAB8A1C4132AF9DB17_AUTODXT_F562DDF94D8D885AE92078A9DD770__CB13576B1C71444A2AC70F322150B2012CD746DB.udd" 434
"../../../Engine/Content/MobileResources/HUD/MobileHUDDirectionPad.uasset" 435
"../../../Engine/DerivedDataCache/0/9/5/TEXTURE_75F87CE100B546AAB8A1C4132AF9DB17_AUTODXT_3F3B1DD44FE006226A690596DBDDE__9F3AD830AEC6440C8B3193B054E67314EFD28820.udd" 436
"../../../Engine/Content/MobileResources/HUD/MobileHUDButtonFire.uasset" 437
"../../../Engine/Content/MobileResources/HUD/MobileHUDButton3.uasset" 438
"../../../Engine/Content/MobileResources/HUD/MobileHUDButton2_on.uasset" 439
"../../../Engine/DerivedDataCache/3/5/9/TEXTURE_75F87CE100B546AAB8A1C4132AF9DB17_AUTODXT_C9D41DBE4C754F8B430E7DBADCD48__35E770B90918D04588876222B427BB33D7030245.udd" 440
"../../../Engine/Content/MobileResources/HUD/MobileHUDButton2_off.uasset" 441
"../../../Engine/DerivedDataCache/3/9/6/TEXTURE_75F87CE100B546AAB8A1C4132AF9DB17_AUTODXT_C9D41DBE4C754F8B430E7DBADCD48__F5342F07C6E4303E2DD5A81DE3ACCD6E33DD5571.udd" 442
"../../../Engine/DerivedDataCache/9/0/3/TEXTURE_75F87CE100B546AAB8A1C4132AF9DB17_AUTODXT_3F3B1DD44FE006226A690596DBDDE__B50706C6398BC694AEECFC22C288EB6154DA1CF2.udd" 443
"../../../Engine/DerivedDataCache/4/4/3/TEXTURE_75F87CE100B546AAB8A1C4132AF9DB17_AUTODXT_F562DDF94D8D885AE92078A9DD770__14306DE7AB5E49ACD9FF6B2CBE48AD33B25D6359.udd" 444
"../../../Engine/Content/MobileResources/HUD/MobileHUDButton1_on.uasset" 445
"../../../Engine/Content/MobileResources/HUD/MobileHUDButton1_off.uasset" 446
"../../../Engine/Content/MobileResources/HUD/LeftVirtualJoystickOnly.uasset" 447
"../../../Engine/DerivedDataCache/9/7/3/TEXTURE_75F87CE100B546AAB8A1C4132AF9DB17_AUTODXT_F562DDF94D8D885AE92078A9DD770__61BDE354CD95B37BDEEA43DE91FB97D707B64EDB.udd" 448
"../../../Engine/DerivedDataCache/1/9/0/TEXTURE_75F87CE100B546AAB8A1C4132AF9DB17_AUTODXT_C49FDA8C4EFE04B87EBA5CB5A57D2__2F4FBB3C027F532CCC9B2D3C0B48F88564A6961C.udd" 449
"../../../Engine/DerivedDataCache/2/6/9/TEXTURE_75F87CE100B546AAB8A1C4132AF9DB17_AUTODXT_C200B7694C3FE53EBCE97592F5F41__00E14382D4A040AE743B5156A76325596C9C90DC.udd" 450
"../../../Engine/DerivedDataCache/9/9/3/TEXTURE_75F87CE100B546AAB8A1C4132AF9DB17_AUTODXT_80A9E59646847B4846ED6DAF42DFE__402F92C8B8DED366C0B6D4E193D64599ED15DF14.udd" 451
"../../../Engine/Content/MobileResources/HUD/DefaultVirtualJoysticks.uasset" 452
"../../../Engine/DerivedDataCache/6/6/4/TEXTURE_75F87CE100B546AAB8A1C4132AF9DB17_AUTODXT_D5542AFE4886708885DF42B1BE8F6__A3286FEC76B58EA694B36B251EBC1B55BC891EDE.udd" 453
"../../../Engine/DerivedDataCache/2/6/7/TEXTURE_75F87CE100B546AAB8A1C4132AF9DB17_AUTODXT_7BBBF743419EE004ACC16E9959BCC__BAC988F4B45C21A788C3642FBB3E67C34B0D52C1.udd" 454
"../../../Engine/Content/MobileResources/HUD/AnalogHat.uasset" 455
"../../../Engine/Content/MobileResources/T_MobileMenu2.uasset" 456
"../../../Engine/Content/MobileResources/T_MobileControls_texture.uasset" 457
"../../../Engine/DerivedDataCache/9/6/3/TEXTURE_75F87CE100B546AAB8A1C4132AF9DB17_AUTODXT_80A9E59646847B4846ED6DAF42DFE__6D81EB4AAC7DA2128CC82C73F523583584AF4D29.udd" 458
"../../../Engine/DerivedDataCache/0/3/0/TEXTURE_75F87CE100B546AAB8A1C4132AF9DB17_AUTODXT_5FF2868842E6DED8A4C0CB8217190__9E4925FA8A70B6C7276537C1178678FA0FFA689F.udd" 459
"../../../Engine/DerivedDataCache/2/7/3/TEXTURE_75F87CE100B546AAB8A1C4132AF9DB17_AUTODXT_D5542AFE4886708885DF42B1BE8F6__7D354ED738CB77C435550DFF76DAD631B333B89F.udd" 460
"../../../Engine/DerivedDataCache/3/8/9/TEXTURE_75F87CE100B546AAB8A1C4132AF9DB17_AUTODXT_2E1EE3B14D43A62B84881B8F5AAD2__7C24F214DE11E44A2A296DB34BE001E0B332A2E4.udd" 461
"../../../Engine/DerivedDataCache/1/8/2/TEXTURE_75F87CE100B546AAB8A1C4132AF9DB17_AUTODXT_9F8FBEF84A1997E30FD384955E3D8__34172882E1B5049D9427774AD14190A3EA6C7A2D.udd" 462
"../../../Engine/DerivedDataCache/0/6/5/TEXTURE_75F87CE100B546AAB8A1C4132AF9DB17_AUTODXT_119D9D384F916FB5612DEB85B0124__CB3C93D6A995508198A0694ACBF683ED0EEB966A.udd" 463
"../../../../Unreal Projects/BaseBlank/Content/UI/UI_Free_GameMode.uasset" 464
"../../../Engine/DerivedDataCache/8/1/3/TEXTURE_75F87CE100B546AAB8A1C4132AF9DB17_AUTODXT_119D9D384F916FB5612DEB85B0124__239A89CD24F9F30EDB47CCEA3F883D6FDC695D6B.udd" 465
"../../../Engine/DerivedDataCache/2/4/6/TEXTURE_75F87CE100B546AAB8A1C4132AF9DB17_AUTODXT_9F8FBEF84A1997E30FD384955E3D8__3E63A8FE0800E9E764B2D7F69D2EB6F0D621AE2E.udd" 466
"../../../../Unreal Projects/BaseBlank/Content/Blueprints/BP_GameMode_Free.uasset" 467
"../../../../Unreal Projects/BaseBlank/Content/Blueprints/BP_PlayerController.uasset" 468
"../../../Engine/DerivedDataCache/8/8/5/TEXTURE_75F87CE100B546AAB8A1C4132AF9DB17_AUTODXT_9F8FBEF84A1997E30FD384955E3D8__245208D0A0B00BDC67CE7AB5A065205B2D3B6D77.udd" 469
"../../../Engine/DerivedDataCache/9/1/0/TEXTURE_75F87CE100B546AAB8A1C4132AF9DB17_AUTODXT_119D9D384F916FB5612DEB85B0124__05BDFEAE41DC970CF7A45116AF670C381A940378.udd" 470
"../../../Engine/DerivedDataCache/6/4/6/TEXTURE_75F87CE100B546AAB8A1C4132AF9DB17_AUTODXT_9F8FBEF84A1997E30FD384955E3D8__9911A93DE8F56AE56741BFA50567D011DDD559AF.udd" 471
"../../../../Unreal Projects/BaseBlank/Content/Configurations/CFG_GameMode_Free.uasset" 472
"../../../Engine/DerivedDataCache/7/1/2/TEXTURE_75F87CE100B546AAB8A1C4132AF9DB17_AUTODXT_119D9D384F916FB5612DEB85B0124__4BAF888EDDA82599B220AC1B903E9005D4944EFD.udd" 473
"../../../../Unreal Projects/BaseBlank/Content/Graph/Textures/UI/Population.uasset" 474
"../../../../Unreal Projects/BaseBlank/Content/UI/FNT_Smilage.uasset" 475
"../../../../Unreal Projects/BaseBlank/Content/Graph/Textures/UI/Deaths.uasset" 476
"../../../../Unreal Projects/BaseBlank/Content/Graph/Textures/UI/Souls.uasset" 477
"../../../../Unreal Projects/BaseBlank/Content/Graph/Textures/UI/Close.uasset" 478
"../../../../Unreal Projects/BaseBlank/Content/Graph/Textures/UI/Close_Over.uasset" 479
"../../../../Unreal Projects/BaseBlank/Content/Graph/Textures/UI/Replay.uasset" 480
"../../../../Unreal Projects/BaseBlank/Content/Graph/Textures/UI/Replay_Over.uasset" 481
"../../../Engine/DerivedDataCache/7/9/6/TEXTURE_75F87CE100B546AAB8A1C4132AF9DB17_BGRA8_063228B35F4AF47A49EAA9A9C791EFB__9C5BAAC1BA87C1F4E8708CC4924135384920184B.udd" 482
"../../../Engine/DerivedDataCache/5/7/2/TEXTURE_75F87CE100B546AAB8A1C4132AF9DB17_BGRA8_51E624347E43FCD8E5C73090E51AE26__DCC31DD4A8D7690F10D5F5D50ABD8E39BB2B7B71.udd" 483
"../../../Engine/DerivedDataCache/9/5/5/TEXTURE_75F87CE100B546AAB8A1C4132AF9DB17_BGRA8_B5D365A904424D0586FD3FAB3AD4127__CCF9B56165C0E4778073253AEEBAFDF04E0147E9.udd" 484
"../../../Engine/Content/EngineSky/BP_Sky_Sphere.uasset" 485
"../../../Engine/Content/EditorBlueprintResources/StandardMacros.uasset" 486
"../../../Engine/DerivedDataCache/6/0/0/TEXTURE_75F87CE100B546AAB8A1C4132AF9DB17_BGRA8_2E9D9777D948F5A2552021A3F4B6F7C__31EA2D430FE0487A43D806E35ECC343CA568673D.udd" 487
"../../../Engine/DerivedDataCache/6/4/2/TEXTURE_75F87CE100B546AAB8A1C4132AF9DB17_BGRA8_96814072B94604444A2CE5AC797EB55__639AF9C8FB92CE477329599F7600E14E4DC74F74.udd" 488
"../../../Engine/DerivedDataCache/0/7/3/TEXTURE_75F87CE100B546AAB8A1C4132AF9DB17_BGRA8_AA292E17F740575D329E219B1EE1B56__FD49E7428DC8AC4E1CAEA9A6BB9FF173EB5EE169.udd" 489
"../../../Engine/DerivedDataCache/8/8/5/TEXTURE_75F87CE100B546AAB8A1C4132AF9DB17_BGRA8_4500E685D44C19C595DA139B53BBDB7__F1442BF2B007DF0F7935349CE354009F29CE62A4.udd" 490
"../../../Engine/Content/EngineSky/C_Sky_Cloud_Color.uasset" 491
"../../../Engine/Content/EngineSky/C_Sky_Horizon_Color.uasset" 492
"../../../Engine/Content/EngineSky/C_Sky_Zenith_Color.uasset" 493
"../../../Engine/Content/EngineSky/M_Sky_Panning_Clouds2.uasset" 494
"../../../Engine/Content/EngineSky/T_Sky_Blue.uasset" 495
"../../../Engine/Content/EngineSky/T_Sky_Clouds_M.uasset" 496
"../../../Engine/Content/EngineSky/T_Sky_Stars.uasset" 497
"../../../Engine/Content/EngineSky/SM_SkySphere.uasset" 498
"../../../../Unreal Projects/BaseBlank/Content/Blueprints/BP_NPC.uasset" 499
"../../../../Unreal Projects/BaseBlank/Content/AnimStarterPack/Character/ASP_HeroTPP_AnimBlueprint.uasset" 500
"../../../../Unreal Projects/BaseBlank/Content/AnimStarterPack/Crouch_Idle_Rifle_Hip.uasset" 501
"../../../../Unreal Projects/BaseBlank/Content/AnimStarterPack/Character/HeroTPP_Skeleton.uasset" 502
"../../../../Unreal Projects/BaseBlank/Content/AnimStarterPack/Idle_Rifle_Hip.uasset" 503
"../../../../Unreal Projects/BaseBlank/Content/AnimStarterPack/Jump_From_Jog.uasset" 504
"../../../../Unreal Projects/BaseBlank/Content/AnimStarterPack/Jump_From_Stand.uasset" 505
"../../../../Unreal Projects/BaseBlank/Content/AnimStarterPack/Character/R_CrouchWalk.uasset" 506
"../../../../Unreal Projects/BaseBlank/Content/AnimStarterPack/Crouch_Walk_Bwd_Rifle_Hip.uasset" 507
"../../../../Unreal Projects/BaseBlank/Content/AnimStarterPack/Crouch_Walk_Fwd_Rifle_Hip.uasset" 508
"../../../../Unreal Projects/BaseBlank/Content/AnimStarterPack/Crouch_Walk_Lt_Rifle_Hip.uasset" 509
"../../../../Unreal Projects/BaseBlank/Content/AnimStarterPack/Crouch_Walk_Rt_Rifle_Hip.uasset" 510
"../../../../Unreal Projects/BaseBlank/Content/AnimStarterPack/Character/R_Jog.uasset" 511
"../../../../Unreal Projects/BaseBlank/Content/AnimStarterPack/Jog_Bwd_Rifle.uasset" 512
"../../../../Unreal Projects/BaseBlank/Content/AnimStarterPack/Jog_Fwd_Rifle.uasset" 513
"../../../../Unreal Projects/BaseBlank/Content/AnimStarterPack/Jog_Lt_Rifle.uasset" 514
"../../../../Unreal Projects/BaseBlank/Content/AnimStarterPack/Jog_Rt_Rifle.uasset" 515
"../../../../Unreal Projects/BaseBlank/Content/AnimStarterPack/Character/ASP_Character.uasset" 516
"../../../../Unreal Projects/BaseBlank/Content/AnimStarterPack/Character/HeroTPP.uasset" 517
"../../../Engine/Content/TemplateResources/MI_Template_BaseBlue.uasset" 518
"../../../Engine/Content/TemplateResources/M_Template_Master.uasset" 519
"../../../../Unreal Projects/BaseBlank/Content/AnimStarterPack/Character/HeroTPP_Physics.uasset" 520
"../../../../Unreal Projects/BaseBlank/Content/Blueprints/BP_AIController_NPC.uasset" 521
"../../../../Unreal Projects/BaseBlank/Content/Behaviors/NPC/Controller/BHT_NPCController.uasset" 522
"../../../../Unreal Projects/BaseBlank/Content/Behaviors/NPC/Controller/BLK_NPCController.uasset" 523
"../../../../Unreal Projects/BaseBlank/Content/Blueprints/BP_SpawnPoint.uasset" 524
"../../../../Unreal Projects/BaseBlank/Content/Blueprints/BP_NPC_Base.uasset" 525
"../../../../Unreal Projects/BaseBlank/Content/Behaviors/NPC/Character/BHT_BaseChr.uasset" 526
"../../../../Unreal Projects/BaseBlank/Content/Behaviors/NPC/Character/BLK_BaseChr.uasset" 527
"../../../../Unreal Projects/BaseBlank/Content/Configurations/CFG_Base_Npc.uasset" 528
"../../../../Unreal Projects/BaseBlank/Content/Graph/Materials/MAT_ED_Spawn.uasset" 529
"../../../../Unreal Projects/BaseBlank/Content/Graph/Shapes/Shape_Cube.uasset" 530
"../../../../Unreal Projects/BaseBlank/Content/Blueprints/BP_TargetPoint.uasset" 531
"../../../Engine/Content/MapTemplates/Materials/BasicAsset01.uasset" 532
"../../../Engine/Content/EditorMeshes/EditorCylinder.uasset" 533
"../../../Engine/Content/MapTemplates/SM_Template_Map_Floor.uasset" 534
"../../../Engine/DerivedDataCache/6/4/2/TEXTURE_75F87CE100B546AAB8A1C4132AF9DB17_AUTODXT_448D83D64D92F14E184FE88142360__9B3C66AEF066FEC3BFBD0855153EC0E9181C611D.udd" 535
"../../../Engine/DerivedDataCache/2/4/6/TEXTURE_75F87CE100B546AAB8A1C4132AF9DB17_G8_017E72834BC6A481B9D2E7B57B15158A_0__21EDB2127A6551C9F62FAC6DA55E37E3FF5AE600.udd" 536
"../../../Engine/DerivedDataCache/9/1/2/TEXTURE_75F87CE100B546AAB8A1C4132AF9DB17_AUTODXT_52640BB9425F976C53CF3FA787E7A__3FFD9531D6D79D669914553CA7F93F5F2C2E54AE.udd" 537
"../../../Engine/DerivedDataCache/1/6/4/TEXTURE_75F87CE100B546AAB8A1C4132AF9DB17_G8_017E72834BC6A481B9D2E7B57B15158A_0__3015DD228D68708289532D0EBFB3923ECEDCFFF4.udd" 538
"../../../Engine/DerivedDataCache/8/4/2/TEXTURE_75F87CE100B546AAB8A1C4132AF9DB17_AUTODXT_52640BB9425F976C53CF3FA787E7A__6301A7A4C024DA82A23EA0FACDA73C084C56E910.udd" 539
"../../../Engine/DerivedDataCache/0/9/5/TEXTURE_75F87CE100B546AAB8A1C4132AF9DB17_AUTODXT_448D83D64D92F14E184FE88142360__5D109DB7533A79467E347F27C2325F39A2F05CF1.udd" 540
"../../../Engine/DerivedDataCache/3/5/9/TEXTURE_75F87CE100B546AAB8A1C4132AF9DB17_AUTODXT_52640BB9425F976C53CF3FA787E7A__D460DE19DB58CB899F51F09BB9722FA445D68A9D.udd" 541
"../../../Engine/DerivedDataCache/6/2/5/TEXTURE_75F87CE100B546AAB8A1C4132AF9DB17_AUTODXT_52640BB9425F976C53CF3FA787E7A__ACF065559395A407CE0138CF2AD0B61B2A733795.udd" 542
"../../../Engine/DerivedDataCache/6/6/8/TEXTURE_75F87CE100B546AAB8A1C4132AF9DB17_G8_017E72834BC6A481B9D2E7B57B15158A_0__9991EB337A401F218E450120DC09648FA7FB3E3C.udd" 543
"../../../Engine/DerivedDataCache/7/1/3/TEXTURE_75F87CE100B546AAB8A1C4132AF9DB17_AUTODXT_448D83D64D92F14E184FE88142360__9246B19F5B3874E6DB8B9197167A5E4862AB3284.udd" 544
"../../../Engine/DerivedDataCache/2/3/3/TEXTURE_75F87CE100B546AAB8A1C4132AF9DB17_G8_017E72834BC6A481B9D2E7B57B15158A_0__59AC9AD01D7A304AFF37DACF69D5B034D61CEA66.udd" 545
"../../../Engine/DerivedDataCache/4/1/8/TEXTURE_75F87CE100B546AAB8A1C4132AF9DB17_AUTODXT_448D83D64D92F14E184FE88142360__5A83CD766796B7EE3D42E6BA9EAFC4B453C6B409.udd" 546
"../../../Engine/DerivedDataCache/4/0/9/STATICMESH_46A8778361B442A9523C54440EA1E9D_0DB5412B27AB480F844CC7F0BE5ABAFF_33__9306E39228303A0A7401816BBC78C10D567E596A.udd" 547
"../../../Engine/DerivedDataCache/6/7/3/TEXTURE_75F87CE100B546AAB8A1C4132AF9DB17_G8_017E72834BC6A481B9D2E7B57B15158A_0__56AC3D4554AB00D765D970BCED97BF4C9C796B29.udd" 548
"../../../Engine/DerivedDataCache/3/4/2/TEXTURE_75F87CE100B546AAB8A1C4132AF9DB17_AUTODXT_448D83D64D92F14E184FE88142360__954AB89749AE5E80CC231C4AE032F13B5B04CDC3.udd" 549
"../../../Engine/DerivedDataCache/5/3/2/TEXTURE_75F87CE100B546AAB8A1C4132AF9DB17_G8_017E72834BC6A481B9D2E7B57B15158A_0__DD8867FFB88C20EB07EC9C2B163C8F031165E7DC.udd" 550
"../../../Engine/DerivedDataCache/3/2/1/TEXTURE_75F87CE100B546AAB8A1C4132AF9DB17_AUTODXT_448D83D64D92F14E184FE88142360__1D7E96AF205BFA6E39227FEAE57A06E27FDDEC36.udd" 551
"../../../Engine/DerivedDataCache/0/9/4/TEXTURE_75F87CE100B546AAB8A1C4132AF9DB17_AUTODXT_1A22E0EA9D41AD188072C7975739E__3311FF7A02362DDF512ACA08A8221A270D257AF3.udd" 552
"../../../Engine/DerivedDataCache/3/7/9/TEXTURE_75F87CE100B546AAB8A1C4132AF9DB17_AUTODXT_6689B9207846C885B8C51194A8D27__CBCE6F81FF64DFBB23E71A160D72E97447A1DA20.udd" 553
"../../../Engine/DerivedDataCache/4/2/9/TEXTURE_75F87CE100B546AAB8A1C4132AF9DB17_DXT1_C6D2E38EC44C6FBB1105588FD13AA73A__0C31B39BF6F0F998E39D3D4A62B458F205FFA066.udd" 554
"../../../Engine/DerivedDataCache/3/9/6/MATSM_E2C1E89EE9AE4F3CA7B8E0F2C49B34EB_GLSL_150_MAC_2051__BC5N_DEV_SL_NODBUF6B__089FC49C8B2178B41588E559C3C3F21455191585.udd" 555
"../../../Engine/DerivedDataCache/2/6/6/TEXTURE_75F87CE100B546AAB8A1C4132AF9DB17_DXT1_5C423D23C245DF3030D3D580FADEF211__38AE73E502BD85AB7FCD577EFA931FFAE738EA2F.udd" 556
"../../../Engine/DerivedDataCache/7/4/6/TEXTURE_75F87CE100B546AAB8A1C4132AF9DB17_AUTODXT_1A22E0EA9D41AD188072C7975739E__154288DB7F095BCFF2A70596B92EA396BB924573.udd" 557
"../../../Engine/DerivedDataCache/4/5/9/TEXTURE_75F87CE100B546AAB8A1C4132AF9DB17_DXT1_C6D2E38EC44C6FBB1105588FD13AA73A__A830272921882066E73B1515E0D0F9CCA58B9709.udd" 558
"../../../Engine/DerivedDataCache/1/0/4/TEXTURE_75F87CE100B546AAB8A1C4132AF9DB17_BGRA8_B4730C54B64538B8D9969DA3D99257D__EAE8A8286DDE97C2CB4BF59FF24D14D11DFDD4F9.udd" 559
"../../../Engine/DerivedDataCache/1/5/5/TEXTURE_75F87CE100B546AAB8A1C4132AF9DB17_AUTODXT_1A22E0EA9D41AD188072C7975739E__276F2581C8B7CB2BD06F942D315C6FFF4DDB2D2E.udd" 560
"../../../Engine/DerivedDataCache/4/0/3/TEXTURE_75F87CE100B546AAB8A1C4132AF9DB17_DXT1_C6D2E38EC44C6FBB1105588FD13AA73A__5E1E9EBCA94F72DF6151C205C1977E7F7DFED083.udd" 561
"../../../Engine/DerivedDataCache/4/9/4/TEXTURE_75F87CE100B546AAB8A1C4132AF9DB17_BGRA8_51290DB8194E6F5C93638B91B2A39B8__B05D040AC3C4BAA00129C1BE8A10720A6496A501.udd" 562
"../../../Engine/DerivedDataCache/4/2/8/TEXTURE_75F87CE100B546AAB8A1C4132AF9DB17_BGRA8_B4730C54B64538B8D9969DA3D99257D__99C5AC678EFFAD01BA72A944D3DB14894F84DA3D.udd" 563
"../../../Engine/DerivedDataCache/7/6/8/TEXTURE_75F87CE100B546AAB8A1C4132AF9DB17_BGRA8_B4730C54B64538B8D9969DA3D99257D__750B4957E5240404BC8B7FD0DC4447445EADA354.udd" 564
"../../../Engine/DerivedDataCache/4/7/4/MATSM_E2C1E89EE9AE4F3CA7B8E0F2C49B34EB_GLSL_150_MAC_2051__BC5N_DEV_SL_NODBUF58__D71B30A5ED7361643BDD33E4C93241E5A6206420.udd" 565
"../../../Engine/DerivedDataCache/3/8/2/MATSM_E2C1E89EE9AE4F3CA7B8E0F2C49B34EB_GLSL_150_MAC_2051__BC5N_DEV_SL_NODBUFC5__5DD38C42F68D374ADD36A609DDBD6B9F1525AEE5.udd" 566
"../../../Engine/DerivedDataCache/1/0/6/STATICMESH_46A8778361B442A9523C54440EA1E9D_0DB5412B27AB480F844CC7F0BE5ABAFF_E3__F7ED03AA45D40C3452E77C9B758E7C00F16FB0E6.udd" 567
"../../../Engine/DerivedDataCache/6/3/2/PHYSX_$7B1F0627AE$2DABEB$2D4206$2D8D78$2DE16BEB5DDC7E$7D_PHYSXPC_3F90F2324F91E__3118112774042858A614390023C3388409581267.udd" 568
"../../../Engine/DerivedDataCache/8/3/1/MATSM_E2C1E89EE9AE4F3CA7B8E0F2C49B34EB_GLSL_150_MAC_2051__BC5N_DEV_SL_NODBUFDA__91B693DAC8AE08D55061C6ECF4896FEA137C3763.udd" 569
"../../../Engine/DerivedDataCache/6/8/6/STATICMESH_46A8778361B442A9523C54440EA1E9D_0DB5412B27AB480F844CC7F0BE5ABAFF_4A__B310BF63E511295071814A3756F82DD0B3BC45E6.udd" 570
"../../../Engine/DerivedDataCache/8/6/9/PHYSX_$7B1F0627AE$2DABEB$2D4206$2D8D78$2DE16BEB5DDC7E$7D_PHYSXPC_B40300C148ACE__14B10FB5E4DA57B7F00471B4A734A8E7AC0440AC.udd" 571
"../../../Engine/DerivedDataCache/8/0/9/STATICMESH_46A8778361B442A9523C54440EA1E9D_0DB5412B27AB480F844CC7F0BE5ABAFF_68__6845FC3D669B5901249F5EB1AF94E109A787316C.udd" 572
"../../../Engine/DerivedDataCache/1/8/1/PHYSX_$7B1F0627AE$2DABEB$2D4206$2D8D78$2DE16BEB5DDC7E$7D_PHYSXPC_E640A4FE4A758__0BCF4B98001319AA6195455DFFE593ACC648F7DC.udd" 573
"../../../Engine/DerivedDataCache/8/7/6/PHYSX_$7B1F0627AE$2DABEB$2D4206$2D8D78$2DE16BEB5DDC7E$7D_PHYSXPC_3629543FD947466D1E3EB1950E078D82__1_0_13073_0.udd" 574
"../../../Engine/DerivedDataCache/8/3/8/PHYSX_$7B1F0627AE$2DABEB$2D4206$2D8D78$2DE16BEB5DDC7E$7D_PHYSXPC_823F8A65CA474DBA69D6039D02D15A59__1_0_13073_0.udd" 575
"../../../Engine/DerivedDataCache/2/0/0/PHYSX_$7B1F0627AE$2DABEB$2D4206$2D8D78$2DE16BEB5DDC7E$7D_PHYSXPC_603403836341A73C8F7EFEAB3521E8C1__1_0_13073_0.udd" 576
"../../../Engine/DerivedDataCache/6/5/5/PHYSX_$7B1F0627AE$2DABEB$2D4206$2D8D78$2DE16BEB5DDC7E$7D_PHYSXPC_8749673890420276C8E7E389C77BCBF7__1_0_13073_0.udd" 577
"../../../Engine/DerivedDataCache/1/0/6/PHYSX_$7B1F0627AE$2DABEB$2D4206$2D8D78$2DE16BEB5DDC7E$7D_PHYSXPC_5B317765484284081FE8D8AC89C1D956__1_0_13073_0.udd" 578
"../../../../Unreal Projects/BaseBlank/Saved/Autosaves/Game/Scenes/UEDPCFreeCam.umap" 579
